"../../../Engine/Content/EditorResources/S_Actor.uasset" 0
"../../../Engine/Content/EngineResources/AICON-Red.uasset" 1
"../../../Engine/Content/EngineResources/AICON-Green.uasset" 2
"../../../Engine/Content/EngineFonts/Roboto.uasset" 3
"../../../Engine/Content/Functions/Engine_MaterialFunctions01/Shading/PowerToRoughness.uasset" 4
"../../../Engine/Content/Functions/Engine_MaterialFunctions01/Shading/ConvertFromDiffSpec.uasset" 5
"../../../Engine/Content/EngineMaterials/DefaultDiffuse.uasset" 6
"../../../Engine/Content/EngineMaterials/DefaultDeferredDecalMaterial.uasset" 7
"../../../Engine/Content/EngineMaterials/DefaultLightFunctionMaterial.uasset" 8
"../../../Engine/Content/Functions/Engine_MaterialFunctions02/Utility/BreakOutFloat2Components.uasset" 9
"../../../Engine/Content/EngineMaterials/DefaultPostProcessMaterial.uasset" 10
"../../../Engine/Content/EngineResources/DefaultTexture.uasset" 11
"../../../Engine/Content/Functions/Engine_MaterialFunctions01/Texturing/ScaleUVsByCenter.uasset" 12
"../../../Engine/Content/Functions/Engine_MaterialFunctions02/ScreenResolution.uasset" 13
"../../../Engine/Content/Functions/Engine_MaterialFunctions02/Texturing/ScreenAlignedUVs.uasset" 14
"../../../Engine/Content/EngineResources/WhiteSquareTexture.uasset" 15
"../../../Engine/Content/EngineMaterials/Widget3DPassThrough.uasset" 16
"../../../Engine/Content/EngineMaterials/Widget3DPassThrough_Translucent.uasset" 17
"../../../Engine/Content/EngineMaterials/Widget3DPassThrough_Translucent_OneSided.uasset" 18
"../../../Engine/Content/EngineMaterials/Widget3DPassThrough_Opaque.uasset" 19
"../../../Engine/Content/EngineMaterials/Widget3DPassThrough_Opaque_OneSided.uasset" 20
"../../../Engine/Content/EngineMaterials/Widget3DPassThrough_Masked.uasset" 21
"../../../Engine/Content/EngineMaterials/Widget3DPassThrough_Masked_OneSided.uasset" 22
"../../../Engine/Content/Maps/Templates/Thumbnails/Default.uasset" 23
"../../../Engine/Content/Maps/Templates/Thumbnails/VR-Basic.uasset" 24
"../../../Engine/Content/EditorMaterials/ParticleSystems/PSysThumbnail_NoImage.uasset" 25
"../../../Engine/Content/EditorMaterials/ParticleSystems/PSysThumbnail_OOD.uasset" 26
"../../../Engine/Content/EditorLandscapeResources/DataLayer.uasset" 27
"../../../Engine/Content/EngineDamageTypes/DmgTypeBP_Environmental.uasset" 28
"../../../Engine/Content/EngineMeshes/Sphere.uasset" 29
"../../../Engine/Content/EngineFonts/RobotoDistanceField.uasset" 30
"../../../Engine/Content/EngineMaterials/DefaultTextMaterialOpaque.uasset" 31
"../../../Engine/Content/EditorResources/S_Trigger.uasset" 32
"../../../Engine/Content/EngineResources/GradientTexture0.uasset" 33
"../../../Engine/Content/EngineResources/Black.uasset" 34
"../../../Engine/Content/EditorMaterials/MatineeGroups/MAT_Groups_Float.uasset" 35
"../../../Engine/Content/EditorMaterials/MatineeGroups/MAT_Groups_Director.uasset" 36
"../../../Engine/Content/EditorMaterials/MatineeGroups/MAT_Groups_Event.uasset" 37
"../../../Engine/Content/EditorMaterials/MatineeGroups/MAT_Groups_Anim.uasset" 38
"../../../Engine/Content/EditorMaterials/MatineeGroups/MAT_Groups_Fade.uasset" 39
"../../../Engine/Content/EditorMaterials/MatineeGroups/MAT_Groups_Move.uasset" 40
"../../../Engine/Content/EditorMaterials/MatineeGroups/MAT_Groups_Slomo.uasset" 41
"../../../Engine/Content/EditorMaterials/MatineeGroups/MAT_ColorTrack.uasset" 42
"../../../Engine/Content/EditorMaterials/MAT_Groups_Toggle.uasset" 43
"../../../Engine/Content/EditorMaterials/MatineeGroups/MAT_Groups_AudioMaster.uasset" 44
"../../../Engine/Content/EditorMaterials/MatineeGroups/MAT_Groups_Sound.uasset" 45
"../../../Engine/Content/EditorMaterials/MatineeGroups/MAT_Groups_Vector.uasset" 46
"../../../Engine/Content/EditorMaterials/MAT_Groups_Visibility.uasset" 47
"../../../Engine/Content/EngineResources/DefaultTextureCube.uasset" 48
"../../../Engine/Content/Functions/Engine_MaterialFunctions01/Opacity/CameraDepthFade.uasset" 49
"../../../Engine/Content/EngineMaterials/T_Default_Material_Grid_M.uasset" 50
"../../../Engine/Content/EngineMaterials/T_Default_Material_Grid_N.uasset" 51
"../../../Engine/Content/EngineMaterials/DefaultMaterial.uasset" 52
"../../../Engine/Content/EngineMeshes/Cylinder.uasset" 53
"../../../Engine/Content/EngineTireTypes/DefaultTireType.uasset" 54
"../../../Engine/Content/EditorMaterials/Camera/CineMat.uasset" 55
"../../../Engine/Content/EditorMaterials/Camera/MI_CineMat_Rig.uasset" 56
"../../../Engine/Content/EditorMeshes/Camera/SM_CraneRig_Base.uasset" 57
"../../../Engine/Content/EditorMeshes/Camera/SM_CraneRig_Arm.uasset" 58
"../../../Engine/Content/EditorMeshes/Camera/SM_CraneRig_Mount.uasset" 59
"../../../Engine/Content/EditorMeshes/Camera/SM_CraneRig_Body.uasset" 60
"../../../Engine/Content/EditorMeshes/Camera/SM_RailRig_Track.uasset" 61
"../../../Engine/Content/EditorMeshes/Camera/SM_RailRig_Mount.uasset" 62
"../../../Engine/Content/VREditor/LaserPointer/VR_LaserPower_01.uasset" 63
"../../../Engine/Content/VREditor/TransformGizmo/TransformGizmoMaterial.uasset" 64
"../../../Engine/Content/VREditor/TransformGizmo/TranslucentTransformGizmoMaterial.uasset" 65
"../../../Engine/Content/VREditor/TransformGizmo/TranslationHandle.uasset" 66
"../../../Engine/Content/VREditor/TransformGizmo/PlaneTranslationHandle.uasset" 67
"../../../Engine/Content/VREditor/TransformGizmo/RotationHandle.uasset" 68
"../../../Engine/Content/VREditor/TransformGizmo/StretchingHandle.uasset" 69
"../../../Engine/Content/VREditor/TransformGizmo/BoundingBoxCorner.uasset" 70
"../../../Engine/Content/VREditor/TransformGizmo/BoundingBoxEdge.uasset" 71
"../../../Engine/Content/VREditor/TransformGizmo/UniformScaleHandle.uasset" 72
"../../../Engine/Content/VREditor/FloatingText/LineMaterial.uasset" 73
"../../../Engine/Content/VREditor/FloatingText/LineSegmentCylinder.uasset" 74
"../../../Engine/Content/VREditor/FloatingText/JointSphere.uasset" 75
"../../../Engine/Content/VREditor/Fonts/VRText_RobotoLarge.uasset" 76
"../../../Engine/Content/VREditor/Fonts/VRTextMaterial.uasset" 77
"../../../Engine/Content/VREditor/Fonts/TranslucentVRTextMaterial.uasset" 78
"../../../Engine/Content/VREditor/UI/SelectionBarMesh.uasset" 79
"../../../Engine/Content/VREditor/UI/CloseButtonMesh.uasset" 80
"../../../Engine/Content/Tutorial/BlueprintTutorials/TutorialAssets/Blueprint_64x.uasset" 81
"../../../Engine/Content/Tutorial/ContentIntroCurve.uasset" 82
"../../../Engine/Plugins/2D/Paper2D/Content/PlaceholderTextures/DummySpriteTexture.uasset" 83
"../../../Engine/Plugins/2D/Paper2D/Content/DefaultSpriteMaterial.uasset" 84
"../../../Engine/Plugins/2D/Paper2D/Content/MaskedUnlitSpriteMaterial.uasset" 85
"../../../Engine/Plugins/2D/Paper2D/Content/OpaqueUnlitSpriteMaterial.uasset" 86
"../../../Engine/Plugins/2D/Paper2D/Content/DummySprite.uasset" 87
"../../../Engine/Plugins/2D/Paper2D/Content/DefaultPaperTerrainMaterial.uasset" 88
"../../../Engine/Content/EngineMaterials/RemoveSurfaceMaterial.uasset" 89
"../../../Engine/Content/EngineDebugMaterials/DebugMeshMaterial.uasset" 90
"../../../Engine/Content/EngineMaterials/InvalidLightmapSettings.uasset" 91
"../../../Engine/Content/EngineMaterials/M_InvalidLightmapSettings.uasset" 92
"../../../Engine/Content/EditorMaterials/GizmoMaterial.uasset" 93
"../../../Engine/Content/EngineMaterials/Good64x64TilingNoiseHighFreq.uasset" 94
"../../../Engine/Content/EngineMaterials/DefaultBokeh.uasset" 95
"../../../Engine/Content/EngineMaterials/PreintegratedSkinBRDF.uasset" 96
"../../../Engine/Content/EngineMaterials/MiniFont.uasset" 97
"../../../Engine/Content/EngineMaterials/WeightMapPlaceholderTexture.uasset" 98
"../../../Engine/Content/EngineMaterials/DefaultWhiteGrid.uasset" 99
"../../../Engine/Content/EngineMaterials/DefaultPhysicalMaterial.uasset" 100
"../../../Engine/Content/EngineFonts/RobotoTiny.uasset" 101
"../../../Engine/Content/EditorSounds/Notifications/CompileSuccess.uasset" 102
"../../../Engine/Content/EditorSounds/Notifications/CompileStart_Cue.uasset" 103
"../../../Engine/Content/EditorSounds/Notifications/CompileSuccess_Cue.uasset" 104
"../../../Engine/Content/EditorSounds/Notifications/CompileFailed.uasset" 105
"../../../Engine/Content/EditorSounds/Notifications/CompileFailed_Cue.uasset" 106
"../../../Engine/Content/EditorResources/LightIcons/S_LightError.uasset" 107
"../../../SoulStriker/Content/ThirdPersonBP/Blueprints/ThirdPersonGameMode.uasset" 108
"../../../Engine/Content/EditorResources/AudioIcons/S_AudioComponent.uasset" 109
"../../../SoulStriker/Content/StarterContent/Materials/M_Basic_Wall.uasset" 110
"../../../SoulStriker/Content/StarterContent/Shapes/Shape_Wedge_B.uasset" 111
"../../../SoulStriker/Content/StarterContent/Shapes/Shape_WideCapsule.uasset" 112
"../../../Engine/Content/MobileResources/T_MobileMenu2.uasset" 113
"../../../SoulStriker/Content/StarterContent/Shapes/Shape_Wedge_A.uasset" 114
"../../../SoulStriker/Content/customMaterials/brick_texture_1_Mat.uasset" 115
"../../../Engine/Content/MobileResources/HUD/MobileHUDButton1_off.uasset" 116
"../../../SoulStriker/Content/customArt/props/initialShadingGroup.uasset" 117
"../../../SoulStriker/Content/customArt/props/lambert2SG.uasset" 118
"../../../SoulStriker/Content/customArt/props/door_left.uasset" 119
"../../../SoulStriker/Content/customArt/props/door_right.uasset" 120
"../../../Engine/Content/MobileResources/HUD/MobileHUDButton1_on.uasset" 121
"../../../SoulStriker/Content/customArt/props/bonesword_Skeleton.uasset" 122
"../../../SoulStriker/Content/customArt/props/bonesword_Anim.uasset" 123
"../../../SoulStriker/Content/customArt/props/bonesword_RoadKillOut_Skeleton.uasset" 124
"../../../SoulStriker/Content/customArt/props/logo.uasset" 125
"../../../SoulStriker/Content/customArt/props/logo_Mat.uasset" 126
"../../../SoulStriker/Content/customMaterials/floor_redo_baked_maps_heights.uasset" 127
"../../../SoulStriker/Content/Geometry/Meshes/lambert3.uasset" 128
"../../../SoulStriker/Content/Geometry/Meshes/turret_top.uasset" 129
"../../../SoulStriker/Content/Mannequin/Character/Mesh/UE4_Mannequin_Skeleton.uasset" 130
"../../../SoulStriker/Content/Mannequin/Animations/ThirdPersonJump_End.uasset" 131
"../../../Engine/Content/MobileResources/HUD/MobileHUDButton2_on.uasset" 132
"../../../SoulStriker/Content/customArt/props/barrel.uasset" 133
"../../../Engine/Content/MobileResources/HUD/MobileHUDButton3.uasset" 134
"../../../SoulStriker/Content/customMaterials/floor_redo_baked_maps_normals.uasset" 135
"../../../SoulStriker/Content/customMaterials/floor_revised.uasset" 136
"../../../SoulStriker/Content/customMaterials/floor_revised_2.uasset" 137
"../../../SoulStriker/Content/customMaterials/magic_circle_M.uasset" 138
"../../../SoulStriker/Content/customMaterials/floor_redo_baked_maps_cavity.uasset" 139
"../../../Engine/Content/MobileResources/HUD/MobileHUDButtonFire.uasset" 140
"../../../Engine/Content/EditorResources/AudioIcons/S_AudioComponent_AutoActivate.uasset" 141
"../../../Engine/Content/EditorResources/EmptyActor.uasset" 142
"../../../Engine/Content/MobileResources/HUD/MobileHUDButton2_off.uasset" 143
"../../../SoulStriker/Content/customMaterials/floor_redo_baked_maps_occlusion.uasset" 144
"../../../Engine/Content/MobileResources/HUD/MobileHUDDirectionPad.uasset" 145
"../../../SoulStriker/Content/bluePrints/Animations/animation_shit/paladin_idle_anim3_Skeleton.uasset" 146
"../../../Engine/Content/MobileResources/T_MobileControls_texture.uasset" 147
"../../../Engine/Content/EditorMaterials/PhAT_JointLimitMaterial.uasset" 148
"../../../Engine/Content/EditorMaterials/PreviewShadowIndicator.uasset" 149
"../../../Engine/Content/EditorMaterials/PreviewShadowIndicatorMaterial.uasset" 150
"../../../Engine/Content/EditorResources/BSPVertex.uasset" 151
"../../../Engine/Content/EngineDebugMaterials/HeatmapGradient.uasset" 152
"../../../Engine/Content/EngineDebugMaterials/BoneWeightMaterial.uasset" 153
"../../../Engine/Content/EngineDebugMaterials/GeomMaterial.uasset" 154
"../../../Engine/Content/EngineMaterials/EditorBrushMaterial.uasset" 155
"../../../Engine/Content/EngineMeshes/Cube.uasset" 156
"../../../Engine/Content/MobileResources/HUD/AnalogHat.uasset" 157
"../../../Engine/Content/MobileResources/HUD/VirtualJoystick_Background.uasset" 158
"../../../Engine/Content/MobileResources/HUD/VirtualJoystick_Thumb.uasset" 159
"../../../Engine/Content/MobileResources/HUD/DefaultVirtualJoysticks.uasset" 160
"../../../Engine/Content/MobileResources/HUD/LeftVirtualJoystickOnly.uasset" 161
"../../../Engine/Content/MobileResources/HUD/MobileHUDDirectionPad2.uasset" 162
"../../../Engine/Content/MobileResources/HUD/MobileHUDDirectionPad3.uasset" 163
"../../../Engine/Content/MobileResources/HUD/MobileHUDDirectionStick.uasset" 164
"../../../Engine/Content/MobileResources/HUD/T_Castle_ThumbstickInner.uasset" 165
"../../../Engine/Content/MobileResources/HUD/T_Castle_ThumbstickOutter.uasset" 166
"../../../Engine/Content/Tutorial/Basics/TutorialAssets/icon_tab_Levels_40x.uasset" 167
"../../../Engine/Content/Tutorial/BlueprintTutorials/TutorialAssets/BlueprintInterface_64x.uasset" 168
"../../../Engine/Content/Tutorial/BlueprintTutorials/TutorialAssets/BlueprintMacroLibrary_64x.uasset" 169
"../../../Engine/Content/Tutorial/BlueprintTutorials/TutorialAssets/Tutorial_BP_Interface.uasset" 170
"../../../Engine/Content/Tutorial/Foliage/TutorialAssets/Foliage.uasset" 171
"../../../Engine/Content/Tutorial/Landscape/TutorialAssets/Landscape.uasset" 172
"../../../Engine/Content/Tutorial/Paper2D/TutorialAssets/Paper2DFlipbook_TutorialIcon.uasset" 173
"../../../Engine/Content/Tutorial/Paper2D/TutorialAssets/Paper2DSprite_TutorialIcon.uasset" 174
"../../../Engine/Content/Tutorial/SubEditors/TutorialAssets/icon_Editor_Preferences_General_40x.uasset" 175
"../../../Engine/Content/Tutorial/SubEditors/TutorialAssets/icon_ShowSkeletalMeshes_40x.uasset" 176
"../../../Engine/Content/Tutorial/SubEditors/TutorialAssets/TutorialMaterial.uasset" 177
"../../../Engine/Content/Tutorial/SubEditors/TutorialAssets/T_SmokeSubUV_8X8.uasset" 178
"../../../Engine/Content/Tutorial/SubEditors/TutorialAssets/T_soft_smoke.uasset" 179
"../../../Engine/Content/Tutorial/SubEditors/TutorialAssets/M_smoke_subUV_blackbody.uasset" 180
"../../../Engine/Content/Tutorial/SubEditors/TutorialAssets/TutorialParticleSystem.uasset" 181
"../../../Engine/Content/EngineMaterials/WorldGridMaterial.uasset" 182
"../../../Engine/Content/EditorMeshes/EditorCube.uasset" 183
"../../../Engine/Content/Tutorial/SubEditors/TutorialAssets/Tutorial_DM.uasset" 184
"../../../SoulStriker/Content/bluePrints/Animations/paladin_idle_Skeleton.uasset" 185
"../../../SoulStriker/Content/bluePrints/Animations/paladin_block_begin.uasset" 186
"../../../SoulStriker/Content/bluePrints/Animations/paladin_block_end.uasset" 187
"../../../SoulStriker/Content/bluePrints/Animations/paladin_block_loop.uasset" 188
"../../../SoulStriker/Content/bluePrints/Animations/Block_Montage.uasset" 189
"../../../SoulStriker/Content/bluePrints/Animations/animation_shit/paladin_idle_anim3_Anim.uasset" 190
"../../../SoulStriker/Content/bluePrints/Animations/animation_shit/paladin_run_test_Anim.uasset" 191
"../../../SoulStriker/Content/bluePrints/Animations/animation_shit/idletowalk.uasset" 192
"../../../Engine/Content/EditorBlueprintResources/StandardMacros.uasset" 193
"../../../SoulStriker/Content/bluePrints/Animations/animation_shit/Paladin.uasset" 194
"../../../SoulStriker/Content/Mannequin/Animations/ThirdPerson_Jump.uasset" 195
"../../../SoulStriker/Content/Mannequin/Animations/ThirdPersonJump_Loop.uasset" 196
"../../../SoulStriker/Content/Mannequin/Animations/ThirdPersonJump_Start.uasset" 197
"../../../SoulStriker/Content/Mannequin/Animations/ThirdPersonIdle.uasset" 198
"../../../SoulStriker/Content/Mannequin/Animations/ThirdPersonRun.uasset" 199
"../../../SoulStriker/Content/Mannequin/Animations/ThirdPersonWalk.uasset" 200
"../../../SoulStriker/Content/Mannequin/Animations/ThirdPerson_IdleRun_2D.uasset" 201
"../../../SoulStriker/Content/Mannequin/Animations/ThirdPerson_AnimBP.uasset" 202
"../../../SoulStriker/Content/bluePrints/Animations/paladin_attack_Anim.uasset" 203
"../../../SoulStriker/Content/bluePrints/Animations/paladin_attack_montage.uasset" 204
"../../../SoulStriker/Content/customMaterials/Brick_Stnd_basecolor.uasset" 205
"../../../SoulStriker/Content/customMaterials/Brick_Stnd_metallic.uasset" 206
"../../../SoulStriker/Content/customMaterials/Brick_Stnd_normal.uasset" 207
"../../../SoulStriker/Content/customMaterials/Brick_Stnd_roughness.uasset" 208
"../../../SoulStriker/Content/customMaterials/floor_final3.uasset" 209
"../../../SoulStriker/Content/Geometry/Meshes/CubeMaterial.uasset" 210
"../../../SoulStriker/Content/Geometry/Meshes/1M_Cube.uasset" 211
"../../../SoulStriker/Content/bluePrints/superWallTop.uasset" 212
"../../../SoulStriker/Content/bluePrints/AI_Slime/lambert4.uasset" 213
"../../../SoulStriker/Content/StarterContent/Shapes/Shape_NarrowCapsule.uasset" 214
"../../../SoulStriker/Content/bluePrints/AI_Turret/AI_TurretBullet.uasset" 215
"../../../SoulStriker/Content/StarterContent/Textures/T_Explosion_SubUV.uasset" 216
"../../../SoulStriker/Content/StarterContent/Particles/Materials/M_explosion_subUV.uasset" 217
"../../../SoulStriker/Content/StarterContent/Materials/M_Basic_Floor.uasset" 218
"../../../SoulStriker/Content/StarterContent/Architecture/Floor_400x400.uasset" 219
"../../../SoulStriker/Content/StarterContent/Textures/T_Frame_M.uasset" 220
"../../../SoulStriker/Content/StarterContent/Textures/T_Frame_N.uasset" 221
"../../../SoulStriker/Content/StarterContent/Props/Materials/M_Frame.uasset" 222
"../../../SoulStriker/Content/StarterContent/Props/SM_PillarFrame300.uasset" 223
"../../../SoulStriker/Content/bluePrints/ballZapper.uasset" 224
"../../../Engine/Content/Functions/Engine_MaterialFunctions02/Utility/BlendAngleCorrectedNormals.uasset" 225
"../../../SoulStriker/Content/StarterContent/Textures/T_Tech_Hex_Tile_M.uasset" 226
"../../../SoulStriker/Content/StarterContent/Textures/T_Tech_Hex_Tile_N.uasset" 227
"../../../SoulStriker/Content/StarterContent/Materials/M_Tech_Hex_Tile.uasset" 228
"../../../SoulStriker/Content/bluePrints/bossSwitches.uasset" 229
"../../../SoulStriker/Content/bluePrints/Animations/Mr_Skeltal/skeltal_idle_2_Skeleton.uasset" 230
"../../../SoulStriker/Content/bluePrints/Animations/Mr_Skeltal/skeltal_idle_2_Anim.uasset" 231
"../../../SoulStriker/Content/bluePrints/Animations/Mr_Skeltal/skeltal_run_Anim.uasset" 232
"../../../SoulStriker/Content/bluePrints/Animations/Mr_Skeltal/skeletonidletorun.uasset" 233
"../../../SoulStriker/Content/bluePrints/Animations/Mr_Skeltal/skeltalanim.uasset" 234
"../../../SoulStriker/Content/bluePrints/Animations/skeltal_attack_1_Anim.uasset" 235
"../../../SoulStriker/Content/bluePrints/Animations/skeltal_attack_1_Anim_Montage.uasset" 236
"../../../SoulStriker/Content/bluePrints/Animations/skeltal_attack_2_Anim.uasset" 237
"../../../SoulStriker/Content/bluePrints/Animations/skeltal_attack_2_Anim_Montage.uasset" 238
"../../../SoulStriker/Content/bluePrints/Animations/skeltal_spin_Anim.uasset" 239
"../../../SoulStriker/Content/bluePrints/Animations/skeltal_spin_Anim_Montage.uasset" 240
"../../../SoulStriker/Content/bluePrints/Animations/heartShardRed.uasset" 241
"../../../SoulStriker/Content/customArt/items/lambert1.uasset" 242
"../../../SoulStriker/Content/customArt/items/heart_piece_1.uasset" 243
"../../../SoulStriker/Content/bluePrints/heartShard.uasset" 244
"../../../SoulStriker/Content/bluePrints/emptyHeart.uasset" 245
"../../../SoulStriker/Content/bluePrints/fullHeart.uasset" 246
"../../../SoulStriker/Content/bluePrints/halfheart.uasset" 247
"../../../SoulStriker/Content/customArt/UI/heartshard_counter.uasset" 248
"../../../SoulStriker/Content/customArt/UI/key_counter.uasset" 249
"../../../SoulStriker/Content/customArt/UI/Paladin_EMPTY_SOUL.uasset" 250
"../../../SoulStriker/Content/customArt/UI/Paladin_SOUL.uasset" 251
"../../../SoulStriker/Content/customArt/UI/soulshard_counter.uasset" 252
"../../../SoulStriker/Content/bluePrints/healthOverlay.uasset" 253
"../../../SoulStriker/Content/customArt/props/pCube1Mat.uasset" 254
"../../../SoulStriker/Content/customArt/props/key.uasset" 255
"../../../Engine/Content/Functions/Engine_MaterialFunctions01/Density/ExponentialDensity.uasset" 256
"../../../Engine/Content/Functions/Engine_MaterialFunctions01/Gradient/RadialGradientExponential.uasset" 257
"../../../SoulStriker/Content/customMaterials/Magic_Dot_M.uasset" 258
"../../../SoulStriker/Content/customMaterials/Ring_Gradient_T.uasset" 259
"../../../SoulStriker/Content/customMaterials/Magic_Ring_M.uasset" 260
"../../../SoulStriker/Content/customMaterials/magic_location.uasset" 261
"../../../SoulStriker/Content/bluePrints/key.uasset" 262
"../../../SoulStriker/Content/bluePrints/Animations/lambert1.uasset" 263
"../../../SoulStriker/Content/bluePrints/orbShard.uasset" 264
"../../../SoulStriker/Content/customArt/MainCharacters/blade2_Sword_fullMat.uasset" 265
"../../../SoulStriker/Content/customArt/MainCharacters/polySurface2_shield_fullMat.uasset" 266
"../../../SoulStriker/Content/customMaterials/floor_final2.uasset" 267
"../../../SoulStriker/Content/StarterContent/Textures/T_MacroVariation.uasset" 268
"../../../SoulStriker/Content/StarterContent/Textures/T_Metal_Aluminum_D.uasset" 269
"../../../SoulStriker/Content/StarterContent/Textures/T_Metal_Gold_N.uasset" 270
"../../../SoulStriker/Content/StarterContent/Materials/M_Metal_Burnished_Steel.uasset" 271
"../../../SoulStriker/Content/bluePrints/Animations/lambert5.uasset" 272
"../../../SoulStriker/Content/bluePrints/Animations/Mr_Skeltal/skeltal_idle_2_PhysicsAsset.uasset" 273
"../../../SoulStriker/Content/bluePrints/Animations/Mr_Skeltal/skeltal_idle_2.uasset" 274
"../../../SoulStriker/Content/bluePrints/Animations/initialShadingGroup.uasset" 275
"../../../SoulStriker/Content/bluePrints/Animations/shield_1_0.uasset" 276
"../../../SoulStriker/Content/customArt/props/lambert3SG.uasset" 277
"../../../SoulStriker/Content/customArt/props/bone_sword.uasset" 278
"../../../SoulStriker/Content/ThirdPersonBP/Blueprints/skeletonOLD.uasset" 279
"../../../SoulStriker/Content/bluePrints/Animations/slime_move_Skeleton.uasset" 280
"../../../SoulStriker/Content/bluePrints/Animations/slime_move_Anim.uasset" 281
"../../../SoulStriker/Content/bluePrints/Animations/slimeActions.uasset" 282
"../../../SoulStriker/Content/customArt/Enemies/primeslime.uasset" 283
"../../../SoulStriker/Content/customArt/Enemies/primeslime_Mat.uasset" 284
"../../../SoulStriker/Content/customArt/Enemies/Slime_trail.uasset" 285
"../../../SoulStriker/Content/bluePrints/slimeTrailHItHandler.uasset" 286
"../../../SoulStriker/Content/bluePrints/Animations/lambert4.uasset" 287
"../../../SoulStriker/Content/bluePrints/Animations/slime_move_PhysicsAsset.uasset" 288
"../../../SoulStriker/Content/bluePrints/Animations/slime_move.uasset" 289
"../../../SoulStriker/Content/ThirdPersonBP/Blueprints/slime.uasset" 290
"../../../SoulStriker/Content/ThirdPersonBP/Blueprints/slimeBoss.uasset" 291
"../../../SoulStriker/Content/StarterContent/Materials/M_Metal_Chrome.uasset" 292
"../../../SoulStriker/Content/StarterContent/Textures/T_Metal_Gold_D.uasset" 293
"../../../SoulStriker/Content/StarterContent/Materials/M_Metal_Gold.uasset" 294
"../../../Engine/Content/BasicShapes/Cone.uasset" 295
"../../../Engine/Content/BasicShapes/Cylinder.uasset" 296
"../../../SoulStriker/Content/bluePrints/Animations/initialShadingGroupmat1.uasset" 297
"../../../SoulStriker/Content/bluePrints/Animations/lambert4SGmat1.uasset" 298
"../../../SoulStriker/Content/bluePrints/Animations/paladin_idle_PhysicsAsset.uasset" 299
"../../../SoulStriker/Content/bluePrints/Animations/paladin_idle.uasset" 300
"../../../SoulStriker/Content/bluePrints/PauseMenu.uasset" 301
"../../../SoulStriker/Content/Geometry/Meshes/initialShadingGroup.uasset" 302
"../../../SoulStriker/Content/Geometry/Meshes/chestplate.uasset" 303
"../../../SoulStriker/Content/Geometry/Meshes/lambert4SG.uasset" 304
"../../../SoulStriker/Content/Geometry/Meshes/helm.uasset" 305
"../../../SoulStriker/Content/Geometry/Meshes/blinn1SG.uasset" 306
"../../../SoulStriker/Content/Geometry/Meshes/blinn2SG.uasset" 307
"../../../SoulStriker/Content/Geometry/Meshes/lambert2SG.uasset" 308
"../../../SoulStriker/Content/Geometry/Meshes/lambert5SG.uasset" 309
"../../../SoulStriker/Content/Geometry/Meshes/phong1SG.uasset" 310
"../../../SoulStriker/Content/Geometry/Meshes/knightsword.uasset" 311
"../../../SoulStriker/Content/Geometry/Meshes/shoulderplate.uasset" 312
"../../../SoulStriker/Content/ThirdPersonBP/Blueprints/KnightOfLight.uasset" 313
"../../../SoulStriker/Content/customMaterials/orbglow.uasset" 314
"../../../Engine/Content/BasicShapes/Sphere.uasset" 315
"../../../SoulStriker/Content/bluePrints/spiritOrbOG.uasset" 316
"../../../Engine/Content/EditorMeshes/ColorCalibrator/T_ColorGrid.uasset" 317
"../../../SoulStriker/Content/StarterContent/Materials/M_ColorGrid_LowSpec.uasset" 318
"../../../SoulStriker/Content/bluePrints/targets.uasset" 319
"../../../SoulStriker/Content/bluePrints/testBox.uasset" 320
"../../../SoulStriker/Content/bluePrints/AI_Blueprints/AIHealthInterface.uasset" 321
"../../../SoulStriker/Content/bluePrints/AI_Blueprints/AICharacterBase.uasset" 322
"../../../SoulStriker/Content/bluePrints/AI_Blueprints/AI_State.uasset" 323
"../../../SoulStriker/Content/bluePrints/AI_Blueprints/AI_BlackBoard.uasset" 324
"../../../SoulStriker/Content/bluePrints/AI_Blueprints/BTS_Sight.uasset" 325
"../../../SoulStriker/Content/bluePrints/AI_Blueprints/BTT_Attack.uasset" 326
"../../../SoulStriker/Content/bluePrints/AI_Blueprints/BTT_DestroyMemory.uasset" 327
"../../../SoulStriker/Content/bluePrints/AI_Blueprints/BTT_Roam.uasset" 328
"../../../SoulStriker/Content/bluePrints/AI_Blueprints/BTT_SetWalkSpeed.uasset" 329
"../../../SoulStriker/Content/bluePrints/AI_Blueprints/AI_Behavior.uasset" 330
"../../../SoulStriker/Content/bluePrints/AI_Blueprints/AI_Controller.uasset" 331
"../../../Engine/Content/Functions/MaterialLayerFunctions/MatLayerBlend_NormalBlend.uasset" 332
"../../../Engine/Content/Functions/MaterialLayerFunctions/MatLayerBlend_Simple.uasset" 333
"../../../SoulStriker/Content/Mannequin/Character/Materials/MaterialLayers/T_ML_Rubber_Blue_01_D.uasset" 334
"../../../SoulStriker/Content/Mannequin/Character/Materials/MaterialLayers/T_ML_Rubber_Blue_01_N.uasset" 335
"../../../SoulStriker/Content/Mannequin/Character/Materials/MaterialLayers/ML_GlossyBlack_Latex_UE4.uasset" 336
"../../../SoulStriker/Content/Mannequin/Character/Materials/MaterialLayers/ML_Plastic_Shiny_Beige.uasset" 337
"../../../SoulStriker/Content/Mannequin/Character/Textures/UE4_LOGO_CARD.uasset" 338
"../../../SoulStriker/Content/Mannequin/Character/Materials/MaterialLayers/ML_Plastic_Shiny_Beige_LOGO.uasset" 339
"../../../SoulStriker/Content/Mannequin/Character/Materials/MaterialLayers/T_ML_Aluminum01.uasset" 340
"../../../SoulStriker/Content/Mannequin/Character/Materials/MaterialLayers/T_ML_Aluminum01_N.uasset" 341
"../../../SoulStriker/Content/Mannequin/Character/Materials/MaterialLayers/ML_SoftMetal_UE4.uasset" 342
"../../../SoulStriker/Content/Mannequin/Character/Textures/UE4_Mannequin__normals.uasset" 343
"../../../SoulStriker/Content/Mannequin/Character/Textures/UE4_Mannequin_MAT_MASKA.uasset" 344
"../../../SoulStriker/Content/Mannequin/Character/Materials/M_UE4Man_Body_P2.uasset" 345
"../../../SoulStriker/Content/Mannequin/Character/Textures/UE4Man_Logo_N.uasset" 346
"../../../SoulStriker/Content/Mannequin/Character/Materials/M_UE4Man_ChestLogo.uasset" 347
"../../../SoulStriker/Content/Mannequin/Character/Mesh/SK_Mannequin_PhysicsAsset.uasset" 348
"../../../SoulStriker/Content/Mannequin/Character/Mesh/SK_Mannequin.uasset" 349
"../../../SoulStriker/Content/bluePrints/AI_Blueprints/AI_Character.uasset" 350
"../../../SoulStriker/Content/bluePrints/AI_Slime/AI_Slime.uasset" 351
"../../../SoulStriker/Content/bluePrints/AI_Turret/AI_TurretTop.uasset" 352
"../../../SoulStriker/Content/bluePrints/AI_Turret/turret_top_Skeleton.uasset" 353
"../../../SoulStriker/Content/bluePrints/AI_Turret/turret_top_Anim.uasset" 354
"../../../SoulStriker/Content/bluePrints/Animations/slime_eat_Skeleton.uasset" 355
"../../../SoulStriker/Content/bluePrints/Animations/slime_eat_Anim.uasset" 356
"../../../SoulStriker/Content/bluePrints/Animations/slime_idle_Skeleton.uasset" 357
"../../../SoulStriker/Content/bluePrints/Animations/slime_idle_Anim.uasset" 358
"../../../SoulStriker/Content/bluePrints/Animations/slime_rigged_Skeleton.uasset" 359
"../../../SoulStriker/Content/bluePrints/Animations/slime_rigged_Anim.uasset" 360
"../../../SoulStriker/Content/bluePrints/Animations/animation_shit/initialShadingGroupmat1.uasset" 361
"../../../SoulStriker/Content/bluePrints/Animations/animation_shit/lambert4SGmat1.uasset" 362
"../../../SoulStriker/Content/bluePrints/Animations/animation_shit/paladin_idle_anim3_PhysicsAsset.uasset" 363
"../../../SoulStriker/Content/bluePrints/Animations/animation_shit/paladin_idle_anim3.uasset" 364
"../../../SoulStriker/Content/bluePrints/Animations/Mr_Skeltal/skeltal_attack1_Anim.uasset" 365
"../../../SoulStriker/Content/bluePrints/Animations/Mr_Skeltal/skeltal_attack2_Anim.uasset" 366
"../../../SoulStriker/Content/bluePrints/Animations/Mr_Skeltal/Attack_Montage.uasset" 367
"../../../SoulStriker/Content/bluePrints/Animations/Mr_Skeltal/Skeltal_attack_1.uasset" 368
"../../../SoulStriker/Content/bluePrints/Animations/Mr_Skeltal/Skeltal_attack_2.uasset" 369
"../../../Engine/Content/BasicShapes/BasicShapeMaterial.uasset" 370
"../../../SoulStriker/Content/bluePrints/DoorsAndDoorThings/key.uasset" 371
"../../../SoulStriker/Content/customArt/Environment/RoadKillOut_RoadKillOut1Mat.uasset" 372
"../../../SoulStriker/Content/customArt/Environment/door_left.uasset" 373
"../../../SoulStriker/Content/customMaterials/Testfloormat.uasset" 374
"../../../SoulStriker/Content/Geometry/Meshes/1M_Cube_Chamfer.uasset" 375
"../../../SoulStriker/Content/StarterContent/Architecture/Pillar_50x500.uasset" 376
"../../../SoulStriker/Content/StarterContent/Architecture/Wall_400x300.uasset" 377
"../../../SoulStriker/Content/StarterContent/Architecture/Wall_400x400.uasset" 378
"../../../SoulStriker/Content/StarterContent/Architecture/Wall_500x500.uasset" 379
"../../../SoulStriker/Content/StarterContent/Architecture/Wall_Door_400x400.uasset" 380
"../../../SoulStriker/Content/StarterContent/Architecture/Wall_Window_400x400.uasset" 381
"../../../SoulStriker/Content/StarterContent/Audio/Light01_Cue.uasset" 382
"../../../SoulStriker/Content/StarterContent/Audio/Light02_Cue.uasset" 383
"../../../SoulStriker/Content/StarterContent/Audio/Explosion_Cue.uasset" 384
"../../../SoulStriker/Content/StarterContent/Textures/T_Burst_M.uasset" 385
"../../../SoulStriker/Content/StarterContent/Particles/Materials/M_Burst.uasset" 386
"../../../SoulStriker/Content/StarterContent/Particles/Materials/m_flare_01.uasset" 387
"../../../Engine/Content/Functions/Engine_MaterialFunctions01/Gradient/RadialGradient.uasset" 388
"../../../SoulStriker/Content/StarterContent/Particles/Materials/M_radial_ramp.uasset" 389
"../../../SoulStriker/Content/StarterContent/Textures/T_Smoke_SubUV.uasset" 390
"../../../SoulStriker/Content/StarterContent/Textures/T_Smoke_Tiled_D.uasset" 391
"../../../SoulStriker/Content/StarterContent/Particles/Materials/M_smoke_subUV.uasset" 392
"../../../SoulStriker/Content/StarterContent/Particles/P_Explosion.uasset" 393
"../../../SoulStriker/Content/StarterContent/Blueprints/Blueprint_Effect_Explosion.uasset" 394
"../../../SoulStriker/Content/StarterContent/Textures/T_Bush_D.uasset" 395
"../../../SoulStriker/Content/StarterContent/Textures/T_Bush_N.uasset" 396
"../../../SoulStriker/Content/StarterContent/Props/Materials/M_Bush.uasset" 397
"../../../SoulStriker/Content/StarterContent/Props/SM_Bush.uasset" 398
"../../../SoulStriker/Content/StarterContent/Textures/T_Chair_M.uasset" 399
"../../../SoulStriker/Content/StarterContent/Textures/T_Chair_N.uasset" 400
"../../../SoulStriker/Content/StarterContent/Props/Materials/M_Chair.uasset" 401
"../../../SoulStriker/Content/StarterContent/Props/SM_Couch.uasset" 402
"../../../SoulStriker/Content/StarterContent/Materials/M_Glass.uasset" 403
"../../../SoulStriker/Content/StarterContent/Textures/T_Door_M.uasset" 404
"../../../SoulStriker/Content/StarterContent/Textures/T_Door_N.uasset" 405
"../../../SoulStriker/Content/StarterContent/Props/Materials/M_Door.uasset" 406
"../../../SoulStriker/Content/StarterContent/Props/SM_Door.uasset" 407
"../../../SoulStriker/Content/StarterContent/Props/Materials/M_MaterialSphere.uasset" 408
"../../../SoulStriker/Content/StarterContent/Props/Materials/M_MaterialSphere_Plain.uasset" 409
"../../../SoulStriker/Content/StarterContent/Props/SM_MatPreviewMesh_02.uasset" 410
"../../../SoulStriker/Content/StarterContent/Textures/T_Detail_Rocky_N.uasset" 411
"../../../SoulStriker/Content/StarterContent/Textures/T_Rock_Basalt_D.uasset" 412
"../../../SoulStriker/Content/StarterContent/Textures/T_RockMesh_M.uasset" 413
"../../../SoulStriker/Content/StarterContent/Textures/T_RockMesh_N.uasset" 414
"../../../SoulStriker/Content/StarterContent/Props/Materials/M_Rock.uasset" 415
"../../../SoulStriker/Content/StarterContent/Props/SM_Rock.uasset" 416
"../../../SoulStriker/Content/StarterContent/Textures/T_Shelf_M.uasset" 417
"../../../SoulStriker/Content/StarterContent/Textures/T_Shelf_N.uasset" 418
"../../../SoulStriker/Content/StarterContent/Props/Materials/M_Shelf.uasset" 419
"../../../SoulStriker/Content/StarterContent/Props/SM_Shelf.uasset" 420
"../../../SoulStriker/Content/StarterContent/Props/SM_Stairs.uasset" 421
"../../../SoulStriker/Content/StarterContent/Shapes/Shape_Cone.uasset" 422
"../../../SoulStriker/Content/StarterContent/Shapes/Shape_Cylinder.uasset" 423
"../../../SoulStriker/Content/StarterContent/Shapes/Shape_Pipe.uasset" 424
"../../../SoulStriker/Content/StarterContent/Shapes/Shape_Pipe_180.uasset" 425
"../../../SoulStriker/Content/StarterContent/Shapes/Shape_Pipe_90.uasset" 426
"../../../SoulStriker/Content/StarterContent/Shapes/Shape_Plane.uasset" 427
"../../../SoulStriker/Content/StarterContent/Shapes/Shape_Torus.uasset" 428
"../../../SoulStriker/Content/StarterContent/Shapes/Shape_Trim.uasset" 429
"../../../SoulStriker/Content/StarterContent/Shapes/Shape_Trim_90_In.uasset" 430
"../../../SoulStriker/Content/StarterContent/Shapes/Shape_Trim_90_Out.uasset" 431
"../../../SoulStriker/Content/StarterContent/Shapes/Shape_TriPyramid.uasset" 432
"../../../SoulStriker/Content/StarterContent/Shapes/Shape_Tube.uasset" 433
"../../../SoulStriker/Content/ThirdPerson/Meshes/RampMaterial.uasset" 434
"../../../SoulStriker/Content/ThirdPerson/Meshes/Bump_StaticMesh.uasset" 435
"../../../SoulStriker/Content/ThirdPerson/Meshes/LeftArm_StaticMesh.uasset" 436
"../../../SoulStriker/Content/ThirdPerson/Meshes/Linear_Stair_StaticMesh.uasset" 437
"../../../SoulStriker/Content/ThirdPerson/Meshes/Ramp_StaticMesh.uasset" 438
"../../../SoulStriker/Content/ThirdPerson/Meshes/RightArm_StaticMesh.uasset" 439
"../../../SoulStriker/Content/bluePrints/killBox.uasset" 440
"../../../SoulStriker/Content/bluePrints/levelLoader.uasset" 441
"../../../SoulStriker/Content/bluePrints/setRespawnLoc.uasset" 442
"../../../SoulStriker/Content/bluePrints/DMC_DORS.uasset" 443
"../../../SoulStriker/Content/bluePrints/setRespawnLoc_withDMCDoor.uasset" 444
"../../../Engine/Content/EngineSky/C_Sky_Cloud_Color.uasset" 445
"../../../Engine/Content/EngineSky/C_Sky_Horizon_Color.uasset" 446
"../../../Engine/Content/EngineSky/C_Sky_Zenith_Color.uasset" 447
"../../../Engine/Content/EngineSky/T_Sky_Blue.uasset" 448
"../../../Engine/Content/EngineSky/T_Sky_Clouds_M.uasset" 449
"../../../Engine/Content/EngineSky/T_Sky_Stars.uasset" 450
"../../../Engine/Content/EngineSky/M_Sky_Panning_Clouds2.uasset" 451
"../../../Engine/Content/EngineSky/SM_SkySphere.uasset" 452
"../../../Engine/Content/EngineSky/BP_Sky_Sphere.uasset" 453
"../../../SoulStriker/Content/bluePrints/AI_Turret/lambert3.uasset" 454
"../../../SoulStriker/Content/bluePrints/AI_Turret/turret_top_PhysicsAsset.uasset" 455
"../../../SoulStriker/Content/bluePrints/AI_Turret/turret_top.uasset" 456
"../../../SoulStriker/Content/Geometry/Meshes/turret_bottom.uasset" 457
"../../../SoulStriker/Content/bluePrints/AI_Turret/AI_Turret.uasset" 458
"../../../Engine/Content/BasicShapes/Cube.uasset" 459
"../../../SoulStriker/Content/bluePrints/corruptionCube.uasset" 460
"../../../SoulStriker/Content/customArt/Environment/RoadKillOutMat.uasset" 461
"../../../SoulStriker/Content/customArt/Environment/door_right.uasset" 462
"../../../SoulStriker/Content/bluePrints/DoorsAndDoorThings/switchDoor.uasset" 463
"../../../SoulStriker/Content/bluePrints/DoorsAndDoorThings/doorSwtich.uasset" 464
"../../../SoulStriker/Content/customArt/props/RoadKillOutMat.uasset" 465
"../../../SoulStriker/Content/customArt/props/padlock.uasset" 466
"../../../SoulStriker/Content/bluePrints/DoorsAndDoorThings/keyDoor.uasset" 467
"../../../SoulStriker/Content/bluePrints/heartShardLevelPlacement.uasset" 468
"../../../SoulStriker/Content/customMaterials/floor_final.uasset" 469
"../../../SoulStriker/Content/bluePrints/IndestructiCube.uasset" 470
"../../../SoulStriker/Content/bluePrints/orbShardLevelPlacement.uasset" 471
"../../../SoulStriker/Content/bluePrints/Switch.uasset" 472
"../../../SoulStriker/Content/StarterContent/Textures/T_Ground_Grass_D.uasset" 473
"../../../SoulStriker/Content/StarterContent/Textures/T_Ground_Grass_N.uasset" 474
"../../../SoulStriker/Content/StarterContent/Textures/T_Perlin_Noise_M.uasset" 475
"../../../SoulStriker/Content/StarterContent/Materials/M_Ground_Grass.uasset" 476
"../../../Engine/Content/MapTemplates/SM_Template_Map_Floor.uasset" 477
"../../../SoulStriker/Content/Geometry/Meshes/lambert3SG.uasset" 478
"../../../SoulStriker/Content/Geometry/Meshes/towerwithUV_s_fixed.uasset" 479
"../../../SoulStriker/Content/ThirdPersonBP/Blueprints/Escape.uasset" 480
"../../../SoulStriker/Content/Maps/Level_2.umap" 481
"../../../SoulStriker/Content/StarterContent/Audio/Fire01_Cue.uasset" 482
"../../../SoulStriker/Content/StarterContent/Textures/T_Fire_SubUV.uasset" 483
"../../../SoulStriker/Content/StarterContent/Textures/T_Fire_Tiled_D.uasset" 484
"../../../SoulStriker/Content/StarterContent/Particles/Materials/M_Fire_SubUV.uasset" 485
"../../../SoulStriker/Content/StarterContent/Textures/T_Water_N.uasset" 486
"../../../SoulStriker/Content/StarterContent/Particles/Materials/M_Heat_Distortion.uasset" 487
"../../../SoulStriker/Content/StarterContent/Particles/Materials/M_Radial_Gradient.uasset" 488
"../../../SoulStriker/Content/StarterContent/Particles/P_Fire.uasset" 489
"../../../SoulStriker/Content/StarterContent/Blueprints/Blueprint_Effect_Fire.uasset" 490
"../../../SoulStriker/Content/StarterContent/Audio/Smoke01_Cue.uasset" 491
"../../../SoulStriker/Content/StarterContent/Particles/P_Smoke.uasset" 492
"../../../SoulStriker/Content/StarterContent/Blueprints/Blueprint_Effect_Smoke.uasset" 493
"../../../SoulStriker/Content/StarterContent/Audio/Fire_Sparks01_Cue.uasset" 494
"../../../SoulStriker/Content/StarterContent/Textures/T_Spark_Core.uasset" 495
"../../../SoulStriker/Content/StarterContent/Particles/Materials/M_Spark.uasset" 496
"../../../SoulStriker/Content/StarterContent/Particles/P_Sparks.uasset" 497
"../../../SoulStriker/Content/StarterContent/Blueprints/Blueprint_Effect_Sparks.uasset" 498
"../../../SoulStriker/Content/StarterContent/Audio/Steam01_Cue.uasset" 499
"../../../SoulStriker/Content/StarterContent/Particles/P_Steam_Lit.uasset" 500
"../../../SoulStriker/Content/StarterContent/Blueprints/Blueprint_Effect_Steam.uasset" 501
"../../../SoulStriker/Content/StarterContent/Textures/T_Lamp_M.uasset" 502
"../../../SoulStriker/Content/StarterContent/Textures/T_Lamp_N.uasset" 503
"../../../SoulStriker/Content/StarterContent/Props/Materials/M_Lamp.uasset" 504
"../../../SoulStriker/Content/StarterContent/Props/SM_Lamp_Ceiling.uasset" 505
"../../../SoulStriker/Content/StarterContent/Blueprints/Blueprint_CeilingLight.uasset" 506
"../../../SoulStriker/Content/StarterContent/Props/SM_Lamp_Wall.uasset" 507
"../../../SoulStriker/Content/StarterContent/Blueprints/Blueprint_WallSconce.uasset" 508
"../../../Engine/Content/Functions/Engine_MaterialFunctions03/Procedurals/ComputeFilterWidth.uasset" 509
"../../../Engine/Content/EngineMaterials/AntiAliasedTextMaterialTranslucent.uasset" 510
"../../../SoulStriker/Content/StarterContent/Textures/T_Brick_Clay_Beveled_D.uasset" 511
"../../../SoulStriker/Content/StarterContent/Textures/T_Brick_Clay_Beveled_M.uasset" 512
"../../../SoulStriker/Content/StarterContent/Textures/T_Brick_Clay_Beveled_N.uasset" 513
"../../../SoulStriker/Content/StarterContent/Materials/M_Brick_Clay_Beveled.uasset" 514
"../../../SoulStriker/Content/StarterContent/Textures/T_Brick_Clay_New_D.uasset" 515
"../../../SoulStriker/Content/StarterContent/Textures/T_Brick_Clay_New_M.uasset" 516
"../../../SoulStriker/Content/StarterContent/Textures/T_Brick_Clay_New_N.uasset" 517
"../../../SoulStriker/Content/StarterContent/Materials/M_Brick_Clay_New.uasset" 518
"../../../SoulStriker/Content/StarterContent/Textures/T_Brick_Clay_Old_D.uasset" 519
"../../../SoulStriker/Content/StarterContent/Textures/T_Brick_Clay_Old_N.uasset" 520
"../../../SoulStriker/Content/StarterContent/Materials/M_Brick_Clay_Old.uasset" 521
"../../../SoulStriker/Content/StarterContent/Textures/T_Brick_Cut_Stone_D.uasset" 522
"../../../SoulStriker/Content/StarterContent/Textures/T_Brick_Cut_Stone_N.uasset" 523
"../../../SoulStriker/Content/StarterContent/Materials/M_Brick_Cut_Stone.uasset" 524
"../../../SoulStriker/Content/StarterContent/Textures/T_Brick_Hewn_Stone_D.uasset" 525
"../../../SoulStriker/Content/StarterContent/Textures/T_Brick_Hewn_Stone_M.uasset" 526
"../../../SoulStriker/Content/StarterContent/Textures/T_Brick_Hewn_Stone_N.uasset" 527
"../../../SoulStriker/Content/StarterContent/Materials/M_Brick_Hewn_Stone.uasset" 528
"../../../SoulStriker/Content/StarterContent/Textures/T_Ceramic_Tile_M.uasset" 529
"../../../SoulStriker/Content/StarterContent/Textures/T_Ceramic_Tile_N.uasset" 530
"../../../SoulStriker/Content/StarterContent/Textures/T_Rock_Marble_Polished_D.uasset" 531
"../../../SoulStriker/Content/StarterContent/Materials/M_Ceramic_Tile_Checker.uasset" 532
"../../../SoulStriker/Content/StarterContent/Textures/T_CobbleStone_Pebble_D.uasset" 533
"../../../SoulStriker/Content/StarterContent/Textures/T_CobbleStone_Pebble_M.uasset" 534
"../../../SoulStriker/Content/StarterContent/Textures/T_CobbleStone_Pebble_N.uasset" 535
"../../../SoulStriker/Content/StarterContent/Materials/M_CobbleStone_Pebble.uasset" 536
"../../../SoulStriker/Content/StarterContent/Textures/T_CobbleStone_Rough_D.uasset" 537
"../../../SoulStriker/Content/StarterContent/Textures/T_CobbleStone_Rough_N.uasset" 538
"../../../SoulStriker/Content/StarterContent/Textures/T_Gradinet_01.uasset" 539
"../../../SoulStriker/Content/StarterContent/Textures/T_Rock_Smooth_Granite_D.uasset" 540
"../../../SoulStriker/Content/StarterContent/Materials/M_CobbleStone_Rough.uasset" 541
"../../../SoulStriker/Content/StarterContent/Textures/T_CobbleStone_Smooth_D.uasset" 542
"../../../SoulStriker/Content/StarterContent/Textures/T_CobbleStone_Smooth_M.uasset" 543
"../../../SoulStriker/Content/StarterContent/Textures/T_CobbleStone_Smooth_N.uasset" 544
"../../../SoulStriker/Content/StarterContent/Materials/M_CobbleStone_Smooth.uasset" 545
"../../../SoulStriker/Content/StarterContent/Textures/T_Concrete_Grime_D.uasset" 546
"../../../SoulStriker/Content/StarterContent/Textures/T_Metal_Rust_N.uasset" 547
"../../../SoulStriker/Content/StarterContent/Materials/M_Concrete_Grime.uasset" 548
"../../../SoulStriker/Content/StarterContent/Textures/T_Concrete_Panels_D.uasset" 549
"../../../SoulStriker/Content/StarterContent/Textures/T_Concrete_Panels_N.uasset" 550
"../../../SoulStriker/Content/StarterContent/Materials/M_Concrete_Panels.uasset" 551
"../../../SoulStriker/Content/StarterContent/Textures/T_Concrete_Poured_D.uasset" 552
"../../../SoulStriker/Content/StarterContent/Textures/T_Concrete_Poured_N.uasset" 553
"../../../SoulStriker/Content/StarterContent/Materials/M_Concrete_Poured.uasset" 554
"../../../SoulStriker/Content/StarterContent/Textures/T_Concrete_Tiles_D.uasset" 555
"../../../SoulStriker/Content/StarterContent/Textures/T_Concrete_Tiles_M.uasset" 556
"../../../SoulStriker/Content/StarterContent/Textures/T_Concrete_Tiles_N.uasset" 557
"../../../SoulStriker/Content/StarterContent/Textures/T_Concrete_Tiles_Variation_M.uasset" 558
"../../../SoulStriker/Content/StarterContent/Materials/M_Concrete_Tiles.uasset" 559
"../../../SoulStriker/Content/StarterContent/Textures/T_Ground_Gravel_D.uasset" 560
"../../../SoulStriker/Content/StarterContent/Textures/T_Ground_Gravel_N.uasset" 561
"../../../SoulStriker/Content/StarterContent/Materials/M_Ground_Gravel.uasset" 562
"../../../SoulStriker/Content/StarterContent/Textures/T_ground_Moss_D.uasset" 563
"../../../SoulStriker/Content/StarterContent/Textures/T_Ground_Moss_N.uasset" 564
"../../../SoulStriker/Content/StarterContent/Materials/M_Ground_Moss.uasset" 565
"../../../SoulStriker/Content/StarterContent/Materials/M_Metal_Brushed_Nickel.uasset" 566
"../../../SoulStriker/Content/StarterContent/Textures/T_Metal_Copper_D.uasset" 567
"../../../SoulStriker/Content/StarterContent/Materials/M_Metal_Copper.uasset" 568
"../../../SoulStriker/Content/StarterContent/Textures/T_Metal_Rust_D.uasset" 569
"../../../SoulStriker/Content/StarterContent/Materials/M_Metal_Rust.uasset" 570
"../../../SoulStriker/Content/StarterContent/Textures/T_Metal_Steel_D.uasset" 571
"../../../SoulStriker/Content/StarterContent/Textures/T_Metal_Steel_N.uasset" 572
"../../../SoulStriker/Content/StarterContent/Materials/M_Metal_Steel.uasset" 573
"../../../SoulStriker/Content/StarterContent/Textures/T_Rock_Basalt_N.uasset" 574
"../../../SoulStriker/Content/StarterContent/Materials/M_Rock_Basalt.uasset" 575
"../../../SoulStriker/Content/StarterContent/Materials/M_Rock_Marble_Polished.uasset" 576
"../../../SoulStriker/Content/StarterContent/Textures/T_Rock_Sandstone_D.uasset" 577
"../../../SoulStriker/Content/StarterContent/Textures/T_Rock_Sandstone_N.uasset" 578
"../../../SoulStriker/Content/StarterContent/Materials/M_Rock_Sandstone.uasset" 579
"../../../SoulStriker/Content/StarterContent/Textures/T_Rock_Slate_D.uasset" 580
"../../../SoulStriker/Content/StarterContent/Textures/T_Rock_Slate_N.uasset" 581
"../../../SoulStriker/Content/StarterContent/Materials/M_Rock_Slate.uasset" 582
"../../../SoulStriker/Content/StarterContent/Textures/T_Checker_Noise_M.uasset" 583
"../../../SoulStriker/Content/StarterContent/Textures/T_Single_Tile_N.uasset" 584
"../../../SoulStriker/Content/StarterContent/Textures/T_Tech_Dot_M.uasset" 585
"../../../SoulStriker/Content/StarterContent/Textures/T_Tech_Dot_N.uasset" 586
"../../../SoulStriker/Content/StarterContent/Materials/M_Tech_Checker_Dot.uasset" 587
"../../../SoulStriker/Content/StarterContent/Materials/M_Tech_Hex_Tile_Pulse.uasset" 588
"../../../SoulStriker/Content/StarterContent/Textures/T_Tech_Panel_M.uasset" 589
"../../../SoulStriker/Content/StarterContent/Textures/T_Tech_Panel_N.uasset" 590
"../../../SoulStriker/Content/StarterContent/Materials/M_Tech_Panel.uasset" 591
"../../../SoulStriker/Content/StarterContent/Materials/M_Water_Lake.uasset" 592
"../../../SoulStriker/Content/StarterContent/Textures/T_Water_M.uasset" 593
"../../../SoulStriker/Content/StarterContent/Materials/M_Water_Ocean.uasset" 594
"../../../SoulStriker/Content/StarterContent/Textures/T_Wood_Floor_Walnut_D.uasset" 595
"../../../SoulStriker/Content/StarterContent/Textures/T_Wood_Floor_Walnut_M.uasset" 596
"../../../SoulStriker/Content/StarterContent/Textures/T_Wood_Floor_Walnut_N.uasset" 597
"../../../SoulStriker/Content/StarterContent/Materials/M_Wood_Floor_Walnut_Polished.uasset" 598
"../../../Engine/Content/Functions/Engine_MaterialFunctions01/Opacity/AlphaOffset.uasset" 599
"../../../SoulStriker/Content/StarterContent/Materials/M_Wood_Floor_Walnut_Worn.uasset" 600
"../../../SoulStriker/Content/StarterContent/Textures/T_Wood_Oak_D.uasset" 601
"../../../SoulStriker/Content/StarterContent/Textures/T_Wood_Oak_N.uasset" 602
"../../../SoulStriker/Content/StarterContent/Materials/M_Wood_Oak.uasset" 603
"../../../SoulStriker/Content/StarterContent/Textures/T_Wood_Pine_D.uasset" 604
"../../../SoulStriker/Content/StarterContent/Textures/T_Wood_Pine_N.uasset" 605
"../../../SoulStriker/Content/StarterContent/Materials/M_Wood_Pine.uasset" 606
"../../../SoulStriker/Content/StarterContent/Textures/T_Wood_Walnut_D.uasset" 607
"../../../SoulStriker/Content/StarterContent/Textures/T_Wood_Walnut_N.uasset" 608
"../../../SoulStriker/Content/StarterContent/Materials/M_Wood_Walnut.uasset" 609
"../../../SoulStriker/Content/StarterContent/Architecture/Wall_400x200.uasset" 610
"../../../SoulStriker/Content/StarterContent/Architecture/Wall_Door_400x300.uasset" 611
"../../../SoulStriker/Content/StarterContent/Architecture/Wall_Window_400x300.uasset" 612
"../../../SoulStriker/Content/StarterContent/Audio/Collapse_Cue.uasset" 613
"../../../SoulStriker/Content/StarterContent/Audio/Starter_Background_Cue.uasset" 614
"../../../SoulStriker/Content/StarterContent/Audio/Starter_Music_Cue.uasset" 615
"../../../SoulStriker/Content/StarterContent/Textures/T_Dust_Particle_D.uasset" 616
"../../../SoulStriker/Content/StarterContent/Particles/Materials/M_Dust_Particle.uasset" 617
"../../../SoulStriker/Content/StarterContent/Particles/P_Ambient_Dust.uasset" 618
"../../../SoulStriker/Content/StarterContent/Props/MaterialSphere.uasset" 619
"../../../SoulStriker/Content/StarterContent/Props/SM_Chair.uasset" 620
"../../../SoulStriker/Content/StarterContent/Props/SM_CornerFrame.uasset" 621
"../../../SoulStriker/Content/StarterContent/Props/SM_DoorFrame.uasset" 622
"../../../SoulStriker/Content/StarterContent/Props/SM_GlassWindow.uasset" 623
"../../../SoulStriker/Content/StarterContent/Props/SM_PillarFrame.uasset" 624
"../../../SoulStriker/Content/StarterContent/Textures/T_Statue_M.uasset" 625
"../../../SoulStriker/Content/StarterContent/Textures/T_Statue_N.uasset" 626
"../../../SoulStriker/Content/StarterContent/Props/Materials/M_Statue.uasset" 627
"../../../SoulStriker/Content/StarterContent/Props/Materials/M_StatueGlass.uasset" 628
"../../../SoulStriker/Content/StarterContent/Props/SM_Statue.uasset" 629
"../../../SoulStriker/Content/StarterContent/Textures/T_TableRound_M.uasset" 630
"../../../SoulStriker/Content/StarterContent/Textures/T_TableRound_N.uasset" 631
"../../../SoulStriker/Content/StarterContent/Props/Materials/M_TableRound.uasset" 632
"../../../SoulStriker/Content/StarterContent/Props/SM_TableRound.uasset" 633
"../../../SoulStriker/Content/StarterContent/Props/SM_WindowFrame.uasset" 634
"../../../SoulStriker/Content/StarterContent/Shapes/Shape_Cube.uasset" 635
"../../../SoulStriker/Content/StarterContent/Shapes/Shape_QuadPyramid.uasset" 636
"../../../SoulStriker/Content/StarterContent/Shapes/Shape_Sphere.uasset" 637
"../../../SoulStriker/Content/StarterContent/Maps/StarterMap.umap" 638
"../../../SoulStriker/Content/bluePrints/AI_Turret/turretBoss.uasset" 639
"../../../SoulStriker/Content/moveingPlatform.uasset" 640
"../../../SoulStriker/Content/Maps/Level_3.umap" 641
"../../../SoulStriker/Content/StarterContent/Maps/Minimal_Default.umap" 642
"../../../SoulStriker/Content/customMaterials/Magic_Circle_T.uasset" 643
"../../../SoulStriker/Content/customMaterials/Magic_Circle_T_Mat.uasset" 644
"../../../SoulStriker/Content/customMaterials/magic_circle_P.uasset" 645
"../../../SoulStriker/Content/bluePrints/tutorialOrbEnabler.uasset" 646
"../../../SoulStriker/Content/customArt/MainCharacters/shield_full_pasted__polySurface1Mat.uasset" 647
"../../../SoulStriker/Content/customArt/MainCharacters/shield_test.uasset" 648
"../../../SoulStriker/Content/bluePrints/Shield_Pickup.uasset" 649
"../../../SoulStriker/Content/bluePrints/Sword_Pickup.uasset" 650
"../../../SoulStriker/Content/GameMode_GameState/SoulStrikerCampaign_Level.uasset" 651
"../../../SoulStriker/Content/GameMode_GameState/SoulStrikerCampaign.uasset" 652
"../../../SoulStriker/Content/customMaterials/brick_texture_1_diffuse_Mat.uasset" 653
"../../../SoulStriker/Content/Geometry/Meshes/RoadKillOutMat.uasset" 654
"../../../SoulStriker/Content/Geometry/Meshes/barrel.uasset" 655
"../../../SoulStriker/Content/Geometry/Meshes/pCube1Mat.uasset" 656
"../../../SoulStriker/Content/Geometry/Meshes/pillar.uasset" 657
"../../../SoulStriker/Content/Geometry/Meshes/table.uasset" 658
"../../../SoulStriker/Content/Maps/Level_1.umap" 659
"../../../SoulStriker/Content/bluePrints/Animations/slime_anim_Skeleton.uasset" 660
"../../../SoulStriker/Content/bluePrints/Animations/slime_anim_Anim.uasset" 661
"../../../SoulStriker/Content/bluePrints/Animations/slime_anim_PhysicsAsset.uasset" 662
"../../../SoulStriker/Content/bluePrints/Animations/slime_anim.uasset" 663
"../../../SoulStriker/Content/bluePrints/AI_Simple/AI_SimpleCharacter.uasset" 664
"../../../SoulStriker/Content/Maps/TestLevel.umap" 665
"../../../SoulStriker/Content/bluePrints/DeathMenu.uasset" 666
"../../../SoulStriker/Content/ThirdPersonBP/Blueprints/menuMusic.uasset" 667
"../../../SoulStriker/Content/Maps/DeathLevel.umap" 668
"../../../Engine/Content/EngineMaterials/DefaultNormal.uasset" 669
"../../../Engine/Content/Maps/Entry.umap" 670
"../../../SoulStriker/Content/bluePrints/MainMenu.uasset" 671
"../../../SoulStriker/Content/Maps/MainMenu.umap" 672
"../../../SoulStriker/Content/StarterContent/Blueprints/Assets/FogBrightnessLUT.uasset" 673
"../../../SoulStriker/Content/StarterContent/Blueprints/Assets/SunlightColorLUT.uasset" 674
"../../../SoulStriker/Content/StarterContent/Blueprints/Assets/M_LightStage_Arrows.uasset" 675
"../../../Engine/Content/MapTemplates/Sky/DaylightAmbientCubemap.uasset" 676
"../../../SoulStriker/Content/StarterContent/Blueprints/Assets/M_LightStage_Skybox_Master.uasset" 677
"../../../SoulStriker/Content/StarterContent/Blueprints/Assets/M_LightStage_Skybox_Black.uasset" 678
"../../../SoulStriker/Content/StarterContent/Blueprints/Assets/M_LightStage_Skybox_HDRI.uasset" 679
"../../../Engine/Content/EditorMaterials/Thumbnails/SkySphereMaterial.uasset" 680
"../../../SoulStriker/Content/StarterContent/Blueprints/Assets/Skybox.uasset" 681
"../../../SoulStriker/Content/StarterContent/Blueprints/Assets/SM_Arrows.uasset" 682
"../../../SoulStriker/Content/StarterContent/HDRI/HDRI_Epic_Courtyard_Daylight.uasset" 683
"../../../SoulStriker/Content/StarterContent/Blueprints/BP_LightStudio.uasset" 684
"../../../SoulStriker/Content/StarterContent/Materials/M_AssetPlatform.uasset" 685
"../../../Engine/Content/EditorMeshes/ColorCalibrator/M_ChromeBall.uasset" 686
"../../../Engine/Content/EditorMeshes/ColorCalibrator/M_ClearCoat.uasset" 687
"../../../Engine/Content/EditorMeshes/ColorCalibrator/M_ClearCoatBlack.uasset" 688
"../../../Engine/Content/EditorMeshes/ColorCalibrator/M_ColorGrid.uasset" 689
"../../../Engine/Content/EditorMeshes/ColorCalibrator/M_GreyBall.uasset" 690
"../../../Engine/Content/EditorMeshes/ColorCalibrator/SM_ColorCalibrator.uasset" 691
"../../../SoulStriker/Content/StarterContent/Architecture/SM_AssetPlatform.uasset" 692
"../../../SoulStriker/Content/StarterContent/Maps/Advanced_Lighting.umap" 693
"../../../SoulStriker/Content/bluePrints/Animations/paladin_idle_Anim.uasset" 694
"../../../SoulStriker/Content/bluePrints/SceneDirector.uasset" 695
"../../../SoulStriker/Content/bluePrints/Animations/slime_rigged_PhysicsAsset.uasset" 696
"../../../SoulStriker/Content/bluePrints/Animations/slime_rigged.uasset" 697
"../../../SoulStriker/Content/customArt/Enemies/pCube1Mat.uasset" 698
"../../../SoulStriker/Content/customArt/Enemies/slime_1.uasset" 699
"../../../SoulStriker/Content/customArt/MainCharacters/pCube34Mat.uasset" 700
"../../../SoulStriker/Content/customArt/MainCharacters/pCube40Mat.uasset" 701
"../../../SoulStriker/Content/customArt/MainCharacters/pCube41Mat.uasset" 702
"../../../SoulStriker/Content/customArt/MainCharacters/pCube42Mat.uasset" 703
"../../../SoulStriker/Content/customArt/MainCharacters/pCube43Mat.uasset" 704
"../../../SoulStriker/Content/customArt/MainCharacters/pCube44Mat.uasset" 705
"../../../SoulStriker/Content/customArt/MainCharacters/pCube45Mat.uasset" 706
"../../../SoulStriker/Content/customArt/MainCharacters/pCube46Mat.uasset" 707
"../../../SoulStriker/Content/customArt/MainCharacters/pCylinder1Mat.uasset" 708
"../../../SoulStriker/Content/customArt/MainCharacters/pCylinder2Mat.uasset" 709
"../../../SoulStriker/Content/customArt/MainCharacters/polySurface3Mat.uasset" 710
"../../../SoulStriker/Content/customArt/MainCharacters/polySurface5Mat.uasset" 711
"../../../SoulStriker/Content/customArt/MainCharacters/paladin_noarmorUVs.uasset" 712
"../../../SoulStriker/Content/customArt/MainCharacters/Sword_full_pCube5Mat.uasset" 713
"../../../SoulStriker/Content/customArt/MainCharacters/Sword_full_pCylinder1Mat.uasset" 714
"../../../SoulStriker/Content/customArt/MainCharacters/sword_test.uasset" 715
"../../../SoulStriker/Content/Geometry/Meshes/TemplateFloor.uasset" 716
"../../../SoulStriker/Content/ThirdPersonBP/Maps/ThirdPersonExampleMap.umap" 717
