Log file open, 05/30/17 23:09:19
LogInit:Display: Running engine for game: SoulStriker
LogPlatformFile: Not using cached read wrapper
LogInit:Display: RandInit(-1818196195) SRandInit(-1818196194).
LogTaskGraph: Started task graph with 4 named threads and 7 total threads with 1 sets of task threads.
LogStats: Stats thread started at 0.074487
LogInit: Version: 4.12.5-3039270+++UE4+Release-4.12
LogInit: API Version: 2992821
LogInit: Net Version: 3039270
LogDevObjectVersion: Number of dev versions registered: 13
LogDevObjectVersion:   Dev-Blueprints (B0D832E4-1F89-4F0D-ACCF-7EB736FD4AA2): 3
LogDevObjectVersion:   Dev-Build (E1C64328-A22C-4D53-A36C-8E866417BD8C): 0
LogDevObjectVersion:   Dev-Core (375EC13C-06E4-48FB-B500-84F0262A717E): 1
LogDevObjectVersion:   Dev-Editor (E4B068ED-F494-42E9-A231-DA0B2E46BB41): 2
LogDevObjectVersion:   Dev-Framework (CFFC743F-43B0-4480-9391-14DF171D2073): 6
LogDevObjectVersion:   Dev-Mobile (B02B49B5-BB20-44E9-A304-32B752E40360): 0
LogDevObjectVersion:   Dev-Networking (A4E4105C-59A1-49B5-A7C5-40C4547EDFEE): 0
LogDevObjectVersion:   Dev-Online (39C831C9-5AE6-47DC-9A44-9C173E1C8E7C): 0
LogDevObjectVersion:   Dev-Physics (78F01B33-EBEA-4F98-B9B4-84EACCB95AA2): 0
LogDevObjectVersion:   Dev-Platform (6631380F-2D4D-43E0-8009-CF276956A95A): 0
LogDevObjectVersion:   Dev-Rendering (12F88B9F-8875-4AFC-A67C-D90C383ABD29): 2
LogDevObjectVersion:   Dev-Sequencer (7B5AE74C-D270-4C10-A958-57980B212A5A): 0
LogDevObjectVersion:   Dev-VR (D7296918-1DD6-4BDD-9DE2-64A83CC13884): 0
LogInit: Compiled (64-bit): Jul  6 2016 09:09:46
LogInit: Compiled with Visual C++: 19.00.23026.00
LogInit: Build Configuration: Development
LogInit: Branch Name: ++UE4+Release-4.12
LogInit: Command line:  
LogInit: Base directory: C:/Program Files (x86)/Epic Games/4.12/Engine/Binaries/Win64/
LogInit: Installed Engine Build: 1
LogInit: Using libcurl 7.41.0
LogInit:  - built for x86_64-pc-win32
LogInit:  - supports SSL with WinSSL
LogInit:  - other features:
LogInit:      CURL_VERSION_SSL
LogInit:      CURL_VERSION_IPV6
LogInit:      CURL_VERSION_ASYNCHDNS
LogInit:      CURL_VERSION_LARGEFILE
LogInit:      CURL_VERSION_IDN
LogInit:  CurlRequestOptions (configurable via config and command line):
LogInit:  - bVerifyPeer = true  - Libcurl will verify peer certificate
LogInit:  - bUseHttpProxy = false  - Libcurl will NOT use HTTP proxy
LogInit:  - bDontReuseConnections = false  - Libcurl will reuse connections
LogInit:  - CertBundlePath = nullptr  - Libcurl will use whatever was configured at build time.
LogInit: Presizing for max 8388607 objects, including 0 objects not considered by GC, pre-allocating 0 bytes for permanent pool.
LogInit: Object subsystem initialized
[2017.05.31-03.09.19:152][  0]LogInit: Selected Device Profile: [Windows]
[2017.05.31-03.09.19:152][  0]LogInit: Applying CVar settings loaded from the selected device profile: [Windows]
[2017.05.31-03.09.19:163][  0]LogInit: Computer: BMO
[2017.05.31-03.09.19:163][  0]LogInit: User: Steve
[2017.05.31-03.09.19:163][  0]LogInit: CPU Page size=65536, Cores=4
[2017.05.31-03.09.19:163][  0]LogInit: High frequency timer resolution =3.410076 MHz
[2017.05.31-03.09.19:163][  0]LogMemory: Memory total: Physical=8.0GB (8GB approx)
[2017.05.31-03.09.19:163][  0]LogMemory: Platform Memory Stats for Windows
[2017.05.31-03.09.19:163][  0]LogMemory: Process Physical Memory: 190.42 MB used, 190.42 MB peak
[2017.05.31-03.09.19:163][  0]LogMemory: Process Virtual Memory: 195.29 MB used, 195.29 MB peak
[2017.05.31-03.09.19:163][  0]LogMemory: Physical Memory: 4489.32 MB used, 8145.96 MB total
[2017.05.31-03.09.19:163][  0]LogMemory: Virtual Memory: 553.81 MB used, 134217728.00 MB total
[2017.05.31-03.09.19:190][  0]LogTextLocalizationManager: No specific translations for ('en-US') exist, so ('en') translations will be used.
[2017.05.31-03.09.19:588][  0]LogD3D11RHI: D3D11 adapters:
[2017.05.31-03.09.20:114][  0]LogD3D11RHI:    0. 'NVIDIA GeForce GTX 660' (Feature Level 11_0)
[2017.05.31-03.09.20:114][  0]LogD3D11RHI:       2016/0/4072 MB DedicatedVideo/DedicatedSystem/SharedSystem, Outputs:2, VendorId:0x10de
[2017.05.31-03.09.20:116][  0]LogD3D11RHI:    1. 'Microsoft Basic Render Driver' (Feature Level 11_0)
[2017.05.31-03.09.20:116][  0]LogD3D11RHI:       0/0/4072 MB DedicatedVideo/DedicatedSystem/SharedSystem, Outputs:0, VendorId:0x1414
[2017.05.31-03.09.20:116][  0]LogD3D11RHI: Chosen D3D11 Adapter: 0
[2017.05.31-03.09.20:123][  0]LogD3D11RHI: Creating new Direct3DDevice
[2017.05.31-03.09.20:123][  0]LogD3D11RHI:     GPU DeviceId: 0x11c0 (for the marketing name, search the web for "GPU Device Id")
[2017.05.31-03.09.20:123][  0]LogWindows: EnumDisplayDevices:
[2017.05.31-03.09.20:123][  0]LogWindows:    0. 'NVIDIA GeForce GTX 660' (P:1 D:1)
[2017.05.31-03.09.20:123][  0]LogWindows:    1. 'NVIDIA GeForce GTX 660' (P:0 D:1)
[2017.05.31-03.09.20:123][  0]LogWindows:    2. 'NVIDIA GeForce GTX 660' (P:0 D:0)
[2017.05.31-03.09.20:123][  0]LogWindows:    3. 'NVIDIA GeForce GTX 660' (P:0 D:0)
[2017.05.31-03.09.20:123][  0]LogWindows: DebugString: FoundDriverCount:4 
[2017.05.31-03.09.20:123][  0]LogD3D11RHI:     Adapter Name: NVIDIA GeForce GTX 660
[2017.05.31-03.09.20:123][  0]LogD3D11RHI:   Driver Version: 378.92 (internal:21.21.13.7892, unified:378.92)
[2017.05.31-03.09.20:123][  0]LogD3D11RHI:      Driver Date: 3-16-2017
[2017.05.31-03.09.20:123][  0]LogRHI: Texture pool is 1361 MB (70% of 1945 MB)
[2017.05.31-03.09.20:607][  0]LogD3D11RHI: Async texture creation enabled
[2017.05.31-03.09.20:943][  0]LogD3D11RHI: GPU Timing Frequency: 1000.000000 (Debug: 2 2)
[2017.05.31-03.09.20:944][  0]LogShaderCompilers: Guid format shader working directory is -25 characters bigger than the processId version (../../../../../../Users/Steve/Desktop/Soul-Striker-Redone/Soul Striker/Intermediate/Shaders/WorkingDirectory/26000/).
[2017.05.31-03.09.20:944][  0]LogShaderCompilers: Cleaned the shader compiler working directory 'C:/Users/Steve/AppData/Local/Temp/UnrealShaderWorkingDir/4F1768204D9F0CB1365425AEAD96BB5D/'.
[2017.05.31-03.09.20:944][  0]LogShaderCompilers:Display: Using Local Shader Compiler.
[2017.05.31-03.09.22:369][  0]LogTemp:Display: Loaded TP AllDesktopTargetPlatform
[2017.05.31-03.09.22:377][  0]LogTemp:Display: Loaded TP WindowsClientTargetPlatform
[2017.05.31-03.09.22:384][  0]LogTemp:Display: Loaded TP WindowsNoEditorTargetPlatform
[2017.05.31-03.09.22:392][  0]LogTemp:Display: Loaded TP WindowsServerTargetPlatform
[2017.05.31-03.09.22:400][  0]LogTemp:Display: Loaded TP WindowsTargetPlatform
[2017.05.31-03.09.22:407][  0]LogTemp:Display: Loaded TP AndroidTargetPlatform
[2017.05.31-03.09.22:413][  0]LogTemp:Display: Loaded TP Android_ASTCTargetPlatform
[2017.05.31-03.09.22:419][  0]LogTemp:Display: Loaded TP Android_ATCTargetPlatform
[2017.05.31-03.09.22:426][  0]LogTemp:Display: Loaded TP Android_DXTTargetPlatform
[2017.05.31-03.09.22:433][  0]LogTemp:Display: Loaded TP Android_ETC1TargetPlatform
[2017.05.31-03.09.22:439][  0]LogTemp:Display: Loaded TP Android_ETC2TargetPlatform
[2017.05.31-03.09.22:453][  0]LogTemp:Display: Loaded TP Android_MultiTargetPlatform
[2017.05.31-03.09.22:453][  0]LogTemp:Display: Loaded TP Android_PVRTCTargetPlatform
[2017.05.31-03.09.22:454][  0]LogTemp:Display: Loaded TP HTML5TargetPlatform
[2017.05.31-03.09.22:474][  0]LogTemp:Display: Loaded TP IOSTargetPlatform
[2017.05.31-03.09.22:480][  0]LogTemp:Display: Loaded TP TVOSTargetPlatform
[2017.05.31-03.09.22:487][  0]LogTemp:Display: Loaded TP LinuxNoEditorTargetPlatform
[2017.05.31-03.09.22:494][  0]LogTemp:Display: Loaded TP LinuxServerTargetPlatform
[2017.05.31-03.09.22:500][  0]LogTemp:Display: Loaded TP LinuxTargetPlatform
[2017.05.31-03.09.22:500][  0]LogTargetPlatformManager:Display: Building Assets For Windows
[2017.05.31-03.09.22:564][  0]LogDerivedDataCache:Display: Max Cache Size: 512 MB
[2017.05.31-03.09.23:012][  0]LogDerivedDataCache: Loaded boot cache 0.45s 48MB C:/Users/Steve/AppData/Local/UnrealEngine/4.12/DerivedDataCache/Boot.ddc.
[2017.05.31-03.09.23:013][  0]LogDerivedDataCache:Display: Loaded Boot cache: C:/Users/Steve/AppData/Local/UnrealEngine/4.12/DerivedDataCache/Boot.ddc
[2017.05.31-03.09.23:013][  0]LogDerivedDataCache: FDerivedDataBackendGraph:  Pak pak cache file ../../../../../../Users/Steve/Desktop/Soul-Striker-Redone/Soul Striker/DerivedDataCache/DDC.ddp not found, will not use a pak cache.
[2017.05.31-03.09.23:013][  0]LogDerivedDataCache: Unable to find inner node Pak for hierarchical cache Hierarchy.
[2017.05.31-03.09.23:013][  0]LogDerivedDataCache: FDerivedDataBackendGraph:  CompressedPak pak cache file ../../../../../../Users/Steve/Desktop/Soul-Striker-Redone/Soul Striker/DerivedDataCache/Compressed.ddp not found, will not use a pak cache.
[2017.05.31-03.09.23:013][  0]LogDerivedDataCache: Unable to find inner node CompressedPak for hierarchical cache Hierarchy.
[2017.05.31-03.09.23:029][  0]LogDerivedDataCache:Display: Pak cache opened for reading ../../../Engine/DerivedDataCache/Compressed.ddp.
[2017.05.31-03.09.23:041][  0]LogDerivedDataCache: Using Local data cache path C:/Users/Steve/AppData/Local/UnrealEngine/Common/DerivedDataCache: Writable
[2017.05.31-03.09.23:239][  0]LogInit: Selected Device Profile: [Windows]
[2017.05.31-03.09.23:240][  0]LogContentStreaming: Texture pool size is 0.00 MB
[2017.05.31-03.09.23:817][  0]LogMeshUtilities: No automatic mesh reduction module available
[2017.05.31-03.09.23:817][  0]LogMeshUtilities: No automatic mesh merging module available
[2017.05.31-03.09.23:817][  0]LogMeshUtilities: No distributed automatic mesh merging module available
[2017.05.31-03.09.26:044][  0]LogAssetRegistry: FAssetRegistry took 0.0216 seconds to start up
[2017.05.31-03.09.26:082][  0]LogPackageLocalizationCache: Processed 3 localized package path(s) for 2 prioritized culture(s) in 0.035000 seconds
[2017.05.31-03.09.26:086][  0]LogUObjectArray: 28739 objects as part of root set at end of initial load.
[2017.05.31-03.09.26:086][  0]LogUObjectAllocator: 5855632 out of 0 bytes used by permanent object pool.
[2017.05.31-03.09.26:086][  0]LogUObjectArray: CloseDisregardForGC: 0/0 objects in disregard for GC pool
[2017.05.31-03.09.26:093][  0]LogInit: WinSock: version 1.1 (2.2), MaxSocks=32767, MaxUdp=65467
[2017.05.31-03.09.26:736][  0]LogSlate: SlateFontCache - WITH_FREETYPE: 1, WITH_HARFBUZZ: 1
[2017.05.31-03.09.26:736][  0]LogSlate: SlateFontCache - WITH_FREETYPE: 1, WITH_HARFBUZZ: 1
[2017.05.31-03.09.51:834][  0]LogSubstanceCoreModule: Substance CPU Engine Loaded, Max Texture Size 2048
[2017.05.31-03.09.51:867][  0]LogUdpMessaging: Initializing bridge on interface 0.0.0.0:0 to multicast group 230.0.0.1:6666.
[2017.05.31-03.09.52:717][  0]SourceControl: Info Source control is disabled
[2017.05.31-03.09.52:718][  0]SourceControl: Info Source control is disabled
[2017.05.31-03.09.52:725][  0]SourceControl: Info Source control is disabled
[2017.05.31-03.09.52:733][  0]SourceControl: Info Source control is disabled
[2017.05.31-03.09.52:964][  0]LogLinker:Warning: Can't find file '/Game/PuzzleBP/Tutorial/Part3-GridBlueprint'
[2017.05.31-03.09.52:964][  0]LogLinker:Warning: Can't find file '/Game/PuzzleBP/Tutorial/Part3-GridBlueprint'
[2017.05.31-03.09.52:964][  0]LogUObjectGlobals:Warning: Failed to find object 'Class /Game/PuzzleBP/Tutorial/Part3-GridBlueprint.Part3-GridBlueprint_C'
[2017.05.31-03.09.53:379][  0]LogEngine: Initializing Engine...
[2017.05.31-03.09.53:380][  0]LogHMD: SteamVR failed to initialize.  Err: 110
[2017.05.31-03.09.53:380][  0]LogHMD: SteamVR failed to initialize.  Err: 110
[2017.05.31-03.09.54:232][  0]LogAIModule: Creating AISystem for world NewWorld
[2017.05.31-03.09.54:252][  0]LogInit: XAudio2 using 'Speakers (Realtek High Definition Audio)' : 2 channels at 48 kHz using 32 bits per sample (channel mask 0x3)
[2017.05.31-03.09.54:266][  0]LogInit: FAudioDevice initialized.
[2017.05.31-03.09.54:291][  0]LogDerivedDataCache: Saved boot cache 0.02s 48MB C:/Users/Steve/AppData/Local/UnrealEngine/4.12/DerivedDataCache/Boot.ddc.
[2017.05.31-03.09.54:299][  0]LogInit: Texture streaming: Enabled
[2017.05.31-03.09.54:319][  0]LogInit: Transaction tracking system initialized
[2017.05.31-03.09.54:336][  0]BlueprintLog: New page: Editor Load
[2017.05.31-03.09.54:439][  0]LocalizationService: Info Localization service is disabled
[2017.05.31-03.09.55:067][  0]LogConsoleResponse:Display: 
[2017.05.31-03.09.56:157][  0]LogCook:Display: Max memory allowance for cook 8192mb
[2017.05.31-03.09.56:157][  0]LogCook:Display: Mobile HDR setting 1
[2017.05.31-03.09.57:086][  0]LogFileCache: Scanning file cache for directory 'C:/Users/Steve/Desktop/Soul-Striker-Redone/Soul Striker/Content/' took 0.03s
[2017.05.31-03.09.57:086][  0]SourceControl: Info Source control is disabled
[2017.05.31-03.09.57:086][  0]Cmd: MAP LOAD FILE="../../../../../../Users/Steve/Desktop/Soul-Striker-Redone/Soul Striker/Content/ThirdPersonBP/Maps/ThirdPersonExampleMap.umap" TEMPLATE=0 SHOWPROGRESS=1 FEATURELEVEL=3
[2017.05.31-03.09.57:088][  0]LightingResults: New page: Lighting Build
[2017.05.31-03.09.57:096][  0]MapCheck: New page: Map Check
[2017.05.31-03.09.57:096][  0]LightingResults: New page: Lighting Build
[2017.05.31-03.10.00:328][  0]LogBlueprint:Warning: Compiler Warning Node  Unknown  is not referencing a valid level actor
[2017.05.31-03.10.00:328][  0]LogBlueprint:Warning: Compiler Warning [0041.95] Compile of PersistentLevel.ThirdPersonExampleMap successful, but with 1 Warning(s) [in 2 ms] (/Game/ThirdPersonBP/Maps/ThirdPersonExampleMap.ThirdPersonExampleMap:PersistentLevel.ThirdPersonExampleMap)
[2017.05.31-03.10.00:328][  0]LogBlueprint:Warning: Compiler Warning [0041.95] Compile of PersistentLevel.ThirdPersonExampleMap successful, but with 2 Warning(s) [in 0 ms] (/Game/ThirdPersonBP/Maps/ThirdPersonExampleMap.ThirdPersonExampleMap:PersistentLevel.ThirdPersonExampleMap)
[2017.05.31-03.10.00:328][  0]LogBlueprint:Warning: Compiler Warning [0041.95] Compile of PersistentLevel.ThirdPersonExampleMap successful, but with 3 Warning(s) [in 0 ms] (/Game/ThirdPersonBP/Maps/ThirdPersonExampleMap.ThirdPersonExampleMap:PersistentLevel.ThirdPersonExampleMap)
[2017.05.31-03.10.00:330][  0]LogBlueprint:Warning: Compiler Warning Node  Unknown  is not referencing a valid level actor
[2017.05.31-03.10.00:330][  0]LogBlueprint:Warning: Compiler Warning [0041.95] Compile of PersistentLevel.ThirdPersonExampleMap successful, but with 1 Warning(s) [in 1 ms] (/Game/ThirdPersonBP/Maps/ThirdPersonExampleMap.ThirdPersonExampleMap:PersistentLevel.ThirdPersonExampleMap)
[2017.05.31-03.10.00:330][  0]LogBlueprint:Warning: Compiler Warning [0041.95] Compile of PersistentLevel.ThirdPersonExampleMap successful, but with 2 Warning(s) [in 0 ms] (/Game/ThirdPersonBP/Maps/ThirdPersonExampleMap.ThirdPersonExampleMap:PersistentLevel.ThirdPersonExampleMap)
[2017.05.31-03.10.00:330][  0]LogBlueprint:Warning: Compiler Warning [0041.95] Compile of PersistentLevel.ThirdPersonExampleMap successful, but with 3 Warning(s) [in 0 ms] (/Game/ThirdPersonBP/Maps/ThirdPersonExampleMap.ThirdPersonExampleMap:PersistentLevel.ThirdPersonExampleMap)
[2017.05.31-03.10.04:058][  0]LogAIModule: Creating AISystem for world ThirdPersonExampleMap
[2017.05.31-03.10.04:376][  0]LogEditorServer: Finished looking for orphan Actors (0.000 secs)
[2017.05.31-03.10.04:378][  0]Cmd: MAP CHECKDEP NOCLEARLOG
[2017.05.31-03.10.04:439][  0]MapCheck: Info Map check complete: 0 Error(s), 0 Warning(s), took 61.038ms to complete.
[2017.05.31-03.10.04:439][  0]LogFileHelpers: Loading map 'ThirdPersonExampleMap' took 7.353
[2017.05.31-03.10.04:767][  0]LogCollectionManager: Loaded 0 collections in 0.001524 seconds
[2017.05.31-03.10.04:862][  0]LogFileCache: Scanning file cache for directory 'C:/Users/Steve/Desktop/Soul-Striker-Redone/Soul Striker/Saved/Collections/' took 0.01s
[2017.05.31-03.10.04:862][  0]LogFileCache: Scanning file cache for directory 'C:/Users/Steve/Desktop/Soul-Striker-Redone/Soul Striker/Content/Developers/Steve/Collections/' took 0.01s
[2017.05.31-03.10.04:862][  0]LogFileCache: Scanning file cache for directory 'C:/Users/Steve/Desktop/Soul-Striker-Redone/Soul Striker/Content/Collections/' took 0.01s
[2017.05.31-03.10.04:862][  0]LogCollectionManager: Rebuilt the GUID cache for 0 collections in 0.000006 seconds
[2017.05.31-03.10.04:873][  0]LogContentBrowser: Native class hierarchy populated in 0.0106 seconds. Added 2062 classes and 375 folders.
[2017.05.31-03.10.04:877][  0]LogStats: UGameplayTagsManager::ConstructGameplayTagTree: Construct from data asset -  0.000 s
[2017.05.31-03.10.04:877][  0]LogStats: UGameplayTagsManager::ConstructGameplayTagTree: GameplayTagTreeChangedEvent.Broadcast -  0.000 s
[2017.05.31-03.10.04:878][  0]LogContentBrowser: Native class hierarchy updated for 'GameplayTags' in 0.0004 seconds. Added 12 classes and 0 folders.
[2017.05.31-03.10.04:882][  0]LogContentBrowser: Native class hierarchy updated for 'WidgetCarousel' in 0.0003 seconds. Added 0 classes and 0 folders.
[2017.05.31-03.10.05:949][  0]LogContentBrowser: Native class hierarchy updated for 'AddContentDialog' in 0.0015 seconds. Added 0 classes and 0 folders.
[2017.05.31-03.10.05:962][  0]LogContentBrowser: Native class hierarchy updated for 'SceneOutliner' in 0.0013 seconds. Added 1 classes and 2 folders.
[2017.05.31-03.10.05:996][  0]LogCrashTracker: Crashtracker disabled due to settings.
[2017.05.31-03.10.06:006][  0]LogUObjectGlobals:Warning: Failed to find object 'Class None.'
[2017.05.31-03.10.06:036][  0]LogContentBrowser: Native class hierarchy updated for 'HierarchicalLODOutliner' in 0.0009 seconds. Added 1 classes and 2 folders.
[2017.05.31-03.10.06:036][  0]LogLoad: Full Startup: 47.65 seconds (BP compile: 0.89 seconds)
[2017.05.31-03.10.06:036][  0]LogExternalProfiler: Found external profiler: VSPerf
[2017.05.31-03.10.06:036][  0]LogExternalProfiler: Using external profiler: VSPerf
[2017.05.31-03.10.06:046][  0]LogWindowsTextInputMethodSystem:Display: IME system now deactivated.
[2017.05.31-03.10.06:046][  0]LogOcInput: OculusInput pre-init called
[2017.05.31-03.10.06:104][  0]LogContentStreaming: Texture pool size now 1000 MB
[2017.05.31-03.10.06:592][  0]LogRenderer: Reallocating scene render targets to support 1272x560 (Frame:2).
[2017.05.31-03.10.06:645][  1]LogFileCache: Retrieving MD5 hashes for directory 'C:/Users/Steve/Desktop/Soul-Striker-Redone/Soul Striker/Content/' took 0.59s
[2017.05.31-03.10.06:648][  1]LogScriptCore:Warning: Attempted to get an item from array CallFunc_GetAllActorsOfClass_OutActors out of bounds [0/0]!

[2017.05.31-03.10.06:648][  1]LogScript:Warning: Accessed None trying to read property CallFunc_Array_Get_Item
	spiritOrbOG_C /Engine/Transient.World_1:PersistentLevel.spiritOrbOG_C_0
	Function /Game/bluePrints/spiritOrbOG.spiritOrbOG_C:ExecuteUbergraph_spiritOrbOG:01C0
[2017.05.31-03.10.06:648][  1]LogScript:Warning: Accessed None trying to read property CallFunc_Array_Get_Item
	spiritOrbOG_C /Engine/Transient.World_1:PersistentLevel.spiritOrbOG_C_0
	Function /Game/bluePrints/spiritOrbOG.spiritOrbOG_C:ExecuteUbergraph_spiritOrbOG:01EF
[2017.05.31-03.10.06:648][  1]LogScript:Warning: Attempted to assign to None
	spiritOrbOG_C /Engine/Transient.World_1:PersistentLevel.spiritOrbOG_C_0
	Function /Game/bluePrints/spiritOrbOG.spiritOrbOG_C:ExecuteUbergraph_spiritOrbOG:0204
[2017.05.31-03.10.06:667][  1]LogAssetRegistry: Asset discovery search completed in 40.6442 seconds
[2017.05.31-03.10.06:667][  1]LogCollectionManager: Rebuilt the object cache for 0 collections in 0.000001 seconds (found 0 objects)
[2017.05.31-03.10.06:667][  1]LogCollectionManager: Fixed up redirectors for 0 collections in 0.000056 seconds (updated 0 objects)
[2017.05.31-03.10.13:156][721]Cmd: MAP LOAD FILE="../../../../../../Users/Steve/Desktop/Soul-Striker-Redone/Soul Striker/Content/Maps/Level_1.umap" TEMPLATE=0 SHOWPROGRESS=1 FEATURELEVEL=3
[2017.05.31-03.10.13:187][721]LightingResults: New page: Lighting Build
[2017.05.31-03.10.13:188][721]LoadErrors: New page: Loading map: Level_1.umap
[2017.05.31-03.10.13:192][721]MapCheck: New page: Map Check
[2017.05.31-03.10.13:192][721]LightingResults: New page: Lighting Build
[2017.05.31-03.10.14:162][721]LogMaterial: Missing cached shader map for material brick_texture_1_diffuse_Mat, compiling. 
[2017.05.31-03.10.14:164][721]LogMaterial:Warning: Failed to compile Material /Game/customMaterials/brick_texture_1_diffuse_Mat.brick_texture_1_diffuse_Mat for platform PCD3D_SM5, Default Material will be used in game.
[2017.05.31-03.10.14:164][721]LogMaterial:Warning: 	(Node TextureSample) TextureSample> Missing input texture
[2017.05.31-03.10.14:423][721]LogAIModule: Creating AISystem for world Level_1
[2017.05.31-03.10.14:451][721]LogMaterial:Warning: Material /Game/StarterContent/Materials/M_Metal_Burnished_Steel.M_Metal_Burnished_Steel needed to have new flag set bUsedWithSkeletalMesh !
[2017.05.31-03.10.14:453][721]LogMaterial: Missing cached shader map for material M_Metal_Burnished_Steel, compiling. 
[2017.05.31-03.10.14:517][721]MapCheck:Warning: Warning M_Metal_Burnished_Steel Material /Game/StarterContent/Materials/M_Metal_Burnished_Steel.M_Metal_Burnished_Steel was missing the usage flag bUsedWithSkeletalMesh. If the material asset is not re-saved, it may not render correctly when run outside the editor. Fix
[2017.05.31-03.10.14:544][721]LogMaterial: 0.00 seconds spent updating 1 materials, 1 interfaces, 0 instances, 0 with static permutations.
[2017.05.31-03.10.14:599][721]LogEditorServer: Finished looking for orphan Actors (0.000 secs)
[2017.05.31-03.10.14:620][721]Cmd: MAP CHECKDEP NOCLEARLOG
[2017.05.31-03.10.14:702][721]MapCheck: Info Map check complete: 0 Error(s), 1 Warning(s), took 81.968ms to complete.
[2017.05.31-03.10.14:727][721]LogFileHelpers: Loading map 'Level_1' took 1.571
[2017.05.31-03.10.48:263][600]Cmd: MAP LOAD FILE="../../../../../../Users/Steve/Desktop/Soul-Striker-Redone/Soul Striker/Content/Maps/Level_2.umap" TEMPLATE=0 SHOWPROGRESS=1 FEATURELEVEL=3
[2017.05.31-03.10.48:291][600]LightingResults: New page: Lighting Build
[2017.05.31-03.10.48:292][600]LoadErrors: New page: Loading map: Level_2.umap
[2017.05.31-03.10.48:295][600]MapCheck: New page: Map Check
[2017.05.31-03.10.48:295][600]LightingResults: New page: Lighting Build
[2017.05.31-03.10.49:454][600]LogAIModule: Creating AISystem for world Level_2
[2017.05.31-03.10.49:576][600]LogEditorServer: Finished looking for orphan Actors (0.000 secs)
[2017.05.31-03.10.49:599][600]Cmd: MAP CHECKDEP NOCLEARLOG
[2017.05.31-03.10.49:669][600]MapCheck: Info Map check complete: 0 Error(s), 0 Warning(s), took 68.634ms to complete.
[2017.05.31-03.10.49:669][600]LogFileHelpers: Loading map 'Level_2' took 1.406
[2017.05.31-03.10.54:127][121]LogBlueprintUserMessages: Early PlayInEditor Detection: Level '/Game/Maps/Level_2.Level_2:PersistentLevel' has LevelScriptBlueprint '/Game/Maps/Level_2.Level_2:PersistentLevel.Level_2' with GeneratedClass '/Game/Maps/Level_2.Level_C' with ClassGeneratedBy '/Game/Maps/Level_2.Level_2:PersistentLevel.Level_2'
[2017.05.31-03.10.54:127][121]LogPlayLevel: PlayLevel: No blueprints needed recompiling
[2017.05.31-03.10.54:128][121]PIE: New page: PIE session: Level_2 (May 30, 2017, 6:10:54 PM)
[2017.05.31-03.10.54:128][121]LogPlayLevel: Creating play world package: /Game/Maps/UEDPIE_0_Level_2
[2017.05.31-03.10.54:180][121]LogPlayLevel: PIE: StaticDuplicateObject took: (0.052844s)
[2017.05.31-03.10.54:181][121]LogAIModule: Creating AISystem for world Level_2
[2017.05.31-03.10.54:181][121]LogPlayLevel: PIE: World Init took: (0.000649s)
[2017.05.31-03.10.54:181][121]LogPlayLevel: PIE: Created PIE world by copying editor world from /Game/Maps/Level_2.Level_2 to /Game/Maps/UEDPIE_0_Level_2.Level_2 (0.053922s)
[2017.05.31-03.10.54:211][121]LogInit: XAudio2 using 'Speakers (Realtek High Definition Audio)' : 2 channels at 48 kHz using 32 bits per sample (channel mask 0x3)
[2017.05.31-03.10.54:220][121]LogInit: FAudioDevice initialized.
[2017.05.31-03.10.54:314][121]LogWorld: Game class is 'SoulStrikerCampaign_C'
[2017.05.31-03.10.54:391][121]LogWorld: Bringing World /Game/Maps/UEDPIE_0_Level_2.Level_2 up for play (max tick rate 0) at 2017.05.30-23.10.54
[2017.05.31-03.10.54:398][121]LogWorld: Bringing up level for play took: 0.080497
[2017.05.31-03.10.54:403][121]LogContentBrowser: Native class hierarchy updated for 'MovieSceneCapture' in 0.0004 seconds. Added 11 classes and 0 folders.
[2017.05.31-03.10.54:407][121]PIE: Info Play in editor start time for /Game/Maps/UEDPIE_0_Level_2 0.201
[2017.05.31-03.10.54:407][121]LogBlueprintUserMessages: Late PlayInEditor Detection: Level '/Game/Maps/Level_2.Level_2:PersistentLevel' has LevelScriptBlueprint '/Game/Maps/Level_2.Level_2:PersistentLevel.Level_2' with GeneratedClass '/Game/Maps/Level_2.Level_C' with ClassGeneratedBy '/Game/Maps/Level_2.Level_2:PersistentLevel.Level_2'
[2017.05.31-03.10.54:475][122]LogScriptCore:Warning: Attempted to get an item from array CallFunc_GetOverlappingActors_OverlappingActors out of bounds [0/0]!

[2017.05.31-03.10.54:475][122]LogScriptCore:Warning: Attempted to get an item from array CallFunc_GetOverlappingActors_OverlappingActors out of bounds [0/0]!

[2017.05.31-03.10.54:475][122]LogScriptCore:Warning: Attempted to get an item from array CallFunc_GetOverlappingActors_OverlappingActors out of bounds [0/0]!

[2017.05.31-03.10.54:476][122]LogScriptCore:Warning: Attempted to get an item from array CallFunc_GetOverlappingActors_OverlappingActors out of bounds [0/0]!

[2017.05.31-03.10.54:476][122]LogScriptCore:Warning: Attempted to get an item from array CallFunc_GetOverlappingActors_OverlappingActors out of bounds [0/0]!

[2017.05.31-03.10.54:476][122]LogScriptCore:Warning: Attempted to get an item from array CallFunc_GetOverlappingActors_OverlappingActors out of bounds [0/0]!

[2017.05.31-03.10.54:476][122]LogScriptCore:Warning: Attempted to get an item from array CallFunc_GetOverlappingActors_OverlappingActors out of bounds [0/0]!

[2017.05.31-03.10.54:476][122]LogScriptCore:Warning: Attempted to get an item from array CallFunc_GetOverlappingActors_OverlappingActors out of bounds [0/0]!

[2017.05.31-03.10.54:476][122]LogScriptCore:Warning: Attempted to get an item from array CallFunc_GetOverlappingActors_OverlappingActors out of bounds [0/0]!

[2017.05.31-03.10.54:478][122]LogScriptCore:Warning: Attempted to get an item from array CallFunc_GetOverlappingActors_OverlappingActors out of bounds [0/0]!

[2017.05.31-03.10.54:478][122]LogScriptCore:Warning: Attempted to get an item from array CallFunc_GetOverlappingActors_OverlappingActors out of bounds [0/0]!

[2017.05.31-03.10.54:478][122]LogScriptCore:Warning: Attempted to get an item from array CallFunc_GetOverlappingActors_OverlappingActors out of bounds [0/0]!

[2017.05.31-03.10.54:479][122]LogScriptCore:Warning: Attempted to get an item from array CallFunc_GetOverlappingActors_OverlappingActors out of bounds [0/0]!

[2017.05.31-03.10.54:479][122]LogScriptCore:Warning: Attempted to get an item from array CallFunc_GetOverlappingActors_OverlappingActors out of bounds [0/0]!

[2017.05.31-03.10.54:479][122]LogScriptCore:Warning: Attempted to get an item from array CallFunc_GetOverlappingActors_OverlappingActors out of bounds [0/0]!

[2017.05.31-03.10.54:480][122]LogScriptCore:Warning: Attempted to get an item from array CallFunc_GetOverlappingActors_OverlappingActors out of bounds [0/0]!

[2017.05.31-03.10.54:480][122]LogScriptCore:Warning: Attempted to get an item from array CallFunc_GetOverlappingActors_OverlappingActors out of bounds [0/0]!

[2017.05.31-03.10.54:480][122]LogScriptCore:Warning: Attempted to get an item from array CallFunc_GetOverlappingActors_OverlappingActors out of bounds [0/0]!

[2017.05.31-03.10.54:522][126]LogScriptCore:Warning: Attempted to get an item from array CallFunc_GetOverlappingActors_OverlappingActors out of bounds [0/0]!

[2017.05.31-03.10.54:523][126]LogScriptCore:Warning: Attempted to get an item from array CallFunc_GetOverlappingActors_OverlappingActors out of bounds [0/0]!

[2017.05.31-03.10.54:523][126]LogScriptCore:Warning: Attempted to get an item from array CallFunc_GetOverlappingActors_OverlappingActors out of bounds [0/0]!

[2017.05.31-03.10.54:523][126]LogScriptCore:Warning: Attempted to get an item from array CallFunc_GetOverlappingActors_OverlappingActors out of bounds [0/0]!

[2017.05.31-03.10.54:523][126]LogScriptCore:Warning: Attempted to get an item from array CallFunc_GetOverlappingActors_OverlappingActors out of bounds [0/0]!

[2017.05.31-03.10.54:524][126]LogScriptCore:Warning: Attempted to get an item from array CallFunc_GetOverlappingActors_OverlappingActors out of bounds [0/0]!

[2017.05.31-03.10.54:623][138]LogScriptCore:Warning: Attempted to get an item from array CallFunc_GetOverlappingActors_OverlappingActors out of bounds [0/0]!

[2017.05.31-03.10.54:623][138]LogScriptCore:Warning: Attempted to get an item from array CallFunc_GetOverlappingActors_OverlappingActors out of bounds [0/0]!

[2017.05.31-03.10.54:624][138]LogScriptCore:Warning: Attempted to get an item from array CallFunc_GetOverlappingActors_OverlappingActors out of bounds [0/0]!

[2017.05.31-03.10.54:624][138]LogScriptCore:Warning: Attempted to get an item from array CallFunc_GetOverlappingActors_OverlappingActors out of bounds [0/0]!

[2017.05.31-03.10.54:624][138]LogScriptCore:Warning: Attempted to get an item from array CallFunc_GetOverlappingActors_OverlappingActors out of bounds [0/0]!

[2017.05.31-03.10.54:625][138]LogScriptCore:Warning: Attempted to get an item from array CallFunc_GetOverlappingActors_OverlappingActors out of bounds [0/0]!

[2017.05.31-03.10.54:723][150]LogScriptCore:Warning: Attempted to get an item from array CallFunc_GetOverlappingActors_OverlappingActors out of bounds [0/0]!

[2017.05.31-03.10.54:724][150]LogScriptCore:Warning: Attempted to get an item from array CallFunc_GetOverlappingActors_OverlappingActors out of bounds [0/0]!

[2017.05.31-03.10.54:724][150]LogScriptCore:Warning: Attempted to get an item from array CallFunc_GetOverlappingActors_OverlappingActors out of bounds [0/0]!

[2017.05.31-03.10.54:724][150]LogScriptCore:Warning: Attempted to get an item from array CallFunc_GetOverlappingActors_OverlappingActors out of bounds [0/0]!

[2017.05.31-03.10.54:724][150]LogScriptCore:Warning: Attempted to get an item from array CallFunc_GetOverlappingActors_OverlappingActors out of bounds [0/0]!

[2017.05.31-03.10.54:725][150]LogScriptCore:Warning: Attempted to get an item from array CallFunc_GetOverlappingActors_OverlappingActors out of bounds [0/0]!

[2017.05.31-03.10.54:824][162]LogScriptCore:Warning: Attempted to get an item from array CallFunc_GetOverlappingActors_OverlappingActors out of bounds [0/0]!

[2017.05.31-03.10.54:824][162]LogScriptCore:Warning: Attempted to get an item from array CallFunc_GetOverlappingActors_OverlappingActors out of bounds [0/0]!

[2017.05.31-03.10.54:824][162]LogScriptCore:Warning: Attempted to get an item from array CallFunc_GetOverlappingActors_OverlappingActors out of bounds [0/0]!

[2017.05.31-03.10.54:824][162]LogScriptCore:Warning: Attempted to get an item from array CallFunc_GetOverlappingActors_OverlappingActors out of bounds [0/0]!

[2017.05.31-03.10.54:825][162]LogScriptCore:Warning: Attempted to get an item from array CallFunc_GetOverlappingActors_OverlappingActors out of bounds [0/0]!

[2017.05.31-03.10.54:825][162]LogScriptCore:Warning: Attempted to get an item from array CallFunc_GetOverlappingActors_OverlappingActors out of bounds [0/0]!

[2017.05.31-03.10.54:924][174]LogScriptCore:Warning: Attempted to get an item from array CallFunc_GetOverlappingActors_OverlappingActors out of bounds [0/0]!

[2017.05.31-03.10.54:924][174]LogScriptCore:Warning: Attempted to get an item from array CallFunc_GetOverlappingActors_OverlappingActors out of bounds [0/0]!

[2017.05.31-03.10.54:925][174]LogScriptCore:Warning: Attempted to get an item from array CallFunc_GetOverlappingActors_OverlappingActors out of bounds [0/0]!

[2017.05.31-03.10.54:925][174]LogScriptCore:Warning: Attempted to get an item from array CallFunc_GetOverlappingActors_OverlappingActors out of bounds [0/0]!

[2017.05.31-03.10.54:925][174]LogScriptCore:Warning: Attempted to get an item from array CallFunc_GetOverlappingActors_OverlappingActors out of bounds [0/0]!

[2017.05.31-03.10.54:925][174]LogScriptCore:Warning: Attempted to get an item from array CallFunc_GetOverlappingActors_OverlappingActors out of bounds [0/0]!

[2017.05.31-03.10.55:023][186]LogScriptCore:Warning: Attempted to get an item from array CallFunc_GetOverlappingActors_OverlappingActors out of bounds [0/0]!

[2017.05.31-03.10.55:024][186]LogScriptCore:Warning: Attempted to get an item from array CallFunc_GetOverlappingActors_OverlappingActors out of bounds [0/0]!

[2017.05.31-03.10.55:024][186]LogScriptCore:Warning: Attempted to get an item from array CallFunc_GetOverlappingActors_OverlappingActors out of bounds [0/0]!

[2017.05.31-03.10.55:025][186]LogScriptCore:Warning: Attempted to get an item from array CallFunc_GetOverlappingActors_OverlappingActors out of bounds [0/0]!

[2017.05.31-03.10.55:025][186]LogScriptCore:Warning: Attempted to get an item from array CallFunc_GetOverlappingActors_OverlappingActors out of bounds [0/0]!

[2017.05.31-03.10.55:025][186]LogScriptCore:Warning: Attempted to get an item from array CallFunc_GetOverlappingActors_OverlappingActors out of bounds [0/0]!

[2017.05.31-03.10.55:123][198]LogScriptCore:Warning: Attempted to get an item from array CallFunc_GetOverlappingActors_OverlappingActors out of bounds [0/0]!

[2017.05.31-03.10.55:124][198]LogScriptCore:Warning: Attempted to get an item from array CallFunc_GetOverlappingActors_OverlappingActors out of bounds [0/0]!

[2017.05.31-03.10.55:124][198]LogScriptCore:Warning: Attempted to get an item from array CallFunc_GetOverlappingActors_OverlappingActors out of bounds [0/0]!

[2017.05.31-03.10.55:124][198]LogScriptCore:Warning: Attempted to get an item from array CallFunc_GetOverlappingActors_OverlappingActors out of bounds [0/0]!

[2017.05.31-03.10.55:124][198]LogScriptCore:Warning: Attempted to get an item from array CallFunc_GetOverlappingActors_OverlappingActors out of bounds [0/0]!

[2017.05.31-03.10.55:124][198]LogScriptCore:Warning: Attempted to get an item from array CallFunc_GetOverlappingActors_OverlappingActors out of bounds [0/0]!

[2017.05.31-03.10.55:224][210]LogScriptCore:Warning: Attempted to get an item from array CallFunc_GetOverlappingActors_OverlappingActors out of bounds [0/0]!

[2017.05.31-03.10.55:224][210]LogScriptCore:Warning: Attempted to get an item from array CallFunc_GetOverlappingActors_OverlappingActors out of bounds [0/0]!

[2017.05.31-03.10.55:224][210]LogScriptCore:Warning: Attempted to get an item from array CallFunc_GetOverlappingActors_OverlappingActors out of bounds [0/0]!

[2017.05.31-03.10.55:225][210]LogScriptCore:Warning: Attempted to get an item from array CallFunc_GetOverlappingActors_OverlappingActors out of bounds [0/0]!

[2017.05.31-03.10.55:225][210]LogScriptCore:Warning: Attempted to get an item from array CallFunc_GetOverlappingActors_OverlappingActors out of bounds [0/0]!

[2017.05.31-03.10.55:225][210]LogScriptCore:Warning: Attempted to get an item from array CallFunc_GetOverlappingActors_OverlappingActors out of bounds [0/0]!

[2017.05.31-03.10.55:324][222]LogScriptCore:Warning: Attempted to get an item from array CallFunc_GetOverlappingActors_OverlappingActors out of bounds [0/0]!

[2017.05.31-03.10.55:324][222]LogScriptCore:Warning: Attempted to get an item from array CallFunc_GetOverlappingActors_OverlappingActors out of bounds [0/0]!

[2017.05.31-03.10.55:325][222]LogScriptCore:Warning: Attempted to get an item from array CallFunc_GetOverlappingActors_OverlappingActors out of bounds [0/0]!

[2017.05.31-03.10.55:325][222]LogScriptCore:Warning: Attempted to get an item from array CallFunc_GetOverlappingActors_OverlappingActors out of bounds [0/0]!

[2017.05.31-03.10.55:325][222]LogScriptCore:Warning: Attempted to get an item from array CallFunc_GetOverlappingActors_OverlappingActors out of bounds [0/0]!

[2017.05.31-03.10.55:325][222]LogScriptCore:Warning: Attempted to get an item from array CallFunc_GetOverlappingActors_OverlappingActors out of bounds [0/0]!

[2017.05.31-03.10.55:424][234]LogScriptCore:Warning: Attempted to get an item from array CallFunc_GetOverlappingActors_OverlappingActors out of bounds [0/0]!

[2017.05.31-03.10.55:425][234]LogScriptCore:Warning: Attempted to get an item from array CallFunc_GetOverlappingActors_OverlappingActors out of bounds [0/0]!

[2017.05.31-03.10.55:425][234]LogScriptCore:Warning: Attempted to get an item from array CallFunc_GetOverlappingActors_OverlappingActors out of bounds [0/0]!

[2017.05.31-03.10.55:425][234]LogScriptCore:Warning: Attempted to get an item from array CallFunc_GetOverlappingActors_OverlappingActors out of bounds [0/0]!

[2017.05.31-03.10.55:425][234]LogScriptCore:Warning: Attempted to get an item from array CallFunc_GetOverlappingActors_OverlappingActors out of bounds [0/0]!

[2017.05.31-03.10.55:425][234]LogScriptCore:Warning: Attempted to get an item from array CallFunc_GetOverlappingActors_OverlappingActors out of bounds [0/0]!

[2017.05.31-03.10.55:524][246]LogScriptCore:Warning: Attempted to get an item from array CallFunc_GetOverlappingActors_OverlappingActors out of bounds [0/0]!

[2017.05.31-03.10.55:524][246]LogScriptCore:Warning: Attempted to get an item from array CallFunc_GetOverlappingActors_OverlappingActors out of bounds [0/0]!

[2017.05.31-03.10.55:525][246]LogScriptCore:Warning: Attempted to get an item from array CallFunc_GetOverlappingActors_OverlappingActors out of bounds [0/0]!

[2017.05.31-03.10.55:525][246]LogScriptCore:Warning: Attempted to get an item from array CallFunc_GetOverlappingActors_OverlappingActors out of bounds [0/0]!

[2017.05.31-03.10.55:525][246]LogScriptCore:Warning: Attempted to get an item from array CallFunc_GetOverlappingActors_OverlappingActors out of bounds [0/0]!

[2017.05.31-03.10.55:525][246]LogScriptCore:Warning: Attempted to get an item from array CallFunc_GetOverlappingActors_OverlappingActors out of bounds [0/0]!

[2017.05.31-03.10.55:624][258]LogScriptCore:Warning: Attempted to get an item from array CallFunc_GetOverlappingActors_OverlappingActors out of bounds [0/0]!

[2017.05.31-03.10.55:624][258]LogScriptCore:Warning: Attempted to get an item from array CallFunc_GetOverlappingActors_OverlappingActors out of bounds [0/0]!

[2017.05.31-03.10.55:625][258]LogScriptCore:Warning: Attempted to get an item from array CallFunc_GetOverlappingActors_OverlappingActors out of bounds [0/0]!

[2017.05.31-03.10.55:625][258]LogScriptCore:Warning: Attempted to get an item from array CallFunc_GetOverlappingActors_OverlappingActors out of bounds [0/0]!

[2017.05.31-03.10.55:625][258]LogScriptCore:Warning: Attempted to get an item from array CallFunc_GetOverlappingActors_OverlappingActors out of bounds [0/0]!

[2017.05.31-03.10.55:625][258]LogScriptCore:Warning: Attempted to get an item from array CallFunc_GetOverlappingActors_OverlappingActors out of bounds [0/0]!

[2017.05.31-03.10.55:724][270]LogScriptCore:Warning: Attempted to get an item from array CallFunc_GetOverlappingActors_OverlappingActors out of bounds [0/0]!

[2017.05.31-03.10.55:724][270]LogScriptCore:Warning: Attempted to get an item from array CallFunc_GetOverlappingActors_OverlappingActors out of bounds [0/0]!

[2017.05.31-03.10.55:724][270]LogScriptCore:Warning: Attempted to get an item from array CallFunc_GetOverlappingActors_OverlappingActors out of bounds [0/0]!

[2017.05.31-03.10.55:725][270]LogScriptCore:Warning: Attempted to get an item from array CallFunc_GetOverlappingActors_OverlappingActors out of bounds [0/0]!

[2017.05.31-03.10.55:725][270]LogScriptCore:Warning: Attempted to get an item from array CallFunc_GetOverlappingActors_OverlappingActors out of bounds [0/0]!

[2017.05.31-03.10.55:725][270]LogScriptCore:Warning: Attempted to get an item from array CallFunc_GetOverlappingActors_OverlappingActors out of bounds [0/0]!

[2017.05.31-03.10.55:824][282]LogScriptCore:Warning: Attempted to get an item from array CallFunc_GetOverlappingActors_OverlappingActors out of bounds [0/0]!

[2017.05.31-03.10.55:824][282]LogScriptCore:Warning: Attempted to get an item from array CallFunc_GetOverlappingActors_OverlappingActors out of bounds [0/0]!

[2017.05.31-03.10.55:824][282]LogScriptCore:Warning: Attempted to get an item from array CallFunc_GetOverlappingActors_OverlappingActors out of bounds [0/0]!

[2017.05.31-03.10.55:825][282]LogScriptCore:Warning: Attempted to get an item from array CallFunc_GetOverlappingActors_OverlappingActors out of bounds [0/0]!

[2017.05.31-03.10.55:825][282]LogScriptCore:Warning: Attempted to get an item from array CallFunc_GetOverlappingActors_OverlappingActors out of bounds [0/0]!

[2017.05.31-03.10.55:825][282]LogScriptCore:Warning: Attempted to get an item from array CallFunc_GetOverlappingActors_OverlappingActors out of bounds [0/0]!

[2017.05.31-03.10.55:925][294]LogScriptCore:Warning: Attempted to get an item from array CallFunc_GetOverlappingActors_OverlappingActors out of bounds [0/0]!

[2017.05.31-03.10.55:926][294]LogScriptCore:Warning: Attempted to get an item from array CallFunc_GetOverlappingActors_OverlappingActors out of bounds [0/0]!

[2017.05.31-03.10.55:926][294]LogScriptCore:Warning: Attempted to get an item from array CallFunc_GetOverlappingActors_OverlappingActors out of bounds [0/0]!

[2017.05.31-03.10.55:926][294]LogScriptCore:Warning: Attempted to get an item from array CallFunc_GetOverlappingActors_OverlappingActors out of bounds [0/0]!

[2017.05.31-03.10.55:926][294]LogScriptCore:Warning: Attempted to get an item from array CallFunc_GetOverlappingActors_OverlappingActors out of bounds [0/0]!

[2017.05.31-03.10.55:926][294]LogScriptCore:Warning: Attempted to get an item from array CallFunc_GetOverlappingActors_OverlappingActors out of bounds [0/0]!

[2017.05.31-03.10.56:025][306]LogScriptCore:Warning: Attempted to get an item from array CallFunc_GetOverlappingActors_OverlappingActors out of bounds [0/0]!

[2017.05.31-03.10.56:026][306]LogScriptCore:Warning: Attempted to get an item from array CallFunc_GetOverlappingActors_OverlappingActors out of bounds [0/0]!

[2017.05.31-03.10.56:026][306]LogScriptCore:Warning: Attempted to get an item from array CallFunc_GetOverlappingActors_OverlappingActors out of bounds [0/0]!

[2017.05.31-03.10.56:026][306]LogScriptCore:Warning: Attempted to get an item from array CallFunc_GetOverlappingActors_OverlappingActors out of bounds [0/0]!

[2017.05.31-03.10.56:026][306]LogScriptCore:Warning: Attempted to get an item from array CallFunc_GetOverlappingActors_OverlappingActors out of bounds [0/0]!

[2017.05.31-03.10.56:027][306]LogScriptCore:Warning: Attempted to get an item from array CallFunc_GetOverlappingActors_OverlappingActors out of bounds [0/0]!

[2017.05.31-03.10.56:125][318]LogScriptCore:Warning: Attempted to get an item from array CallFunc_GetOverlappingActors_OverlappingActors out of bounds [0/0]!

[2017.05.31-03.10.56:125][318]LogScriptCore:Warning: Attempted to get an item from array CallFunc_GetOverlappingActors_OverlappingActors out of bounds [0/0]!

[2017.05.31-03.10.56:126][318]LogScriptCore:Warning: Attempted to get an item from array CallFunc_GetOverlappingActors_OverlappingActors out of bounds [0/0]!

[2017.05.31-03.10.56:126][318]LogScriptCore:Warning: Attempted to get an item from array CallFunc_GetOverlappingActors_OverlappingActors out of bounds [0/0]!

[2017.05.31-03.10.56:126][318]LogScriptCore:Warning: Attempted to get an item from array CallFunc_GetOverlappingActors_OverlappingActors out of bounds [0/0]!

[2017.05.31-03.10.56:127][318]LogScriptCore:Warning: Attempted to get an item from array CallFunc_GetOverlappingActors_OverlappingActors out of bounds [0/0]!

[2017.05.31-03.10.56:225][330]LogScriptCore:Warning: Attempted to get an item from array CallFunc_GetOverlappingActors_OverlappingActors out of bounds [0/0]!

[2017.05.31-03.10.56:225][330]LogScriptCore:Warning: Attempted to get an item from array CallFunc_GetOverlappingActors_OverlappingActors out of bounds [0/0]!

[2017.05.31-03.10.56:226][330]LogScriptCore:Warning: Attempted to get an item from array CallFunc_GetOverlappingActors_OverlappingActors out of bounds [0/0]!

[2017.05.31-03.10.56:226][330]LogScriptCore:Warning: Attempted to get an item from array CallFunc_GetOverlappingActors_OverlappingActors out of bounds [0/0]!

[2017.05.31-03.10.56:226][330]LogScriptCore:Warning: Attempted to get an item from array CallFunc_GetOverlappingActors_OverlappingActors out of bounds [0/0]!

[2017.05.31-03.10.56:226][330]LogScriptCore:Warning: Attempted to get an item from array CallFunc_GetOverlappingActors_OverlappingActors out of bounds [0/0]!

[2017.05.31-03.10.56:325][342]LogScriptCore:Warning: Attempted to get an item from array CallFunc_GetOverlappingActors_OverlappingActors out of bounds [0/0]!

[2017.05.31-03.10.56:325][342]LogScriptCore:Warning: Attempted to get an item from array CallFunc_GetOverlappingActors_OverlappingActors out of bounds [0/0]!

[2017.05.31-03.10.56:326][342]LogScriptCore:Warning: Attempted to get an item from array CallFunc_GetOverlappingActors_OverlappingActors out of bounds [0/0]!

[2017.05.31-03.10.56:326][342]LogScriptCore:Warning: Attempted to get an item from array CallFunc_GetOverlappingActors_OverlappingActors out of bounds [0/0]!

[2017.05.31-03.10.56:326][342]LogScriptCore:Warning: Attempted to get an item from array CallFunc_GetOverlappingActors_OverlappingActors out of bounds [0/0]!

[2017.05.31-03.10.56:326][342]LogScriptCore:Warning: Attempted to get an item from array CallFunc_GetOverlappingActors_OverlappingActors out of bounds [0/0]!

[2017.05.31-03.10.56:425][354]LogScriptCore:Warning: Attempted to get an item from array CallFunc_GetOverlappingActors_OverlappingActors out of bounds [0/0]!

[2017.05.31-03.10.56:425][354]LogScriptCore:Warning: Attempted to get an item from array CallFunc_GetOverlappingActors_OverlappingActors out of bounds [0/0]!

[2017.05.31-03.10.56:426][354]LogScriptCore:Warning: Attempted to get an item from array CallFunc_GetOverlappingActors_OverlappingActors out of bounds [0/0]!

[2017.05.31-03.10.56:426][354]LogScriptCore:Warning: Attempted to get an item from array CallFunc_GetOverlappingActors_OverlappingActors out of bounds [0/0]!

[2017.05.31-03.10.56:427][354]LogScriptCore:Warning: Attempted to get an item from array CallFunc_GetOverlappingActors_OverlappingActors out of bounds [0/0]!

[2017.05.31-03.10.56:427][354]LogScriptCore:Warning: Attempted to get an item from array CallFunc_GetOverlappingActors_OverlappingActors out of bounds [0/0]!

[2017.05.31-03.10.56:526][366]LogScriptCore:Warning: Attempted to get an item from array CallFunc_GetOverlappingActors_OverlappingActors out of bounds [0/0]!

[2017.05.31-03.10.56:526][366]LogScriptCore:Warning: Attempted to get an item from array CallFunc_GetOverlappingActors_OverlappingActors out of bounds [0/0]!

[2017.05.31-03.10.56:526][366]LogScriptCore:Warning: Attempted to get an item from array CallFunc_GetOverlappingActors_OverlappingActors out of bounds [0/0]!

[2017.05.31-03.10.56:527][366]LogScriptCore:Warning: Attempted to get an item from array CallFunc_GetOverlappingActors_OverlappingActors out of bounds [0/0]!

[2017.05.31-03.10.56:527][366]LogScriptCore:Warning: Attempted to get an item from array CallFunc_GetOverlappingActors_OverlappingActors out of bounds [0/0]!

[2017.05.31-03.10.56:527][366]LogScriptCore:Warning: Attempted to get an item from array CallFunc_GetOverlappingActors_OverlappingActors out of bounds [0/0]!

[2017.05.31-03.10.56:626][378]LogScriptCore:Warning: Attempted to get an item from array CallFunc_GetOverlappingActors_OverlappingActors out of bounds [0/0]!

[2017.05.31-03.10.56:626][378]LogScriptCore:Warning: Attempted to get an item from array CallFunc_GetOverlappingActors_OverlappingActors out of bounds [0/0]!

[2017.05.31-03.10.56:627][378]LogScriptCore:Warning: Attempted to get an item from array CallFunc_GetOverlappingActors_OverlappingActors out of bounds [0/0]!

[2017.05.31-03.10.56:627][378]LogScriptCore:Warning: Attempted to get an item from array CallFunc_GetOverlappingActors_OverlappingActors out of bounds [0/0]!

[2017.05.31-03.10.56:627][378]LogScriptCore:Warning: Attempted to get an item from array CallFunc_GetOverlappingActors_OverlappingActors out of bounds [0/0]!

[2017.05.31-03.10.56:627][378]LogScriptCore:Warning: Attempted to get an item from array CallFunc_GetOverlappingActors_OverlappingActors out of bounds [0/0]!

[2017.05.31-03.10.56:634][379]LogBlueprintUserMessages: Early EndPlayMap Detection: Level '/Game/Maps/Level_2.Level_2:PersistentLevel' has LevelScriptBlueprint '/Game/Maps/Level_2.Level_2:PersistentLevel.Level_2' with GeneratedClass '/Game/Maps/Level_2.Level_C' with ClassGeneratedBy '/Game/Maps/Level_2.Level_2:PersistentLevel.Level_2'
[2017.05.31-03.10.56:673][379]LogBlueprintUserMessages: Late EndPlayMap Detection: Level '/Game/Maps/Level_2.Level_2:PersistentLevel' has LevelScriptBlueprint '/Game/Maps/Level_2.Level_2:PersistentLevel.Level_2' with GeneratedClass '/Game/Maps/Level_2.Level_C' with ClassGeneratedBy '/Game/Maps/Level_2.Level_2:PersistentLevel.Level_2'
[2017.05.31-03.10.57:821][505]LogWindowsTextInputMethodSystem:Display: IME system now deactivated.
[2017.05.31-03.10.57:989][506]Cmd: QUIT_EDITOR
[2017.05.31-03.10.58:711][506]LogExit: Preparing to exit.
[2017.05.31-03.10.59:048][506]LogExit: Editor shut down
[2017.05.31-03.10.59:049][506]LogExit: Transaction tracking system shut down
[2017.05.31-03.10.59:160][506]LogObj: Freed 0b from 0 cluster array pools.
[2017.05.31-03.10.59:161][506]LogExit: Object subsystem successfully closed.
[2017.05.31-03.10.59:178][506]LogD3D11RHI: Shutdown
[2017.05.31-03.10.59:178][506]LogD3D11RHI: CleanupD3DDevice
[2017.05.31-03.10.59:283][506]LogD3D11RHI: ~FD3D11DynamicRHI
[2017.05.31-03.10.59:298][506]LogModuleManager: Shutting down and abandoning module MovieSceneCapture (216)
[2017.05.31-03.10.59:298][506]LogModuleManager: Shutting down and abandoning module HierarchicalLODOutliner (215)
[2017.05.31-03.10.59:298][506]LogModuleManager: Shutting down and abandoning module CrashTracker (214)
[2017.05.31-03.10.59:298][506]LogModuleManager: Shutting down and abandoning module SceneOutliner (213)
[2017.05.31-03.10.59:298][506]LogModuleManager: Shutting down and abandoning module WidgetCarousel (212)
[2017.05.31-03.10.59:298][506]LogModuleManager: Shutting down and abandoning module AddContentDialog (211)
[2017.05.31-03.10.59:299][506]LogModuleManager: Shutting down and abandoning module GameplayTags (210)
[2017.05.31-03.10.59:299][506]LogModuleManager: Shutting down and abandoning module EditorWidgets (209)
[2017.05.31-03.10.59:299][506]LogModuleManager: Shutting down and abandoning module CollectionManager (208)
[2017.05.31-03.10.59:299][506]LogModuleManager: Shutting down and abandoning module StatsViewer (207)
[2017.05.31-03.10.59:299][506]LogModuleManager: Shutting down and abandoning module FoliageEdit (206)
[2017.05.31-03.10.59:299][506]LogModuleManager: Shutting down and abandoning module LandscapeEditor (205)
[2017.05.31-03.10.59:300][506]LogModuleManager: Shutting down and abandoning module SceneDepthPickerMode (204)
[2017.05.31-03.10.59:300][506]LogModuleManager: Shutting down and abandoning module ActorPickerMode (203)
[2017.05.31-03.10.59:300][506]LogModuleManager: Shutting down and abandoning module GeometryMode (202)
[2017.05.31-03.10.59:300][506]LogModuleManager: Shutting down and abandoning module TextureAlignMode (201)
[2017.05.31-03.10.59:300][506]LogModuleManager: Shutting down and abandoning module BspMode (200)
[2017.05.31-03.10.59:300][506]LogModuleManager: Shutting down and abandoning module HardwareSurvey (199)
[2017.05.31-03.10.59:300][506]LogModuleManager: Shutting down and abandoning module SequenceRecorderSections (198)
[2017.05.31-03.10.59:300][506]LogModuleManager: Shutting down and abandoning module SequenceRecorder (197)
[2017.05.31-03.10.59:300][506]LogModuleManager: Shutting down and abandoning module AutomationWorker (196)
[2017.05.31-03.10.59:300][506]LogModuleManager: Shutting down and abandoning module MatineeToLevelSequence (195)
[2017.05.31-03.10.59:300][506]LogModuleManager: Shutting down and abandoning module PlacementMode (194)
[2017.05.31-03.10.59:300][506]LogModuleManager: Shutting down and abandoning module LevelSequenceEditor (193)
[2017.05.31-03.10.59:300][506]LogModuleManager: Shutting down and abandoning module CharacterAI (192)
[2017.05.31-03.10.59:300][506]LogModuleManager: Shutting down and abandoning module SmartSnapping (191)
[2017.05.31-03.10.59:300][506]LogModuleManager: Shutting down and abandoning module SessionServices (190)
[2017.05.31-03.10.59:300][506]LogModuleManager: Shutting down and abandoning module ViewportSnapping (189)
[2017.05.31-03.10.59:300][506]LogModuleManager: Shutting down and abandoning module LogVisualizer (188)
[2017.05.31-03.10.59:300][506]LogModuleManager: Shutting down and abandoning module GameProjectGeneration (187)
[2017.05.31-03.10.59:300][506]LogModuleManager: Shutting down and abandoning module IntroTutorials (186)
[2017.05.31-03.10.59:300][506]LogModuleManager: Shutting down and abandoning module EditorLiveStreaming (185)
[2017.05.31-03.10.59:300][506]LogModuleManager: Shutting down and abandoning module IOSPlatformEditor (184)
[2017.05.31-03.10.59:300][506]LogModuleManager: Shutting down and abandoning module HTML5PlatformEditor (183)
[2017.05.31-03.10.59:300][506]LogModuleManager: Shutting down and abandoning module AndroidDeviceDetection (182)
[2017.05.31-03.10.59:579][506]LogModuleManager: Shutting down and abandoning module AndroidPlatformEditor (181)
[2017.05.31-03.10.59:579][506]LogModuleManager: Shutting down and abandoning module IOSRuntimeSettings (180)
[2017.05.31-03.10.59:579][506]LogModuleManager: Shutting down and abandoning module AndroidRuntimeSettings (179)
[2017.05.31-03.10.59:579][506]LogModuleManager: Shutting down and abandoning module MergeActors (178)
[2017.05.31-03.10.59:579][506]LogModuleManager: Shutting down and abandoning module SizeMap (177)
[2017.05.31-03.10.59:579][506]LogModuleManager: Shutting down and abandoning module TreeMap (176)
[2017.05.31-03.10.59:579][506]LogModuleManager: Shutting down and abandoning module ReferenceViewer (175)
[2017.05.31-03.10.59:579][506]LogModuleManager: Shutting down and abandoning module LocalizationService (174)
[2017.05.31-03.10.59:579][506]LogModuleManager: Shutting down and abandoning module LocalizationDashboard (173)
[2017.05.31-03.10.59:579][506]LogModuleManager: Shutting down and abandoning module HardwareTargeting (172)
[2017.05.31-03.10.59:579][506]LogModuleManager: Shutting down and abandoning module DeviceProfileEditor (171)
[2017.05.31-03.10.59:579][506]LogModuleManager: Shutting down and abandoning module UndoHistory (170)
[2017.05.31-03.10.59:579][506]LogModuleManager: Shutting down and abandoning module UserFeedback (169)
[2017.05.31-03.10.59:579][506]LogModuleManager: Shutting down and abandoning module XmlParser (168)
[2017.05.31-03.10.59:579][506]LogModuleManager: Shutting down and abandoning module Blutility (167)
[2017.05.31-03.10.59:579][506]LogModuleManager: Shutting down and abandoning module ProjectTargetPlatformEditor (166)
[2017.05.31-03.10.59:579][506]LogModuleManager: Shutting down and abandoning module ProjectSettingsViewer (165)
[2017.05.31-03.10.59:579][506]LogModuleManager: Shutting down and abandoning module InputBindingEditor (164)
[2017.05.31-03.10.59:580][506]LogModuleManager: Shutting down and abandoning module EditorSettingsViewer (163)
[2017.05.31-03.10.59:580][506]LogModuleManager: Shutting down and abandoning module SettingsEditor (162)
[2017.05.31-03.10.59:580][506]LogModuleManager: Shutting down and abandoning module ProjectLauncher (161)
[2017.05.31-03.10.59:580][506]LogModuleManager: Shutting down and abandoning module SessionFrontend (160)
[2017.05.31-03.10.59:580][506]LogModuleManager: Shutting down and abandoning module ProfilerClient (159)
[2017.05.31-03.10.59:580][506]LogModuleManager: Shutting down and abandoning module TargetDeviceServices (158)
[2017.05.31-03.10.59:580][506]LogModuleManager: Shutting down and abandoning module DeviceManager (157)
[2017.05.31-03.10.59:633][506]LogModuleManager: Shutting down and abandoning module AutomationController (156)
[2017.05.31-03.10.59:633][506]LogModuleManager: Shutting down and abandoning module AutomationWindow (155)
[2017.05.31-03.10.59:633][506]LogModuleManager: Shutting down and abandoning module Layers (154)
[2017.05.31-03.10.59:633][506]LogModuleManager: Shutting down and abandoning module ComponentVisualizers (153)
[2017.05.31-03.10.59:633][506]LogModuleManager: Shutting down and abandoning module DetailCustomizations (152)
[2017.05.31-03.10.59:633][506]LogModuleManager: Shutting down and abandoning module PackagesDialog (151)
[2017.05.31-03.10.59:633][506]LogModuleManager: Shutting down and abandoning module Persona (150)
[2017.05.31-03.10.59:633][506]LogModuleManager: Shutting down and abandoning module Kismet (149)
[2017.05.31-03.10.59:633][506]LogModuleManager: Shutting down and abandoning module GraphEditor (148)
[2017.05.31-03.10.59:634][506]LogModuleManager: Shutting down and abandoning module ClassViewer (147)
[2017.05.31-03.10.59:634][506]LogModuleManager: Shutting down and abandoning module Toolbox (146)
[2017.05.31-03.10.59:634][506]LogModuleManager: Shutting down and abandoning module ModuleUI (145)
[2017.05.31-03.10.59:634][506]LogModuleManager: Shutting down and abandoning module MovieSceneTools (144)
[2017.05.31-03.10.59:634][506]LogModuleManager: Shutting down and abandoning module OutputLog (143)
[2017.05.31-03.10.59:634][506]LogModuleManager: Shutting down and abandoning module GammaUI (142)
[2017.05.31-03.10.59:634][506]LogModuleManager: Shutting down and abandoning module Documentation (141)
[2017.05.31-03.10.59:634][506]LogModuleManager: Shutting down and abandoning module StreamingPauseRendering (140)
[2017.05.31-03.10.59:634][506]LogModuleManager: Shutting down and abandoning module AnalyticsET (139)
[2017.05.31-03.10.59:634][506]LogModuleManager: Shutting down and abandoning module Analytics (138)
[2017.05.31-03.10.59:634][506]LogModuleManager: Shutting down and abandoning module PortalServices (137)
[2017.05.31-03.10.59:634][506]LogModuleManager: Shutting down and abandoning module PortalRpc (136)
[2017.05.31-03.10.59:634][506]LogModuleManager: Shutting down and abandoning module MessagingRpc (135)
[2017.05.31-03.10.59:634][506]LogModuleManager: Shutting down and abandoning module GameplayDebugger (134)
[2017.05.31-03.10.59:634][506]LogModuleManager: Shutting down and abandoning module AITestSuite (133)
[2017.05.31-03.10.59:634][506]LogModuleManager: Shutting down and abandoning module AIModule (132)
[2017.05.31-03.10.59:634][506]LogModuleManager: Shutting down and abandoning module ProfilerService (131)
[2017.05.31-03.10.59:673][506]LogModuleManager: Shutting down and abandoning module TaskGraph (130)
[2017.05.31-03.10.59:673][506]LogModuleManager: Shutting down and abandoning module SubstanceEditor (129)
[2017.05.31-03.10.59:688][506]LogModuleManager: Shutting down and abandoning module SlateRemote (128)
[2017.05.31-03.10.59:688][506]LogModuleManager: Shutting down and abandoning module SteamVRController (127)
[2017.05.31-03.10.59:688][506]LogModuleManager: Shutting down and abandoning module SteamVR (126)
[2017.05.31-03.10.59:688][506]LogModuleManager: Shutting down and abandoning module ProceduralMeshComponent (125)
[2017.05.31-03.10.59:688][506]LogModuleManager: Shutting down and abandoning module OculusLibrary (124)
[2017.05.31-03.10.59:688][506]LogModuleManager: Shutting down and abandoning module OculusInput (123)
[2017.05.31-03.10.59:688][506]LogModuleManager: Shutting down and abandoning module CustomMeshComponent (122)
[2017.05.31-03.10.59:688][506]LogModuleManager: Shutting down and abandoning module CableComponent (121)
[2017.05.31-03.10.59:688][506]LogModuleManager: Shutting down and abandoning module ArchVisCharacter (120)
[2017.05.31-03.10.59:688][506]LogModuleManager: Shutting down and abandoning module MediaPlayerEditor (119)
[2017.05.31-03.10.59:688][506]LogModuleManager: Shutting down and abandoning module HTML5Networking (118)
[2017.05.31-03.10.59:688][506]LogModuleManager: Shutting down and abandoning module SuperSearch (117)
[2017.05.31-03.10.59:688][506]LogModuleManager: Shutting down and abandoning module SuperSearchEditor (116)
[2017.05.31-03.10.59:688][506]LogModuleManager: Shutting down and abandoning module SpeedTreeImporter (115)
[2017.05.31-03.10.59:688][506]LogModuleManager: Shutting down and abandoning module PluginBrowser (114)
[2017.05.31-03.10.59:688][506]LogModuleManager: Shutting down and abandoning module EpicSurvey (113)
[2017.05.31-03.10.59:688][506]LogModuleManager: Shutting down and abandoning module DesktopPlatform (112)
[2017.05.31-03.10.59:688][506]LogModuleManager: Shutting down and abandoning module VisualStudioSourceCodeAccess (111)
[2017.05.31-03.10.59:688][506]LogModuleManager: Shutting down and abandoning module UObjectPlugin (110)
[2017.05.31-03.10.59:688][506]LogModuleManager: Shutting down and abandoning module SubversionSourceControl (109)
[2017.05.31-03.10.59:688][506]LogModuleManager: Shutting down and abandoning module PerforceSourceControl (108)
[2017.05.31-03.10.59:688][506]LogModuleManager: Shutting down and abandoning module SourceControl (107)
[2017.05.31-03.10.59:688][506]LogModuleManager: Shutting down and abandoning module GitSourceControl (106)
[2017.05.31-03.10.59:688][506]LogModuleManager: Shutting down and abandoning module LightPropagationVolumeEditor (105)
[2017.05.31-03.10.59:688][506]LogModuleManager: Shutting down and abandoning module PaperTiledImporter (104)
[2017.05.31-03.10.59:688][506]LogModuleManager: Shutting down and abandoning module PaperSpriteSheetImporter (103)
[2017.05.31-03.10.59:688][506]LogModuleManager: Shutting down and abandoning module MeshPaint (102)
[2017.05.31-03.10.59:688][506]LogModuleManager: Shutting down and abandoning module PixelInspectorModule (101)
[2017.05.31-03.10.59:688][506]LogModuleManager: Shutting down and abandoning module HotReload (100)
[2017.05.31-03.10.59:689][506]LogModuleManager: Shutting down and abandoning module MainFrame (99)
[2017.05.31-03.10.59:689][506]LogModuleManager: Shutting down and abandoning module LevelEditor (98)
[2017.05.31-03.10.59:689][506]LogModuleManager: Shutting down and abandoning module ContentBrowser (97)
[2017.05.31-03.10.59:690][506]LogModuleManager: Shutting down and abandoning module Paper2DEditor (96)
[2017.05.31-03.10.59:690][506]LogModuleManager: Shutting down and abandoning module UdpMessaging (95)
[2017.05.31-03.10.59:791][506]LogModuleManager: Shutting down and abandoning module SubstanceCore (94)
[2017.05.31-03.10.59:791][506]LogModuleManager: Shutting down and abandoning module LightPropagationVolumeRuntime (93)
[2017.05.31-03.10.59:791][506]LogModuleManager: Shutting down and abandoning module Paper2D (92)
[2017.05.31-03.10.59:791][506]LogModuleManager: Shutting down and abandoning module WindowsMoviePlayer (91)
[2017.05.31-03.10.59:791][506]LogModuleManager: Shutting down and abandoning module Media (90)
[2017.05.31-03.10.59:791][506]LogModuleManager: Shutting down and abandoning module WmfMedia (89)
[2017.05.31-03.10.59:792][506]LogModuleManager: Shutting down and abandoning module MediaAssets (88)
[2017.05.31-03.10.59:792][506]LogModuleManager: Shutting down and abandoning module GameLiveStreaming (87)
[2017.05.31-03.10.59:792][506]LogModuleManager: Shutting down and abandoning module GameplayTagsEditor (86)
[2017.05.31-03.10.59:792][506]LogModuleManager: Shutting down and abandoning module OnlineBlueprintSupport (85)
[2017.05.31-03.10.59:792][506]LogModuleManager: Shutting down and abandoning module VREditor (84)
[2017.05.31-03.10.59:792][506]LogModuleManager: Shutting down and abandoning module GameplayTasksEditor (83)
[2017.05.31-03.10.59:792][506]LogModuleManager: Shutting down and abandoning module PropertyEditor (82)
[2017.05.31-03.10.59:792][506]LogModuleManager: Shutting down and abandoning module BehaviorTreeEditor (81)
[2017.05.31-03.10.59:792][506]LogModuleManager: Shutting down and abandoning module FunctionalTesting (80)
[2017.05.31-03.10.59:792][506]LogModuleManager: Shutting down and abandoning module CollisionAnalyzer (79)
[2017.05.31-03.10.59:792][506]LogModuleManager: Shutting down and abandoning module Sequencer (78)
[2017.05.31-03.10.59:792][506]LogModuleManager: Shutting down and abandoning module WorkspaceMenuStructure (77)
[2017.05.31-03.10.59:792][506]LogModuleManager: Shutting down and abandoning module MessageLog (76)
[2017.05.31-03.10.59:792][506]LogModuleManager: Shutting down and abandoning module AssetTools (75)
[2017.05.31-03.10.59:792][506]LogModuleManager: Shutting down and abandoning module UMGEditor (74)
[2017.05.31-03.10.59:792][506]LogModuleManager: Shutting down and abandoning module UMG (73)
[2017.05.31-03.10.59:792][506]LogModuleManager: Shutting down and abandoning module SlateReflector (72)
[2017.05.31-03.10.59:792][506]LogModuleManager: Shutting down and abandoning module Slate (71)
[2017.05.31-03.10.59:792][506]LogModuleManager: Shutting down and abandoning module EditorStyle (70)
[2017.05.31-03.10.59:795][506]LogModuleManager: Shutting down and abandoning module SourceCodeAccess (69)
[2017.05.31-03.10.59:795][506]LogModuleManager: Shutting down and abandoning module HeadMountedDisplay (68)
[2017.05.31-03.10.59:795][506]LogModuleManager: Shutting down and abandoning module XAudio2 (67)
[2017.05.31-03.10.59:795][506]LogModuleManager: Shutting down and abandoning module Networking (65)
[2017.05.31-03.10.59:795][506]LogModuleManager: Shutting down and abandoning module Core (64)
[2017.05.31-03.10.59:795][506]LogModuleManager: Shutting down and abandoning module DirectoryWatcher (63)
[2017.05.31-03.10.59:795][506]LogModuleManager: Shutting down and abandoning module AssetRegistry (62)
[2017.05.31-03.10.59:895][506]LogModuleManager: Shutting down and abandoning module KismetCompiler (61)
[2017.05.31-03.10.59:895][506]LogModuleManager: Shutting down and abandoning module PhysXFormats (60)
[2017.05.31-03.10.59:895][506]LogModuleManager: Shutting down and abandoning module MeshUtilities (59)
[2017.05.31-03.10.59:895][506]LogModuleManager: Shutting down and abandoning module DerivedDataCache (58)
[2017.05.31-03.11.00:115][506]LogDerivedDataCache: Shutdown
[2017.05.31-03.11.00:115][506]LogModuleManager: Shutting down and abandoning module VulkanShaderFormat (57)
[2017.05.31-03.11.00:115][506]LogModuleManager: Shutting down and abandoning module ShaderFormatOpenGL (56)
[2017.05.31-03.11.00:115][506]LogModuleManager: Shutting down and abandoning module ShaderFormatD3D (55)
[2017.05.31-03.11.00:115][506]LogModuleManager: Shutting down and abandoning module MetalShaderFormat (54)
[2017.05.31-03.11.00:115][506]LogModuleManager: Shutting down and abandoning module TextureFormatUncompressed (53)
[2017.05.31-03.11.00:115][506]LogModuleManager: Shutting down and abandoning module TextureFormatPVR (52)
[2017.05.31-03.11.00:116][506]LogModuleManager: Shutting down and abandoning module TextureFormatIntelISPCTexComp (51)
[2017.05.31-03.11.00:116][506]LogModuleManager: Shutting down and abandoning module TextureFormatDXT (50)
[2017.05.31-03.11.00:116][506]LogModuleManager: Shutting down and abandoning module ImageWrapper (49)
[2017.05.31-03.11.00:116][506]LogModuleManager: Shutting down and abandoning module TextureFormatASTC (48)
[2017.05.31-03.11.00:116][506]LogModuleManager: Shutting down and abandoning module TextureFormatAndroid (47)
[2017.05.31-03.11.00:116][506]LogModuleManager: Shutting down and abandoning module AudioFormatOpus (46)
[2017.05.31-03.11.00:116][506]LogModuleManager: Shutting down and abandoning module AudioFormatOgg (45)
[2017.05.31-03.11.00:116][506]LogModuleManager: Shutting down and abandoning module AudioFormatADPCM (44)
[2017.05.31-03.11.00:116][506]LogModuleManager: Shutting down and abandoning module LinuxTargetPlatform (43)
[2017.05.31-03.11.00:116][506]LogModuleManager: Shutting down and abandoning module LinuxServerTargetPlatform (42)
[2017.05.31-03.11.00:116][506]LogModuleManager: Shutting down and abandoning module LinuxNoEditorTargetPlatform (41)
[2017.05.31-03.11.00:116][506]LogModuleManager: Shutting down and abandoning module TVOSTargetPlatform (40)
[2017.05.31-03.11.00:117][506]LogModuleManager: Shutting down and abandoning module Messaging (39)
[2017.05.31-03.11.00:117][506]LogModuleManager: Shutting down and abandoning module IOSTargetPlatform (38)
[2017.05.31-03.11.00:117][506]LogModuleManager: Shutting down and abandoning module HTML5TargetPlatform (37)
[2017.05.31-03.11.00:117][506]LogModuleManager: Shutting down and abandoning module Android_PVRTCTargetPlatform (36)
[2017.05.31-03.11.00:117][506]LogModuleManager: Shutting down and abandoning module Android_MultiTargetPlatform (35)
[2017.05.31-03.11.00:117][506]LogModuleManager: Shutting down and abandoning module Android_ETC2TargetPlatform (34)
[2017.05.31-03.11.00:117][506]LogModuleManager: Shutting down and abandoning module Android_ETC1TargetPlatform (33)
[2017.05.31-03.11.00:117][506]LogModuleManager: Shutting down and abandoning module Android_DXTTargetPlatform (32)
[2017.05.31-03.11.00:117][506]LogModuleManager: Shutting down and abandoning module Android_ATCTargetPlatform (31)
[2017.05.31-03.11.00:117][506]LogModuleManager: Shutting down and abandoning module Android_ASTCTargetPlatform (30)
[2017.05.31-03.11.00:117][506]LogModuleManager: Shutting down and abandoning module AndroidTargetPlatform (29)
[2017.05.31-03.11.00:117][506]LogModuleManager: Shutting down and abandoning module WindowsTargetPlatform (28)
[2017.05.31-03.11.00:117][506]LogModuleManager: Shutting down and abandoning module WindowsServerTargetPlatform (27)
[2017.05.31-03.11.00:117][506]LogModuleManager: Shutting down and abandoning module WindowsNoEditorTargetPlatform (26)
[2017.05.31-03.11.00:117][506]LogModuleManager: Shutting down and abandoning module WindowsClientTargetPlatform (25)
[2017.05.31-03.11.00:117][506]LogModuleManager: Shutting down and abandoning module AllDesktopTargetPlatform (24)
[2017.05.31-03.11.00:117][506]LogModuleManager: Shutting down and abandoning module TargetPlatform (23)
[2017.05.31-03.11.00:117][506]LogModuleManager: Shutting down and abandoning module InputCore (22)
[2017.05.31-03.11.00:117][506]LogModuleManager: Shutting down and abandoning module Settings (21)
[2017.05.31-03.11.00:117][506]LogModuleManager: Shutting down and abandoning module OnlineSubsystem (19)
[2017.05.31-03.11.00:118][506]LogModuleManager: Shutting down and abandoning module HTTP (18)
[2017.05.31-03.11.04:126][506]LogModuleManager: Shutting down and abandoning module XMPP (17)
[2017.05.31-03.11.04:126][506]LogModuleManager: Shutting down and abandoning module OculusRift (16)
[2017.05.31-03.11.04:126][506]LogModuleManager: Shutting down and abandoning module ExampleDeviceProfileSelector (15)
[2017.05.31-03.11.04:126][506]LogModuleManager: Shutting down and abandoning module TextureCompressor (14)
[2017.05.31-03.11.04:126][506]LogModuleManager: Shutting down and abandoning module ShaderCore (13)
[2017.05.31-03.11.04:126][506]LogModuleManager: Shutting down and abandoning module Landscape (12)
[2017.05.31-03.11.04:126][506]LogModuleManager: Shutting down and abandoning module SlateRHIRenderer (11)
[2017.05.31-03.11.04:127][506]LogModuleManager: Shutting down and abandoning module OpenGLDrv (10)
[2017.05.31-03.11.04:127][506]LogModuleManager: Shutting down and abandoning module D3D11RHI (9)
[2017.05.31-03.11.04:127][506]LogModuleManager: Shutting down and abandoning module AnimGraphRuntime (8)
[2017.05.31-03.11.04:127][506]LogModuleManager: Shutting down and abandoning module Renderer (7)
[2017.05.31-03.11.04:127][506]LogModuleManager: Shutting down and abandoning module Engine (6)
[2017.05.31-03.11.04:127][506]LogModuleManager: Shutting down and abandoning module CoreUObject (5)
[2017.05.31-03.11.04:127][506]LogModuleManager: Shutting down and abandoning module NetworkFile (4)
[2017.05.31-03.11.04:127][506]LogModuleManager: Shutting down and abandoning module StreamingFile (3)
[2017.05.31-03.11.04:127][506]LogModuleManager: Shutting down and abandoning module SandboxFile (2)
[2017.05.31-03.11.04:127][506]LogModuleManager: Shutting down and abandoning module PakFile (1)
[2017.05.31-03.11.04:129][506]LogExit: Exiting.
[2017.05.31-03.11.04:142][506]Log file closed, 05/30/17 23:11:04
