Log file open, 06/01/17 16:00:06
LogInit:Display: Running engine for game: SoulStriker
LogPlatformFile: Not using cached read wrapper
LogInit:Display: RandInit(826526385) SRandInit(826526389).
LogTaskGraph: Started task graph with 4 named threads and 7 total threads with 1 sets of task threads.
LogStats: Stats thread started at 0.174705
LogInit: Version: 4.12.5-3039270+++UE4+Release-4.12
LogInit: API Version: 2992821
LogInit: Net Version: 3039270
LogDevObjectVersion: Number of dev versions registered: 13
LogDevObjectVersion:   Dev-Blueprints (B0D832E4-1F89-4F0D-ACCF-7EB736FD4AA2): 3
LogDevObjectVersion:   Dev-Build (E1C64328-A22C-4D53-A36C-8E866417BD8C): 0
LogDevObjectVersion:   Dev-Core (375EC13C-06E4-48FB-B500-84F0262A717E): 1
LogDevObjectVersion:   Dev-Editor (E4B068ED-F494-42E9-A231-DA0B2E46BB41): 2
LogDevObjectVersion:   Dev-Framework (CFFC743F-43B0-4480-9391-14DF171D2073): 6
LogDevObjectVersion:   Dev-Mobile (B02B49B5-BB20-44E9-A304-32B752E40360): 0
LogDevObjectVersion:   Dev-Networking (A4E4105C-59A1-49B5-A7C5-40C4547EDFEE): 0
LogDevObjectVersion:   Dev-Online (39C831C9-5AE6-47DC-9A44-9C173E1C8E7C): 0
LogDevObjectVersion:   Dev-Physics (78F01B33-EBEA-4F98-B9B4-84EACCB95AA2): 0
LogDevObjectVersion:   Dev-Platform (6631380F-2D4D-43E0-8009-CF276956A95A): 0
LogDevObjectVersion:   Dev-Rendering (12F88B9F-8875-4AFC-A67C-D90C383ABD29): 2
LogDevObjectVersion:   Dev-Sequencer (7B5AE74C-D270-4C10-A958-57980B212A5A): 0
LogDevObjectVersion:   Dev-VR (D7296918-1DD6-4BDD-9DE2-64A83CC13884): 0
LogInit: Compiled (64-bit): Jul  6 2016 09:09:46
LogInit: Compiled with Visual C++: 19.00.23026.00
LogInit: Build Configuration: Development
LogInit: Branch Name: ++UE4+Release-4.12
LogInit: Command line:  
LogInit: Base directory: C:/Program Files (x86)/Epic Games/4.12/Engine/Binaries/Win64/
LogInit: Installed Engine Build: 1
LogInit: Using libcurl 7.41.0
LogInit:  - built for x86_64-pc-win32
LogInit:  - supports SSL with WinSSL
LogInit:  - other features:
LogInit:      CURL_VERSION_SSL
LogInit:      CURL_VERSION_IPV6
LogInit:      CURL_VERSION_ASYNCHDNS
LogInit:      CURL_VERSION_LARGEFILE
LogInit:      CURL_VERSION_IDN
LogInit:  CurlRequestOptions (configurable via config and command line):
LogInit:  - bVerifyPeer = true  - Libcurl will verify peer certificate
LogInit:  - bUseHttpProxy = false  - Libcurl will NOT use HTTP proxy
LogInit:  - bDontReuseConnections = false  - Libcurl will reuse connections
LogInit:  - CertBundlePath = nullptr  - Libcurl will use whatever was configured at build time.
LogInit: Presizing for max 8388607 objects, including 0 objects not considered by GC, pre-allocating 0 bytes for permanent pool.
LogInit: Object subsystem initialized
[2017.06.01-20.00.07:222][  0]LogInit: Selected Device Profile: [Windows]
[2017.06.01-20.00.07:222][  0]LogInit: Applying CVar settings loaded from the selected device profile: [Windows]
[2017.06.01-20.00.07:275][  0]LogInit: Computer: BMO
[2017.06.01-20.00.07:275][  0]LogInit: User: Steve
[2017.06.01-20.00.07:275][  0]LogInit: CPU Page size=65536, Cores=4
[2017.06.01-20.00.07:275][  0]LogInit: High frequency timer resolution =3.410075 MHz
[2017.06.01-20.00.07:276][  0]LogMemory: Memory total: Physical=8.0GB (8GB approx)
[2017.06.01-20.00.07:276][  0]LogMemory: Platform Memory Stats for Windows
[2017.06.01-20.00.07:276][  0]LogMemory: Process Physical Memory: 190.59 MB used, 190.59 MB peak
[2017.06.01-20.00.07:276][  0]LogMemory: Process Virtual Memory: 195.24 MB used, 195.24 MB peak
[2017.06.01-20.00.07:276][  0]LogMemory: Physical Memory: 2943.95 MB used, 8145.96 MB total
[2017.06.01-20.00.07:276][  0]LogMemory: Virtual Memory: 553.81 MB used, 134217728.00 MB total
[2017.06.01-20.00.08:782][  0]LogTextLocalizationManager: No specific translations for ('en-US') exist, so ('en') translations will be used.
[2017.06.01-20.00.10:427][  0]LogD3D11RHI: D3D11 adapters:
[2017.06.01-20.00.10:957][  0]LogD3D11RHI:    0. 'NVIDIA GeForce GTX 660' (Feature Level 11_0)
[2017.06.01-20.00.10:957][  0]LogD3D11RHI:       2016/0/4072 MB DedicatedVideo/DedicatedSystem/SharedSystem, Outputs:2, VendorId:0x10de
[2017.06.01-20.00.11:114][  0]LogD3D11RHI:    1. 'Microsoft Basic Render Driver' (Feature Level 11_0)
[2017.06.01-20.00.11:115][  0]LogD3D11RHI:       0/0/4072 MB DedicatedVideo/DedicatedSystem/SharedSystem, Outputs:0, VendorId:0x1414
[2017.06.01-20.00.11:115][  0]LogD3D11RHI: Chosen D3D11 Adapter: 0
[2017.06.01-20.00.11:144][  0]LogD3D11RHI: Creating new Direct3DDevice
[2017.06.01-20.00.11:144][  0]LogD3D11RHI:     GPU DeviceId: 0x11c0 (for the marketing name, search the web for "GPU Device Id")
[2017.06.01-20.00.11:144][  0]LogWindows: EnumDisplayDevices:
[2017.06.01-20.00.11:144][  0]LogWindows:    0. 'NVIDIA GeForce GTX 660' (P:1 D:1)
[2017.06.01-20.00.11:144][  0]LogWindows:    1. 'NVIDIA GeForce GTX 660' (P:0 D:1)
[2017.06.01-20.00.11:145][  0]LogWindows:    2. 'NVIDIA GeForce GTX 660' (P:0 D:0)
[2017.06.01-20.00.11:145][  0]LogWindows:    3. 'NVIDIA GeForce GTX 660' (P:0 D:0)
[2017.06.01-20.00.11:145][  0]LogWindows: DebugString: FoundDriverCount:4 
[2017.06.01-20.00.11:145][  0]LogD3D11RHI:     Adapter Name: NVIDIA GeForce GTX 660
[2017.06.01-20.00.11:145][  0]LogD3D11RHI:   Driver Version: 378.92 (internal:21.21.13.7892, unified:378.92)
[2017.06.01-20.00.11:145][  0]LogD3D11RHI:      Driver Date: 3-16-2017
[2017.06.01-20.00.11:145][  0]LogRHI: Texture pool is 1361 MB (70% of 1945 MB)
[2017.06.01-20.00.11:650][  0]LogD3D11RHI: Async texture creation enabled
[2017.06.01-20.00.12:089][  0]LogD3D11RHI: GPU Timing Frequency: 1000.000000 (Debug: 2 6)
[2017.06.01-20.00.12:290][  0]LogShaderCompilers: Guid format shader working directory is -25 characters bigger than the processId version (../../../../../../Users/Steve/Desktop/Soul-Striker-Redone/Soul Striker/Intermediate/Shaders/WorkingDirectory/11376/).
[2017.06.01-20.00.12:290][  0]LogShaderCompilers: Cleaned the shader compiler working directory 'C:/Users/Steve/AppData/Local/Temp/UnrealShaderWorkingDir/7AB07E494B0D82DFE4B449AA883A09E3/'.
[2017.06.01-20.00.12:291][  0]LogShaderCompilers:Display: Using Local Shader Compiler.
[2017.06.01-20.00.25:077][  0]LogTemp:Display: Loaded TP AllDesktopTargetPlatform
[2017.06.01-20.00.25:087][  0]LogTemp:Display: Loaded TP WindowsClientTargetPlatform
[2017.06.01-20.00.25:096][  0]LogTemp:Display: Loaded TP WindowsNoEditorTargetPlatform
[2017.06.01-20.00.25:105][  0]LogTemp:Display: Loaded TP WindowsServerTargetPlatform
[2017.06.01-20.00.25:113][  0]LogTemp:Display: Loaded TP WindowsTargetPlatform
[2017.06.01-20.00.25:145][  0]LogTemp:Display: Loaded TP AndroidTargetPlatform
[2017.06.01-20.00.25:195][  0]LogTemp:Display: Loaded TP Android_ASTCTargetPlatform
[2017.06.01-20.00.25:204][  0]LogTemp:Display: Loaded TP Android_ATCTargetPlatform
[2017.06.01-20.00.25:214][  0]LogTemp:Display: Loaded TP Android_DXTTargetPlatform
[2017.06.01-20.00.25:222][  0]LogTemp:Display: Loaded TP Android_ETC1TargetPlatform
[2017.06.01-20.00.25:234][  0]LogTemp:Display: Loaded TP Android_ETC2TargetPlatform
[2017.06.01-20.00.25:278][  0]LogTemp:Display: Loaded TP Android_MultiTargetPlatform
[2017.06.01-20.00.25:278][  0]LogTemp:Display: Loaded TP Android_PVRTCTargetPlatform
[2017.06.01-20.00.25:295][  0]LogTemp:Display: Loaded TP HTML5TargetPlatform
[2017.06.01-20.00.25:422][  0]LogTemp:Display: Loaded TP IOSTargetPlatform
[2017.06.01-20.00.25:429][  0]LogTemp:Display: Loaded TP TVOSTargetPlatform
[2017.06.01-20.00.25:437][  0]LogTemp:Display: Loaded TP LinuxNoEditorTargetPlatform
[2017.06.01-20.00.25:449][  0]LogTemp:Display: Loaded TP LinuxServerTargetPlatform
[2017.06.01-20.00.25:468][  0]LogTemp:Display: Loaded TP LinuxTargetPlatform
[2017.06.01-20.00.25:468][  0]LogTargetPlatformManager:Display: Building Assets For Windows
[2017.06.01-20.00.27:527][  0]LogDerivedDataCache:Display: Max Cache Size: 512 MB
[2017.06.01-20.00.27:894][  0]LogDerivedDataCache: Loaded boot cache 0.37s 48MB C:/Users/Steve/AppData/Local/UnrealEngine/4.12/DerivedDataCache/Boot.ddc.
[2017.06.01-20.00.27:894][  0]LogDerivedDataCache:Display: Loaded Boot cache: C:/Users/Steve/AppData/Local/UnrealEngine/4.12/DerivedDataCache/Boot.ddc
[2017.06.01-20.00.27:894][  0]LogDerivedDataCache: FDerivedDataBackendGraph:  Pak pak cache file ../../../../../../Users/Steve/Desktop/Soul-Striker-Redone/Soul Striker/DerivedDataCache/DDC.ddp not found, will not use a pak cache.
[2017.06.01-20.00.27:894][  0]LogDerivedDataCache: Unable to find inner node Pak for hierarchical cache Hierarchy.
[2017.06.01-20.00.27:894][  0]LogDerivedDataCache: FDerivedDataBackendGraph:  CompressedPak pak cache file ../../../../../../Users/Steve/Desktop/Soul-Striker-Redone/Soul Striker/DerivedDataCache/Compressed.ddp not found, will not use a pak cache.
[2017.06.01-20.00.27:894][  0]LogDerivedDataCache: Unable to find inner node CompressedPak for hierarchical cache Hierarchy.
[2017.06.01-20.00.28:032][  0]LogDerivedDataCache:Display: Pak cache opened for reading ../../../Engine/DerivedDataCache/Compressed.ddp.
[2017.06.01-20.00.28:104][  0]LogDerivedDataCache: Using Local data cache path C:/Users/Steve/AppData/Local/UnrealEngine/Common/DerivedDataCache: Writable
[2017.06.01-20.00.39:174][  0]LogInit: Selected Device Profile: [Windows]
[2017.06.01-20.00.39:314][  0]LogContentStreaming: Texture pool size is 0.00 MB
[2017.06.01-20.00.42:443][  0]LogMeshUtilities: No automatic mesh reduction module available
[2017.06.01-20.00.42:443][  0]LogMeshUtilities: No automatic mesh merging module available
[2017.06.01-20.00.42:443][  0]LogMeshUtilities: No distributed automatic mesh merging module available
[2017.06.01-20.00.49:011][  0]LogAssetRegistry: FAssetRegistry took 0.0230 seconds to start up
[2017.06.01-20.00.50:447][  0]LogPackageLocalizationCache: Processed 3 localized package path(s) for 2 prioritized culture(s) in 1.149842 seconds
[2017.06.01-20.00.50:576][  0]LogUObjectArray: 28739 objects as part of root set at end of initial load.
[2017.06.01-20.00.50:576][  0]LogUObjectAllocator: 5855632 out of 0 bytes used by permanent object pool.
[2017.06.01-20.00.50:576][  0]LogUObjectArray: CloseDisregardForGC: 0/0 objects in disregard for GC pool
[2017.06.01-20.00.50:626][  0]LogInit: WinSock: version 1.1 (2.2), MaxSocks=32767, MaxUdp=65467
[2017.06.01-20.00.59:345][  0]LogSlate: SlateFontCache - WITH_FREETYPE: 1, WITH_HARFBUZZ: 1
[2017.06.01-20.00.59:345][  0]LogSlate: SlateFontCache - WITH_FREETYPE: 1, WITH_HARFBUZZ: 1
[2017.06.01-20.01.26:787][  0]LogSubstanceCoreModule: Substance CPU Engine Loaded, Max Texture Size 2048
[2017.06.01-20.01.26:833][  0]LogUdpMessaging: Initializing bridge on interface 0.0.0.0:0 to multicast group 230.0.0.1:6666.
[2017.06.01-20.01.29:216][  0]SourceControl: Info Source control is disabled
[2017.06.01-20.01.29:239][  0]SourceControl: Info Source control is disabled
[2017.06.01-20.01.29:340][  0]SourceControl: Info Source control is disabled
[2017.06.01-20.01.29:409][  0]SourceControl: Info Source control is disabled
[2017.06.01-20.01.30:086][  0]LogLinker:Warning: Can't find file '/Game/PuzzleBP/Tutorial/Part3-GridBlueprint'
[2017.06.01-20.01.30:086][  0]LogLinker:Warning: Can't find file '/Game/PuzzleBP/Tutorial/Part3-GridBlueprint'
[2017.06.01-20.01.30:086][  0]LogUObjectGlobals:Warning: Failed to find object 'Class /Game/PuzzleBP/Tutorial/Part3-GridBlueprint.Part3-GridBlueprint_C'
[2017.06.01-20.01.31:467][  0]LogEngine: Initializing Engine...
[2017.06.01-20.01.31:643][  0]LogHMD: SteamVR failed to initialize.  Err: 110
[2017.06.01-20.01.31:644][  0]LogHMD: SteamVR failed to initialize.  Err: 110
[2017.06.01-20.01.33:537][  0]LogAIModule: Creating AISystem for world NewWorld
[2017.06.01-20.01.33:644][  0]LogInit: XAudio2 using 'Speakers (Realtek High Definition Audio)' : 2 channels at 48 kHz using 32 bits per sample (channel mask 0x3)
[2017.06.01-20.01.33:675][  0]LogInit: FAudioDevice initialized.
[2017.06.01-20.01.33:704][  0]LogDerivedDataCache: Saved boot cache 0.03s 48MB C:/Users/Steve/AppData/Local/UnrealEngine/4.12/DerivedDataCache/Boot.ddc.
[2017.06.01-20.01.33:712][  0]LogInit: Texture streaming: Enabled
[2017.06.01-20.01.34:794][  0]LogInit: Transaction tracking system initialized
[2017.06.01-20.01.35:671][  0]BlueprintLog: New page: Editor Load
[2017.06.01-20.01.38:783][  0]LocalizationService: Info Localization service is disabled
[2017.06.01-20.01.40:319][  0]LogConsoleResponse:Display: 
[2017.06.01-20.01.47:311][  0]LogCook:Display: Max memory allowance for cook 8192mb
[2017.06.01-20.01.47:311][  0]LogCook:Display: Mobile HDR setting 1
[2017.06.01-20.01.49:171][  0]LogFileCache: Scanning file cache for directory 'C:/Users/Steve/Desktop/Soul-Striker-Redone/Soul Striker/Content/' took 0.31s
[2017.06.01-20.01.53:373][  0]SourceControl: Info Source control is disabled
[2017.06.01-20.01.53:589][  0]Cmd: MAP LOAD FILE="../../../../../../Users/Steve/Desktop/Soul-Striker-Redone/Soul Striker/Content/ThirdPersonBP/Maps/ThirdPersonExampleMap.umap" TEMPLATE=0 SHOWPROGRESS=1 FEATURELEVEL=3
[2017.06.01-20.01.53:681][  0]LightingResults: New page: Lighting Build
[2017.06.01-20.01.53:789][  0]MapCheck: New page: Map Check
[2017.06.01-20.01.53:789][  0]LightingResults: New page: Lighting Build
[2017.06.01-20.02.10:553][  0]LogBlueprint:Warning: Compiler Warning Node  Unknown  is not referencing a valid level actor
[2017.06.01-20.02.10:555][  0]LogBlueprint:Warning: Compiler Warning [0128.18] Compile of PersistentLevel.ThirdPersonExampleMap successful, but with 1 Warning(s) [in 19 ms] (/Game/ThirdPersonBP/Maps/ThirdPersonExampleMap.ThirdPersonExampleMap:PersistentLevel.ThirdPersonExampleMap)
[2017.06.01-20.02.10:555][  0]LogBlueprint:Warning: Compiler Warning [0128.18] Compile of PersistentLevel.ThirdPersonExampleMap successful, but with 2 Warning(s) [in 0 ms] (/Game/ThirdPersonBP/Maps/ThirdPersonExampleMap.ThirdPersonExampleMap:PersistentLevel.ThirdPersonExampleMap)
[2017.06.01-20.02.10:555][  0]LogBlueprint:Warning: Compiler Warning [0128.18] Compile of PersistentLevel.ThirdPersonExampleMap successful, but with 3 Warning(s) [in 0 ms] (/Game/ThirdPersonBP/Maps/ThirdPersonExampleMap.ThirdPersonExampleMap:PersistentLevel.ThirdPersonExampleMap)
[2017.06.01-20.02.10:578][  0]LogBlueprint:Warning: Compiler Warning Node  Unknown  is not referencing a valid level actor
[2017.06.01-20.02.10:580][  0]LogBlueprint:Warning: Compiler Warning [0128.20] Compile of PersistentLevel.ThirdPersonExampleMap successful, but with 1 Warning(s) [in 6 ms] (/Game/ThirdPersonBP/Maps/ThirdPersonExampleMap.ThirdPersonExampleMap:PersistentLevel.ThirdPersonExampleMap)
[2017.06.01-20.02.10:580][  0]LogBlueprint:Warning: Compiler Warning [0128.20] Compile of PersistentLevel.ThirdPersonExampleMap successful, but with 2 Warning(s) [in 0 ms] (/Game/ThirdPersonBP/Maps/ThirdPersonExampleMap.ThirdPersonExampleMap:PersistentLevel.ThirdPersonExampleMap)
[2017.06.01-20.02.10:580][  0]LogBlueprint:Warning: Compiler Warning [0128.20] Compile of PersistentLevel.ThirdPersonExampleMap successful, but with 3 Warning(s) [in 0 ms] (/Game/ThirdPersonBP/Maps/ThirdPersonExampleMap.ThirdPersonExampleMap:PersistentLevel.ThirdPersonExampleMap)
[2017.06.01-20.02.30:357][  0]LogAIModule: Creating AISystem for world ThirdPersonExampleMap
[2017.06.01-20.02.31:407][  0]LogEditorServer: Finished looking for orphan Actors (0.000 secs)
[2017.06.01-20.02.31:538][  0]Cmd: MAP CHECKDEP NOCLEARLOG
[2017.06.01-20.02.31:842][  0]MapCheck: Info Map check complete: 0 Error(s), 0 Warning(s), took 303.877ms to complete.
[2017.06.01-20.02.31:842][  0]LogFileHelpers: Loading map 'ThirdPersonExampleMap' took 38.254
[2017.06.01-20.02.35:522][  0]LogCollectionManager: Loaded 0 collections in 0.053042 seconds
[2017.06.01-20.02.35:769][  0]LogFileCache: Scanning file cache for directory 'C:/Users/Steve/Desktop/Soul-Striker-Redone/Soul Striker/Saved/Collections/' took 0.01s
[2017.06.01-20.02.35:769][  0]LogFileCache: Scanning file cache for directory 'C:/Users/Steve/Desktop/Soul-Striker-Redone/Soul Striker/Content/Developers/Steve/Collections/' took 0.01s
[2017.06.01-20.02.35:769][  0]LogFileCache: Scanning file cache for directory 'C:/Users/Steve/Desktop/Soul-Striker-Redone/Soul Striker/Content/Collections/' took 0.01s
[2017.06.01-20.02.35:769][  0]LogCollectionManager: Rebuilt the GUID cache for 0 collections in 0.000002 seconds
[2017.06.01-20.02.35:837][  0]LogContentBrowser: Native class hierarchy populated in 0.0667 seconds. Added 2062 classes and 375 folders.
[2017.06.01-20.02.36:108][  0]LogStats: UGameplayTagsManager::ConstructGameplayTagTree: Construct from data asset -  0.043 s
[2017.06.01-20.02.36:109][  0]LogStats: UGameplayTagsManager::ConstructGameplayTagTree: GameplayTagTreeChangedEvent.Broadcast -  0.001 s
[2017.06.01-20.02.36:111][  0]LogContentBrowser: Native class hierarchy updated for 'GameplayTags' in 0.0012 seconds. Added 12 classes and 0 folders.
[2017.06.01-20.02.36:162][  0]LogContentBrowser: Native class hierarchy updated for 'WidgetCarousel' in 0.0006 seconds. Added 0 classes and 0 folders.
[2017.06.01-20.02.39:396][  0]LogContentBrowser: Native class hierarchy updated for 'AddContentDialog' in 0.0015 seconds. Added 0 classes and 0 folders.
[2017.06.01-20.02.39:425][  0]LogContentBrowser: Native class hierarchy updated for 'SceneOutliner' in 0.0014 seconds. Added 1 classes and 2 folders.
[2017.06.01-20.02.39:631][  0]LogCrashTracker: Crashtracker disabled due to settings.
[2017.06.01-20.02.39:819][  0]LogUObjectGlobals:Warning: Failed to find object 'Class None.'
[2017.06.01-20.02.40:023][  0]LogContentBrowser: Native class hierarchy updated for 'HierarchicalLODOutliner' in 0.0005 seconds. Added 1 classes and 2 folders.
[2017.06.01-20.02.40:023][  0]LogLoad: Full Startup: 157.65 seconds (BP compile: 2.64 seconds)
[2017.06.01-20.02.40:023][  0]LogExternalProfiler: Found external profiler: VSPerf
[2017.06.01-20.02.40:023][  0]LogExternalProfiler: Using external profiler: VSPerf
[2017.06.01-20.02.40:422][  0]LogOcInput: OculusInput pre-init called
[2017.06.01-20.02.40:686][  0]LogContentStreaming: Texture pool size now 1000 MB
[2017.06.01-20.02.43:634][  0]LogRenderer: Reallocating scene render targets to support 1272x560 (Frame:2).
[2017.06.01-20.02.43:989][  1]LogFileCache: Retrieving MD5 hashes for directory 'C:/Users/Steve/Desktop/Soul-Striker-Redone/Soul Striker/Content/' took 3.53s
[2017.06.01-20.02.44:322][  2]LogScriptCore:Warning: Attempted to get an item from array CallFunc_GetAllActorsOfClass_OutActors out of bounds [0/0]!

[2017.06.01-20.02.44:323][  2]LogScript:Warning: Accessed None trying to read property CallFunc_Array_Get_Item
	spiritOrbOG_C /Engine/Transient.World_1:PersistentLevel.spiritOrbOG_C_0
	Function /Game/bluePrints/spiritOrbOG.spiritOrbOG_C:ExecuteUbergraph_spiritOrbOG:0272
[2017.06.01-20.02.44:323][  2]LogScript:Warning: Accessed None trying to read property CallFunc_Array_Get_Item
	spiritOrbOG_C /Engine/Transient.World_1:PersistentLevel.spiritOrbOG_C_0
	Function /Game/bluePrints/spiritOrbOG.spiritOrbOG_C:ExecuteUbergraph_spiritOrbOG:02A1
[2017.06.01-20.02.44:323][  2]LogScript:Warning: Attempted to assign to None
	spiritOrbOG_C /Engine/Transient.World_1:PersistentLevel.spiritOrbOG_C_0
	Function /Game/bluePrints/spiritOrbOG.spiritOrbOG_C:ExecuteUbergraph_spiritOrbOG:02B6
[2017.06.01-20.02.45:184][  3]LogAssetRegistry: Asset discovery search completed in 116.1950 seconds
[2017.06.01-20.02.45:184][  3]LogCollectionManager: Rebuilt the object cache for 0 collections in 0.000001 seconds (found 0 objects)
[2017.06.01-20.02.45:184][  3]LogCollectionManager: Fixed up redirectors for 0 collections in 0.000597 seconds (updated 0 objects)
[2017.06.01-20.04.55:189][392]LogWindowsTextInputMethodSystem:Display: IME system now deactivated.
[2017.06.01-20.04.55:477][393]Cmd: QUIT_EDITOR
[2017.06.01-20.04.55:773][393]LogExit: Preparing to exit.
[2017.06.01-20.04.56:253][393]LogExit: Editor shut down
[2017.06.01-20.04.56:254][393]LogExit: Transaction tracking system shut down
[2017.06.01-20.04.57:028][393]LogObj: Freed 0b from 0 cluster array pools.
[2017.06.01-20.04.57:029][393]LogExit: Object subsystem successfully closed.
[2017.06.01-20.04.57:138][393]LogD3D11RHI: Shutdown
[2017.06.01-20.04.57:138][393]LogD3D11RHI: CleanupD3DDevice
[2017.06.01-20.04.57:319][393]LogD3D11RHI: ~FD3D11DynamicRHI
[2017.06.01-20.04.57:682][393]LogModuleManager: Shutting down and abandoning module HierarchicalLODOutliner (215)
[2017.06.01-20.04.57:691][393]LogModuleManager: Shutting down and abandoning module CrashTracker (214)
[2017.06.01-20.04.57:691][393]LogModuleManager: Shutting down and abandoning module SceneOutliner (213)
[2017.06.01-20.04.57:702][393]LogModuleManager: Shutting down and abandoning module WidgetCarousel (212)
[2017.06.01-20.04.57:703][393]LogModuleManager: Shutting down and abandoning module AddContentDialog (211)
[2017.06.01-20.04.57:718][393]LogModuleManager: Shutting down and abandoning module GameplayTags (210)
[2017.06.01-20.04.57:718][393]LogModuleManager: Shutting down and abandoning module EditorWidgets (209)
[2017.06.01-20.04.57:718][393]LogModuleManager: Shutting down and abandoning module CollectionManager (208)
[2017.06.01-20.04.57:737][393]LogModuleManager: Shutting down and abandoning module StatsViewer (207)
[2017.06.01-20.04.57:750][393]LogModuleManager: Shutting down and abandoning module FoliageEdit (206)
[2017.06.01-20.04.57:751][393]LogModuleManager: Shutting down and abandoning module LandscapeEditor (205)
[2017.06.01-20.04.57:778][393]LogModuleManager: Shutting down and abandoning module SceneDepthPickerMode (204)
[2017.06.01-20.04.57:778][393]LogModuleManager: Shutting down and abandoning module ActorPickerMode (203)
[2017.06.01-20.04.57:778][393]LogModuleManager: Shutting down and abandoning module GeometryMode (202)
[2017.06.01-20.04.57:778][393]LogModuleManager: Shutting down and abandoning module TextureAlignMode (201)
[2017.06.01-20.04.57:778][393]LogModuleManager: Shutting down and abandoning module BspMode (200)
[2017.06.01-20.04.57:778][393]LogModuleManager: Shutting down and abandoning module HardwareSurvey (199)
[2017.06.01-20.04.57:778][393]LogModuleManager: Shutting down and abandoning module SequenceRecorderSections (198)
[2017.06.01-20.04.57:778][393]LogModuleManager: Shutting down and abandoning module SequenceRecorder (197)
[2017.06.01-20.04.57:795][393]LogModuleManager: Shutting down and abandoning module AutomationWorker (196)
[2017.06.01-20.04.57:795][393]LogModuleManager: Shutting down and abandoning module MatineeToLevelSequence (195)
[2017.06.01-20.04.57:795][393]LogModuleManager: Shutting down and abandoning module PlacementMode (194)
[2017.06.01-20.04.57:801][393]LogModuleManager: Shutting down and abandoning module LevelSequenceEditor (193)
[2017.06.01-20.04.57:802][393]LogModuleManager: Shutting down and abandoning module CharacterAI (192)
[2017.06.01-20.04.57:802][393]LogModuleManager: Shutting down and abandoning module SmartSnapping (191)
[2017.06.01-20.04.57:802][393]LogModuleManager: Shutting down and abandoning module SessionServices (190)
[2017.06.01-20.04.57:802][393]LogModuleManager: Shutting down and abandoning module ViewportSnapping (189)
[2017.06.01-20.04.57:802][393]LogModuleManager: Shutting down and abandoning module LogVisualizer (188)
[2017.06.01-20.04.57:812][393]LogModuleManager: Shutting down and abandoning module GameProjectGeneration (187)
[2017.06.01-20.04.57:817][393]LogModuleManager: Shutting down and abandoning module IntroTutorials (186)
[2017.06.01-20.04.57:820][393]LogModuleManager: Shutting down and abandoning module EditorLiveStreaming (185)
[2017.06.01-20.04.57:820][393]LogModuleManager: Shutting down and abandoning module IOSPlatformEditor (184)
[2017.06.01-20.04.57:820][393]LogModuleManager: Shutting down and abandoning module HTML5PlatformEditor (183)
[2017.06.01-20.04.57:820][393]LogModuleManager: Shutting down and abandoning module AndroidDeviceDetection (182)
[2017.06.01-20.04.58:420][393]LogModuleManager: Shutting down and abandoning module AndroidPlatformEditor (181)
[2017.06.01-20.04.58:420][393]LogModuleManager: Shutting down and abandoning module IOSRuntimeSettings (180)
[2017.06.01-20.04.58:420][393]LogModuleManager: Shutting down and abandoning module AndroidRuntimeSettings (179)
[2017.06.01-20.04.58:420][393]LogModuleManager: Shutting down and abandoning module MergeActors (178)
[2017.06.01-20.04.58:440][393]LogModuleManager: Shutting down and abandoning module SizeMap (177)
[2017.06.01-20.04.58:440][393]LogModuleManager: Shutting down and abandoning module TreeMap (176)
[2017.06.01-20.04.58:440][393]LogModuleManager: Shutting down and abandoning module ReferenceViewer (175)
[2017.06.01-20.04.58:440][393]LogModuleManager: Shutting down and abandoning module LocalizationService (174)
[2017.06.01-20.04.58:450][393]LogModuleManager: Shutting down and abandoning module LocalizationDashboard (173)
[2017.06.01-20.04.58:464][393]LogModuleManager: Shutting down and abandoning module HardwareTargeting (172)
[2017.06.01-20.04.58:464][393]LogModuleManager: Shutting down and abandoning module DeviceProfileEditor (171)
[2017.06.01-20.04.58:478][393]LogModuleManager: Shutting down and abandoning module UndoHistory (170)
[2017.06.01-20.04.58:486][393]LogModuleManager: Shutting down and abandoning module UserFeedback (169)
[2017.06.01-20.04.58:486][393]LogModuleManager: Shutting down and abandoning module XmlParser (168)
[2017.06.01-20.04.58:486][393]LogModuleManager: Shutting down and abandoning module Blutility (167)
[2017.06.01-20.04.58:486][393]LogModuleManager: Shutting down and abandoning module ProjectTargetPlatformEditor (166)
[2017.06.01-20.04.58:487][393]LogModuleManager: Shutting down and abandoning module ProjectSettingsViewer (165)
[2017.06.01-20.04.58:487][393]LogModuleManager: Shutting down and abandoning module InputBindingEditor (164)
[2017.06.01-20.04.58:501][393]LogModuleManager: Shutting down and abandoning module EditorSettingsViewer (163)
[2017.06.01-20.04.58:501][393]LogModuleManager: Shutting down and abandoning module SettingsEditor (162)
[2017.06.01-20.04.58:513][393]LogModuleManager: Shutting down and abandoning module ProjectLauncher (161)
[2017.06.01-20.04.58:540][393]LogModuleManager: Shutting down and abandoning module SessionFrontend (160)
[2017.06.01-20.04.58:549][393]LogModuleManager: Shutting down and abandoning module ProfilerClient (159)
[2017.06.01-20.04.58:575][393]LogModuleManager: Shutting down and abandoning module TargetDeviceServices (158)
[2017.06.01-20.04.58:575][393]LogModuleManager: Shutting down and abandoning module DeviceManager (157)
[2017.06.01-20.04.58:644][393]LogModuleManager: Shutting down and abandoning module AutomationController (156)
[2017.06.01-20.04.58:644][393]LogModuleManager: Shutting down and abandoning module AutomationWindow (155)
[2017.06.01-20.04.58:659][393]LogModuleManager: Shutting down and abandoning module Layers (154)
[2017.06.01-20.04.58:675][393]LogModuleManager: Shutting down and abandoning module ComponentVisualizers (153)
[2017.06.01-20.04.58:675][393]LogModuleManager: Shutting down and abandoning module DetailCustomizations (152)
[2017.06.01-20.04.58:700][393]LogModuleManager: Shutting down and abandoning module PackagesDialog (151)
[2017.06.01-20.04.58:725][393]LogModuleManager: Shutting down and abandoning module Persona (150)
[2017.06.01-20.04.58:760][393]LogModuleManager: Shutting down and abandoning module Kismet (149)
[2017.06.01-20.04.58:760][393]LogModuleManager: Shutting down and abandoning module GraphEditor (148)
[2017.06.01-20.04.58:760][393]LogModuleManager: Shutting down and abandoning module ClassViewer (147)
[2017.06.01-20.04.58:782][393]LogModuleManager: Shutting down and abandoning module Toolbox (146)
[2017.06.01-20.04.58:782][393]LogModuleManager: Shutting down and abandoning module ModuleUI (145)
[2017.06.01-20.04.58:801][393]LogModuleManager: Shutting down and abandoning module MovieSceneTools (144)
[2017.06.01-20.04.58:813][393]LogModuleManager: Shutting down and abandoning module OutputLog (143)
[2017.06.01-20.04.58:813][393]LogModuleManager: Shutting down and abandoning module GammaUI (142)
[2017.06.01-20.04.58:839][393]LogModuleManager: Shutting down and abandoning module Documentation (141)
[2017.06.01-20.04.58:840][393]LogModuleManager: Shutting down and abandoning module StreamingPauseRendering (140)
[2017.06.01-20.04.58:840][393]LogModuleManager: Shutting down and abandoning module AnalyticsET (139)
[2017.06.01-20.04.58:840][393]LogModuleManager: Shutting down and abandoning module Analytics (138)
[2017.06.01-20.04.58:840][393]LogModuleManager: Shutting down and abandoning module PortalServices (137)
[2017.06.01-20.04.58:840][393]LogModuleManager: Shutting down and abandoning module PortalRpc (136)
[2017.06.01-20.04.58:840][393]LogModuleManager: Shutting down and abandoning module MessagingRpc (135)
[2017.06.01-20.04.58:840][393]LogModuleManager: Shutting down and abandoning module GameplayDebugger (134)
[2017.06.01-20.04.58:840][393]LogModuleManager: Shutting down and abandoning module AITestSuite (133)
[2017.06.01-20.04.58:840][393]LogModuleManager: Shutting down and abandoning module AIModule (132)
[2017.06.01-20.04.58:840][393]LogModuleManager: Shutting down and abandoning module ProfilerService (131)
[2017.06.01-20.04.59:089][393]LogModuleManager: Shutting down and abandoning module TaskGraph (130)
[2017.06.01-20.04.59:120][393]LogModuleManager: Shutting down and abandoning module SubstanceEditor (129)
[2017.06.01-20.04.59:120][393]LogModuleManager: Shutting down and abandoning module SlateRemote (128)
[2017.06.01-20.04.59:120][393]LogModuleManager: Shutting down and abandoning module SteamVRController (127)
[2017.06.01-20.04.59:120][393]LogModuleManager: Shutting down and abandoning module SteamVR (126)
[2017.06.01-20.04.59:120][393]LogModuleManager: Shutting down and abandoning module ProceduralMeshComponent (125)
[2017.06.01-20.04.59:120][393]LogModuleManager: Shutting down and abandoning module OculusLibrary (124)
[2017.06.01-20.04.59:120][393]LogModuleManager: Shutting down and abandoning module OculusInput (123)
[2017.06.01-20.04.59:120][393]LogModuleManager: Shutting down and abandoning module CustomMeshComponent (122)
[2017.06.01-20.04.59:120][393]LogModuleManager: Shutting down and abandoning module CableComponent (121)
[2017.06.01-20.04.59:120][393]LogModuleManager: Shutting down and abandoning module ArchVisCharacter (120)
[2017.06.01-20.04.59:120][393]LogModuleManager: Shutting down and abandoning module MediaPlayerEditor (119)
[2017.06.01-20.04.59:134][393]LogModuleManager: Shutting down and abandoning module HTML5Networking (118)
[2017.06.01-20.04.59:134][393]LogModuleManager: Shutting down and abandoning module SuperSearch (117)
[2017.06.01-20.04.59:134][393]LogModuleManager: Shutting down and abandoning module SuperSearchEditor (116)
[2017.06.01-20.04.59:134][393]LogModuleManager: Shutting down and abandoning module SpeedTreeImporter (115)
[2017.06.01-20.04.59:134][393]LogModuleManager: Shutting down and abandoning module PluginBrowser (114)
[2017.06.01-20.04.59:134][393]LogModuleManager: Shutting down and abandoning module EpicSurvey (113)
[2017.06.01-20.04.59:134][393]LogModuleManager: Shutting down and abandoning module DesktopPlatform (112)
[2017.06.01-20.04.59:134][393]LogModuleManager: Shutting down and abandoning module VisualStudioSourceCodeAccess (111)
[2017.06.01-20.04.59:134][393]LogModuleManager: Shutting down and abandoning module UObjectPlugin (110)
[2017.06.01-20.04.59:134][393]LogModuleManager: Shutting down and abandoning module SubversionSourceControl (109)
[2017.06.01-20.04.59:134][393]LogModuleManager: Shutting down and abandoning module PerforceSourceControl (108)
[2017.06.01-20.04.59:134][393]LogModuleManager: Shutting down and abandoning module SourceControl (107)
[2017.06.01-20.04.59:134][393]LogModuleManager: Shutting down and abandoning module GitSourceControl (106)
[2017.06.01-20.04.59:134][393]LogModuleManager: Shutting down and abandoning module LightPropagationVolumeEditor (105)
[2017.06.01-20.04.59:134][393]LogModuleManager: Shutting down and abandoning module PaperTiledImporter (104)
[2017.06.01-20.04.59:134][393]LogModuleManager: Shutting down and abandoning module PaperSpriteSheetImporter (103)
[2017.06.01-20.04.59:134][393]LogModuleManager: Shutting down and abandoning module MeshPaint (102)
[2017.06.01-20.04.59:134][393]LogModuleManager: Shutting down and abandoning module PixelInspectorModule (101)
[2017.06.01-20.04.59:134][393]LogModuleManager: Shutting down and abandoning module HotReload (100)
[2017.06.01-20.04.59:151][393]LogModuleManager: Shutting down and abandoning module MainFrame (99)
[2017.06.01-20.04.59:152][393]LogModuleManager: Shutting down and abandoning module LevelEditor (98)
[2017.06.01-20.04.59:152][393]LogModuleManager: Shutting down and abandoning module ContentBrowser (97)
[2017.06.01-20.04.59:153][393]LogModuleManager: Shutting down and abandoning module Paper2DEditor (96)
[2017.06.01-20.04.59:166][393]LogModuleManager: Shutting down and abandoning module UdpMessaging (95)
[2017.06.01-20.04.59:266][393]LogModuleManager: Shutting down and abandoning module SubstanceCore (94)
[2017.06.01-20.04.59:288][393]LogModuleManager: Shutting down and abandoning module LightPropagationVolumeRuntime (93)
[2017.06.01-20.04.59:288][393]LogModuleManager: Shutting down and abandoning module Paper2D (92)
[2017.06.01-20.04.59:288][393]LogModuleManager: Shutting down and abandoning module WindowsMoviePlayer (91)
[2017.06.01-20.04.59:288][393]LogModuleManager: Shutting down and abandoning module Media (90)
[2017.06.01-20.04.59:288][393]LogModuleManager: Shutting down and abandoning module WmfMedia (89)
[2017.06.01-20.04.59:301][393]LogModuleManager: Shutting down and abandoning module MediaAssets (88)
[2017.06.01-20.04.59:302][393]LogModuleManager: Shutting down and abandoning module GameLiveStreaming (87)
[2017.06.01-20.04.59:302][393]LogModuleManager: Shutting down and abandoning module GameplayTagsEditor (86)
[2017.06.01-20.04.59:302][393]LogModuleManager: Shutting down and abandoning module OnlineBlueprintSupport (85)
[2017.06.01-20.04.59:302][393]LogModuleManager: Shutting down and abandoning module VREditor (84)
[2017.06.01-20.04.59:312][393]LogModuleManager: Shutting down and abandoning module GameplayTasksEditor (83)
[2017.06.01-20.04.59:312][393]LogModuleManager: Shutting down and abandoning module PropertyEditor (82)
[2017.06.01-20.04.59:312][393]LogModuleManager: Shutting down and abandoning module BehaviorTreeEditor (81)
[2017.06.01-20.04.59:322][393]LogModuleManager: Shutting down and abandoning module FunctionalTesting (80)
[2017.06.01-20.04.59:336][393]LogModuleManager: Shutting down and abandoning module CollisionAnalyzer (79)
[2017.06.01-20.04.59:352][393]LogModuleManager: Shutting down and abandoning module Sequencer (78)
[2017.06.01-20.04.59:375][393]LogModuleManager: Shutting down and abandoning module WorkspaceMenuStructure (77)
[2017.06.01-20.04.59:375][393]LogModuleManager: Shutting down and abandoning module MessageLog (76)
[2017.06.01-20.04.59:375][393]LogModuleManager: Shutting down and abandoning module AssetTools (75)
[2017.06.01-20.04.59:407][393]LogModuleManager: Shutting down and abandoning module UMGEditor (74)
[2017.06.01-20.04.59:426][393]LogModuleManager: Shutting down and abandoning module UMG (73)
[2017.06.01-20.04.59:426][393]LogModuleManager: Shutting down and abandoning module SlateReflector (72)
[2017.06.01-20.04.59:437][393]LogModuleManager: Shutting down and abandoning module Slate (71)
[2017.06.01-20.04.59:437][393]LogModuleManager: Shutting down and abandoning module EditorStyle (70)
[2017.06.01-20.04.59:441][393]LogModuleManager: Shutting down and abandoning module SourceCodeAccess (69)
[2017.06.01-20.04.59:441][393]LogModuleManager: Shutting down and abandoning module HeadMountedDisplay (68)
[2017.06.01-20.04.59:441][393]LogModuleManager: Shutting down and abandoning module XAudio2 (67)
[2017.06.01-20.04.59:441][393]LogModuleManager: Shutting down and abandoning module Networking (65)
[2017.06.01-20.04.59:441][393]LogModuleManager: Shutting down and abandoning module Core (64)
[2017.06.01-20.04.59:441][393]LogModuleManager: Shutting down and abandoning module DirectoryWatcher (63)
[2017.06.01-20.04.59:443][393]LogModuleManager: Shutting down and abandoning module AssetRegistry (62)
[2017.06.01-20.04.59:717][393]LogModuleManager: Shutting down and abandoning module KismetCompiler (61)
[2017.06.01-20.04.59:717][393]LogModuleManager: Shutting down and abandoning module PhysXFormats (60)
[2017.06.01-20.04.59:717][393]LogModuleManager: Shutting down and abandoning module MeshUtilities (59)
[2017.06.01-20.04.59:726][393]LogModuleManager: Shutting down and abandoning module DerivedDataCache (58)
[2017.06.01-20.04.59:772][393]LogDerivedDataCache: Shutdown
[2017.06.01-20.04.59:772][393]LogModuleManager: Shutting down and abandoning module VulkanShaderFormat (57)
[2017.06.01-20.04.59:772][393]LogModuleManager: Shutting down and abandoning module ShaderFormatOpenGL (56)
[2017.06.01-20.04.59:786][393]LogModuleManager: Shutting down and abandoning module ShaderFormatD3D (55)
[2017.06.01-20.04.59:786][393]LogModuleManager: Shutting down and abandoning module MetalShaderFormat (54)
[2017.06.01-20.04.59:791][393]LogModuleManager: Shutting down and abandoning module TextureFormatUncompressed (53)
[2017.06.01-20.04.59:791][393]LogModuleManager: Shutting down and abandoning module TextureFormatPVR (52)
[2017.06.01-20.04.59:791][393]LogModuleManager: Shutting down and abandoning module TextureFormatIntelISPCTexComp (51)
[2017.06.01-20.04.59:791][393]LogModuleManager: Shutting down and abandoning module TextureFormatDXT (50)
[2017.06.01-20.04.59:791][393]LogModuleManager: Shutting down and abandoning module ImageWrapper (49)
[2017.06.01-20.04.59:792][393]LogModuleManager: Shutting down and abandoning module TextureFormatASTC (48)
[2017.06.01-20.04.59:792][393]LogModuleManager: Shutting down and abandoning module TextureFormatAndroid (47)
[2017.06.01-20.04.59:792][393]LogModuleManager: Shutting down and abandoning module AudioFormatOpus (46)
[2017.06.01-20.04.59:792][393]LogModuleManager: Shutting down and abandoning module AudioFormatOgg (45)
[2017.06.01-20.04.59:792][393]LogModuleManager: Shutting down and abandoning module AudioFormatADPCM (44)
[2017.06.01-20.04.59:792][393]LogModuleManager: Shutting down and abandoning module LinuxTargetPlatform (43)
[2017.06.01-20.04.59:792][393]LogModuleManager: Shutting down and abandoning module LinuxServerTargetPlatform (42)
[2017.06.01-20.04.59:792][393]LogModuleManager: Shutting down and abandoning module LinuxNoEditorTargetPlatform (41)
[2017.06.01-20.04.59:792][393]LogModuleManager: Shutting down and abandoning module TVOSTargetPlatform (40)
[2017.06.01-20.04.59:792][393]LogModuleManager: Shutting down and abandoning module Messaging (39)
[2017.06.01-20.04.59:792][393]LogModuleManager: Shutting down and abandoning module IOSTargetPlatform (38)
[2017.06.01-20.04.59:792][393]LogModuleManager: Shutting down and abandoning module HTML5TargetPlatform (37)
[2017.06.01-20.04.59:792][393]LogModuleManager: Shutting down and abandoning module Android_PVRTCTargetPlatform (36)
[2017.06.01-20.04.59:792][393]LogModuleManager: Shutting down and abandoning module Android_MultiTargetPlatform (35)
[2017.06.01-20.04.59:792][393]LogModuleManager: Shutting down and abandoning module Android_ETC2TargetPlatform (34)
[2017.06.01-20.04.59:792][393]LogModuleManager: Shutting down and abandoning module Android_ETC1TargetPlatform (33)
[2017.06.01-20.04.59:792][393]LogModuleManager: Shutting down and abandoning module Android_DXTTargetPlatform (32)
[2017.06.01-20.04.59:792][393]LogModuleManager: Shutting down and abandoning module Android_ATCTargetPlatform (31)
[2017.06.01-20.04.59:792][393]LogModuleManager: Shutting down and abandoning module Android_ASTCTargetPlatform (30)
[2017.06.01-20.04.59:792][393]LogModuleManager: Shutting down and abandoning module AndroidTargetPlatform (29)
[2017.06.01-20.04.59:792][393]LogModuleManager: Shutting down and abandoning module WindowsTargetPlatform (28)
[2017.06.01-20.04.59:792][393]LogModuleManager: Shutting down and abandoning module WindowsServerTargetPlatform (27)
[2017.06.01-20.04.59:792][393]LogModuleManager: Shutting down and abandoning module WindowsNoEditorTargetPlatform (26)
[2017.06.01-20.04.59:792][393]LogModuleManager: Shutting down and abandoning module WindowsClientTargetPlatform (25)
[2017.06.01-20.04.59:792][393]LogModuleManager: Shutting down and abandoning module AllDesktopTargetPlatform (24)
[2017.06.01-20.04.59:792][393]LogModuleManager: Shutting down and abandoning module TargetPlatform (23)
[2017.06.01-20.04.59:792][393]LogModuleManager: Shutting down and abandoning module InputCore (22)
[2017.06.01-20.04.59:792][393]LogModuleManager: Shutting down and abandoning module Settings (21)
[2017.06.01-20.04.59:792][393]LogModuleManager: Shutting down and abandoning module OnlineSubsystem (19)
[2017.06.01-20.04.59:792][393]LogModuleManager: Shutting down and abandoning module HTTP (18)
[2017.06.01-20.05.02:799][393]LogModuleManager: Shutting down and abandoning module XMPP (17)
[2017.06.01-20.05.03:118][393]LogModuleManager: Shutting down and abandoning module OculusRift (16)
[2017.06.01-20.05.03:143][393]LogModuleManager: Shutting down and abandoning module ExampleDeviceProfileSelector (15)
[2017.06.01-20.05.03:143][393]LogModuleManager: Shutting down and abandoning module TextureCompressor (14)
[2017.06.01-20.05.03:170][393]LogModuleManager: Shutting down and abandoning module ShaderCore (13)
[2017.06.01-20.05.03:170][393]LogModuleManager: Shutting down and abandoning module Landscape (12)
[2017.06.01-20.05.03:170][393]LogModuleManager: Shutting down and abandoning module SlateRHIRenderer (11)
[2017.06.01-20.05.03:309][393]LogModuleManager: Shutting down and abandoning module OpenGLDrv (10)
[2017.06.01-20.05.03:406][393]LogModuleManager: Shutting down and abandoning module D3D11RHI (9)
[2017.06.01-20.05.03:406][393]LogModuleManager: Shutting down and abandoning module AnimGraphRuntime (8)
[2017.06.01-20.05.03:406][393]LogModuleManager: Shutting down and abandoning module Renderer (7)
[2017.06.01-20.05.03:406][393]LogModuleManager: Shutting down and abandoning module Engine (6)
[2017.06.01-20.05.03:406][393]LogModuleManager: Shutting down and abandoning module CoreUObject (5)
[2017.06.01-20.05.03:406][393]LogModuleManager: Shutting down and abandoning module NetworkFile (4)
[2017.06.01-20.05.03:561][393]LogModuleManager: Shutting down and abandoning module StreamingFile (3)
[2017.06.01-20.05.03:561][393]LogModuleManager: Shutting down and abandoning module SandboxFile (2)
[2017.06.01-20.05.03:562][393]LogModuleManager: Shutting down and abandoning module PakFile (1)
[2017.06.01-20.05.04:171][393]LogExit: Exiting.
[2017.06.01-20.05.04:176][393]Log file closed, 06/01/17 16:05:04
